[DEBUG] 2020-10-07 23:44:10.127 [main] IntegratorServiceImpl - Adding Integrator [org.hibernate.cfg.beanvalidation.BeanValidationIntegrator].
[DEBUG] 2020-10-07 23:44:10.155 [main] IntegratorServiceImpl - Adding Integrator [org.hibernate.secure.spi.JaccIntegrator].
[DEBUG] 2020-10-07 23:44:10.171 [main] IntegratorServiceImpl - Adding Integrator [org.hibernate.cache.internal.CollectionCacheInvalidator].
[INFO ] 2020-10-07 23:44:10.535 [main] Version - HHH000412: Hibernate Core {5.4.4.Final}
[DEBUG] 2020-10-07 23:44:10.554 [main] Environment - HHH000206: hibernate.properties not found
[DEBUG] 2020-10-07 23:44:11.301 [main] LocalXmlResourceResolver - Interpreting public/system identifier : [-//Hibernate/Hibernate Configuration DTD//EN] - [http://www.hibernate.org/dtd/hibernate-configuration-3.0.dtd]
[DEBUG] 2020-10-07 23:44:11.302 [main] LocalXmlResourceResolver - Recognized hibernate-configuration identifier; attempting to resolve on classpath under org/hibernate/
[DEBUG] 2020-10-07 23:44:11.328 [main] JaxbCfgProcessor - cfg.xml document did not define namespaces; wrapping in custom event reader to introduce namespace information
[DEBUG] 2020-10-07 23:44:12.189 [main] ServiceBinding - Overriding existing service binding [org.hibernate.secure.spi.JaccService]
[DEBUG] 2020-10-07 23:44:12.232 [main] RegionFactoryInitiator - Cannot default RegionFactory based on registered strategies as `[]` RegionFactory strategies were registered
[DEBUG] 2020-10-07 23:44:12.236 [main] RegionFactoryInitiator - Cache region factory : org.hibernate.cache.internal.NoCachingRegionFactory
[INFO ] 2020-10-07 23:44:12.276 [main] Version - HCANN000001: Hibernate Commons Annotations {5.1.0.Final}
[DEBUG] 2020-10-07 23:44:12.354 [main] BasicTypeRegistry - Adding type registration boolean -> org.hibernate.type.BooleanType@20411320
[DEBUG] 2020-10-07 23:44:12.356 [main] BasicTypeRegistry - Adding type registration boolean -> org.hibernate.type.BooleanType@20411320
[DEBUG] 2020-10-07 23:44:12.356 [main] BasicTypeRegistry - Adding type registration java.lang.Boolean -> org.hibernate.type.BooleanType@20411320
[DEBUG] 2020-10-07 23:44:12.357 [main] BasicTypeRegistry - Adding type registration numeric_boolean -> org.hibernate.type.NumericBooleanType@7f5eae0f
[DEBUG] 2020-10-07 23:44:12.357 [main] BasicTypeRegistry - Adding type registration true_false -> org.hibernate.type.TrueFalseType@b0e5507
[DEBUG] 2020-10-07 23:44:12.358 [main] BasicTypeRegistry - Adding type registration yes_no -> org.hibernate.type.YesNoType@1108adc8
[DEBUG] 2020-10-07 23:44:12.360 [main] BasicTypeRegistry - Adding type registration byte -> org.hibernate.type.ByteType@38a1a26
[DEBUG] 2020-10-07 23:44:12.360 [main] BasicTypeRegistry - Adding type registration byte -> org.hibernate.type.ByteType@38a1a26
[DEBUG] 2020-10-07 23:44:12.360 [main] BasicTypeRegistry - Adding type registration java.lang.Byte -> org.hibernate.type.ByteType@38a1a26
[DEBUG] 2020-10-07 23:44:12.365 [main] BasicTypeRegistry - Adding type registration character -> org.hibernate.type.CharacterType@2eb917d0
[DEBUG] 2020-10-07 23:44:12.366 [main] BasicTypeRegistry - Adding type registration char -> org.hibernate.type.CharacterType@2eb917d0
[DEBUG] 2020-10-07 23:44:12.366 [main] BasicTypeRegistry - Adding type registration java.lang.Character -> org.hibernate.type.CharacterType@2eb917d0
[DEBUG] 2020-10-07 23:44:12.367 [main] BasicTypeRegistry - Adding type registration short -> org.hibernate.type.ShortType@12ffd1de
[DEBUG] 2020-10-07 23:44:12.367 [main] BasicTypeRegistry - Adding type registration short -> org.hibernate.type.ShortType@12ffd1de
[DEBUG] 2020-10-07 23:44:12.367 [main] BasicTypeRegistry - Adding type registration java.lang.Short -> org.hibernate.type.ShortType@12ffd1de
[DEBUG] 2020-10-07 23:44:12.368 [main] BasicTypeRegistry - Adding type registration integer -> org.hibernate.type.IntegerType@71d8cfe7
[DEBUG] 2020-10-07 23:44:12.368 [main] BasicTypeRegistry - Adding type registration int -> org.hibernate.type.IntegerType@71d8cfe7
[DEBUG] 2020-10-07 23:44:12.368 [main] BasicTypeRegistry - Adding type registration java.lang.Integer -> org.hibernate.type.IntegerType@71d8cfe7
[DEBUG] 2020-10-07 23:44:12.369 [main] BasicTypeRegistry - Adding type registration long -> org.hibernate.type.LongType@54bca971
[DEBUG] 2020-10-07 23:44:12.369 [main] BasicTypeRegistry - Adding type registration long -> org.hibernate.type.LongType@54bca971
[DEBUG] 2020-10-07 23:44:12.372 [main] BasicTypeRegistry - Adding type registration java.lang.Long -> org.hibernate.type.LongType@54bca971
[DEBUG] 2020-10-07 23:44:12.374 [main] BasicTypeRegistry - Adding type registration float -> org.hibernate.type.FloatType@11b377c5
[DEBUG] 2020-10-07 23:44:12.374 [main] BasicTypeRegistry - Adding type registration float -> org.hibernate.type.FloatType@11b377c5
[DEBUG] 2020-10-07 23:44:12.374 [main] BasicTypeRegistry - Adding type registration java.lang.Float -> org.hibernate.type.FloatType@11b377c5
[DEBUG] 2020-10-07 23:44:12.375 [main] BasicTypeRegistry - Adding type registration double -> org.hibernate.type.DoubleType@23f3dbf0
[DEBUG] 2020-10-07 23:44:12.375 [main] BasicTypeRegistry - Adding type registration double -> org.hibernate.type.DoubleType@23f3dbf0
[DEBUG] 2020-10-07 23:44:12.376 [main] BasicTypeRegistry - Adding type registration java.lang.Double -> org.hibernate.type.DoubleType@23f3dbf0
[DEBUG] 2020-10-07 23:44:12.376 [main] BasicTypeRegistry - Adding type registration big_decimal -> org.hibernate.type.BigDecimalType@20a05b32
[DEBUG] 2020-10-07 23:44:12.376 [main] BasicTypeRegistry - Adding type registration java.math.BigDecimal -> org.hibernate.type.BigDecimalType@20a05b32
[DEBUG] 2020-10-07 23:44:12.377 [main] BasicTypeRegistry - Adding type registration big_integer -> org.hibernate.type.BigIntegerType@763cf5b9
[DEBUG] 2020-10-07 23:44:12.377 [main] BasicTypeRegistry - Adding type registration java.math.BigInteger -> org.hibernate.type.BigIntegerType@763cf5b9
[DEBUG] 2020-10-07 23:44:12.380 [main] BasicTypeRegistry - Adding type registration string -> org.hibernate.type.StringType@3c35c345
[DEBUG] 2020-10-07 23:44:12.381 [main] BasicTypeRegistry - Adding type registration java.lang.String -> org.hibernate.type.StringType@3c35c345
[DEBUG] 2020-10-07 23:44:12.381 [main] BasicTypeRegistry - Adding type registration nstring -> org.hibernate.type.StringNVarcharType@1dc76fa1
[DEBUG] 2020-10-07 23:44:12.381 [main] BasicTypeRegistry - Adding type registration ncharacter -> org.hibernate.type.CharacterNCharType@4f3e7344
[DEBUG] 2020-10-07 23:44:12.384 [main] BasicTypeRegistry - Adding type registration url -> org.hibernate.type.UrlType@782bf610
[DEBUG] 2020-10-07 23:44:12.385 [main] BasicTypeRegistry - Adding type registration java.net.URL -> org.hibernate.type.UrlType@782bf610
[DEBUG] 2020-10-07 23:44:12.386 [main] BasicTypeRegistry - Adding type registration Duration -> org.hibernate.type.DurationType@10895b16
[DEBUG] 2020-10-07 23:44:12.386 [main] BasicTypeRegistry - Adding type registration java.time.Duration -> org.hibernate.type.DurationType@10895b16
[DEBUG] 2020-10-07 23:44:12.400 [main] BasicTypeRegistry - Adding type registration Instant -> org.hibernate.type.InstantType@3964d79
[DEBUG] 2020-10-07 23:44:12.401 [main] BasicTypeRegistry - Adding type registration java.time.Instant -> org.hibernate.type.InstantType@3964d79
[DEBUG] 2020-10-07 23:44:12.402 [main] BasicTypeRegistry - Adding type registration LocalDateTime -> org.hibernate.type.LocalDateTimeType@4acb2510
[DEBUG] 2020-10-07 23:44:12.403 [main] BasicTypeRegistry - Adding type registration java.time.LocalDateTime -> org.hibernate.type.LocalDateTimeType@4acb2510
[DEBUG] 2020-10-07 23:44:12.404 [main] BasicTypeRegistry - Adding type registration LocalDate -> org.hibernate.type.LocalDateType@7a904f32
[DEBUG] 2020-10-07 23:44:12.404 [main] BasicTypeRegistry - Adding type registration java.time.LocalDate -> org.hibernate.type.LocalDateType@7a904f32
[DEBUG] 2020-10-07 23:44:12.405 [main] BasicTypeRegistry - Adding type registration LocalTime -> org.hibernate.type.LocalTimeType@4339e0de
[DEBUG] 2020-10-07 23:44:12.405 [main] BasicTypeRegistry - Adding type registration java.time.LocalTime -> org.hibernate.type.LocalTimeType@4339e0de
[DEBUG] 2020-10-07 23:44:12.407 [main] BasicTypeRegistry - Adding type registration OffsetDateTime -> org.hibernate.type.OffsetDateTimeType@27b2faa6
[DEBUG] 2020-10-07 23:44:12.408 [main] BasicTypeRegistry - Adding type registration java.time.OffsetDateTime -> org.hibernate.type.OffsetDateTimeType@27b2faa6
[DEBUG] 2020-10-07 23:44:12.409 [main] BasicTypeRegistry - Adding type registration OffsetTime -> org.hibernate.type.OffsetTimeType@75a118e6
[DEBUG] 2020-10-07 23:44:12.409 [main] BasicTypeRegistry - Adding type registration java.time.OffsetTime -> org.hibernate.type.OffsetTimeType@75a118e6
[DEBUG] 2020-10-07 23:44:12.411 [main] BasicTypeRegistry - Adding type registration ZonedDateTime -> org.hibernate.type.ZonedDateTimeType@7be71476
[DEBUG] 2020-10-07 23:44:12.411 [main] BasicTypeRegistry - Adding type registration java.time.ZonedDateTime -> org.hibernate.type.ZonedDateTimeType@7be71476
[DEBUG] 2020-10-07 23:44:12.412 [main] BasicTypeRegistry - Adding type registration date -> org.hibernate.type.DateType@67fc2aad
[DEBUG] 2020-10-07 23:44:12.413 [main] BasicTypeRegistry - Adding type registration java.sql.Date -> org.hibernate.type.DateType@67fc2aad
[DEBUG] 2020-10-07 23:44:12.413 [main] BasicTypeRegistry - Adding type registration time -> org.hibernate.type.TimeType@39fa8ad2
[DEBUG] 2020-10-07 23:44:12.414 [main] BasicTypeRegistry - Adding type registration java.sql.Time -> org.hibernate.type.TimeType@39fa8ad2
[DEBUG] 2020-10-07 23:44:12.415 [main] BasicTypeRegistry - Adding type registration timestamp -> org.hibernate.type.TimestampType@33a3c44a
[DEBUG] 2020-10-07 23:44:12.415 [main] BasicTypeRegistry - Adding type registration java.sql.Timestamp -> org.hibernate.type.TimestampType@33a3c44a
[DEBUG] 2020-10-07 23:44:12.415 [main] BasicTypeRegistry - Adding type registration java.util.Date -> org.hibernate.type.TimestampType@33a3c44a
[DEBUG] 2020-10-07 23:44:12.417 [main] BasicTypeRegistry - Adding type registration dbtimestamp -> org.hibernate.type.DbTimestampType@93f432e
[DEBUG] 2020-10-07 23:44:12.418 [main] BasicTypeRegistry - Adding type registration calendar -> org.hibernate.type.CalendarType@58cf8f94
[DEBUG] 2020-10-07 23:44:12.418 [main] BasicTypeRegistry - Adding type registration java.util.Calendar -> org.hibernate.type.CalendarType@58cf8f94
[DEBUG] 2020-10-07 23:44:12.418 [main] BasicTypeRegistry - Adding type registration java.util.GregorianCalendar -> org.hibernate.type.CalendarType@58cf8f94
[DEBUG] 2020-10-07 23:44:12.419 [main] BasicTypeRegistry - Adding type registration calendar_date -> org.hibernate.type.CalendarDateType@4554de02
[DEBUG] 2020-10-07 23:44:12.421 [main] BasicTypeRegistry - Adding type registration locale -> org.hibernate.type.LocaleType@58496c97
[DEBUG] 2020-10-07 23:44:12.421 [main] BasicTypeRegistry - Adding type registration java.util.Locale -> org.hibernate.type.LocaleType@58496c97
[DEBUG] 2020-10-07 23:44:12.422 [main] BasicTypeRegistry - Adding type registration currency -> org.hibernate.type.CurrencyType@6ecab872
[DEBUG] 2020-10-07 23:44:12.423 [main] BasicTypeRegistry - Adding type registration java.util.Currency -> org.hibernate.type.CurrencyType@6ecab872
[DEBUG] 2020-10-07 23:44:12.423 [main] BasicTypeRegistry - Adding type registration timezone -> org.hibernate.type.TimeZoneType@6d025d1d
[DEBUG] 2020-10-07 23:44:12.424 [main] BasicTypeRegistry - Adding type registration java.util.TimeZone -> org.hibernate.type.TimeZoneType@6d025d1d
[DEBUG] 2020-10-07 23:44:12.428 [main] BasicTypeRegistry - Adding type registration class -> org.hibernate.type.ClassType@7479b626
[DEBUG] 2020-10-07 23:44:12.428 [main] BasicTypeRegistry - Adding type registration java.lang.Class -> org.hibernate.type.ClassType@7479b626
[DEBUG] 2020-10-07 23:44:12.433 [main] BasicTypeRegistry - Adding type registration uuid-binary -> org.hibernate.type.UUIDBinaryType@17a703f5
[DEBUG] 2020-10-07 23:44:12.433 [main] BasicTypeRegistry - Adding type registration java.util.UUID -> org.hibernate.type.UUIDBinaryType@17a703f5
[DEBUG] 2020-10-07 23:44:12.433 [main] BasicTypeRegistry - Adding type registration uuid-char -> org.hibernate.type.UUIDCharType@3531f3ca
[DEBUG] 2020-10-07 23:44:12.435 [main] BasicTypeRegistry - Adding type registration binary -> org.hibernate.type.BinaryType@3eabe84a
[DEBUG] 2020-10-07 23:44:12.436 [main] BasicTypeRegistry - Adding type registration byte[] -> org.hibernate.type.BinaryType@3eabe84a
[DEBUG] 2020-10-07 23:44:12.436 [main] BasicTypeRegistry - Adding type registration [B -> org.hibernate.type.BinaryType@3eabe84a
[DEBUG] 2020-10-07 23:44:12.439 [main] BasicTypeRegistry - Adding type registration wrapper-binary -> org.hibernate.type.WrapperBinaryType@6fd12c5
[DEBUG] 2020-10-07 23:44:12.440 [main] BasicTypeRegistry - Adding type registration Byte[] -> org.hibernate.type.WrapperBinaryType@6fd12c5
[DEBUG] 2020-10-07 23:44:12.440 [main] BasicTypeRegistry - Adding type registration [Ljava.lang.Byte; -> org.hibernate.type.WrapperBinaryType@6fd12c5
[DEBUG] 2020-10-07 23:44:12.441 [main] BasicTypeRegistry - Adding type registration row_version -> org.hibernate.type.RowVersionType@149debbb
[DEBUG] 2020-10-07 23:44:12.443 [main] BasicTypeRegistry - Adding type registration image -> org.hibernate.type.ImageType@41522537
[DEBUG] 2020-10-07 23:44:12.444 [main] BasicTypeRegistry - Adding type registration characters -> org.hibernate.type.CharArrayType@42c28305
[DEBUG] 2020-10-07 23:44:12.444 [main] BasicTypeRegistry - Adding type registration char[] -> org.hibernate.type.CharArrayType@42c28305
[DEBUG] 2020-10-07 23:44:12.444 [main] BasicTypeRegistry - Adding type registration [C -> org.hibernate.type.CharArrayType@42c28305
[DEBUG] 2020-10-07 23:44:12.446 [main] BasicTypeRegistry - Adding type registration wrapper-characters -> org.hibernate.type.CharacterArrayType@6ba30587
[DEBUG] 2020-10-07 23:44:12.446 [main] BasicTypeRegistry - Adding type registration [Ljava.lang.Character; -> org.hibernate.type.CharacterArrayType@6ba30587
[DEBUG] 2020-10-07 23:44:12.446 [main] BasicTypeRegistry - Adding type registration Character[] -> org.hibernate.type.CharacterArrayType@6ba30587
[DEBUG] 2020-10-07 23:44:12.449 [main] BasicTypeRegistry - Adding type registration text -> org.hibernate.type.TextType@2eadc9f6
[DEBUG] 2020-10-07 23:44:12.449 [main] BasicTypeRegistry - Adding type registration ntext -> org.hibernate.type.NTextType@778d82e9
[DEBUG] 2020-10-07 23:44:12.452 [main] BasicTypeRegistry - Adding type registration blob -> org.hibernate.type.BlobType@700f518a
[DEBUG] 2020-10-07 23:44:12.452 [main] BasicTypeRegistry - Adding type registration java.sql.Blob -> org.hibernate.type.BlobType@700f518a
[DEBUG] 2020-10-07 23:44:12.454 [main] BasicTypeRegistry - Adding type registration materialized_blob -> org.hibernate.type.MaterializedBlobType@260ff5b7
[DEBUG] 2020-10-07 23:44:12.456 [main] BasicTypeRegistry - Adding type registration clob -> org.hibernate.type.ClobType@7139bd31
[DEBUG] 2020-10-07 23:44:12.456 [main] BasicTypeRegistry - Adding type registration java.sql.Clob -> org.hibernate.type.ClobType@7139bd31
[DEBUG] 2020-10-07 23:44:12.460 [main] BasicTypeRegistry - Adding type registration nclob -> org.hibernate.type.NClobType@6778aea6
[DEBUG] 2020-10-07 23:44:12.461 [main] BasicTypeRegistry - Adding type registration java.sql.NClob -> org.hibernate.type.NClobType@6778aea6
[DEBUG] 2020-10-07 23:44:12.462 [main] BasicTypeRegistry - Adding type registration materialized_clob -> org.hibernate.type.MaterializedClobType@5853495b
[DEBUG] 2020-10-07 23:44:12.462 [main] BasicTypeRegistry - Adding type registration materialized_nclob -> org.hibernate.type.MaterializedNClobType@7173ae5b
[DEBUG] 2020-10-07 23:44:12.464 [main] BasicTypeRegistry - Adding type registration serializable -> org.hibernate.type.SerializableType@1290c49
[DEBUG] 2020-10-07 23:44:12.468 [main] BasicTypeRegistry - Adding type registration object -> org.hibernate.type.ObjectType@57402ba1
[DEBUG] 2020-10-07 23:44:12.468 [main] BasicTypeRegistry - Adding type registration java.lang.Object -> org.hibernate.type.ObjectType@57402ba1
[DEBUG] 2020-10-07 23:44:12.468 [main] BasicTypeRegistry - Adding type registration imm_date -> org.hibernate.type.AdaptedImmutableType@5c534b5b
[DEBUG] 2020-10-07 23:44:12.469 [main] BasicTypeRegistry - Adding type registration imm_time -> org.hibernate.type.AdaptedImmutableType@396639b
[DEBUG] 2020-10-07 23:44:12.473 [main] BasicTypeRegistry - Adding type registration imm_timestamp -> org.hibernate.type.AdaptedImmutableType@2b22a1cc
[DEBUG] 2020-10-07 23:44:12.473 [main] BasicTypeRegistry - Adding type registration imm_dbtimestamp -> org.hibernate.type.AdaptedImmutableType@62573c86
[DEBUG] 2020-10-07 23:44:12.473 [main] BasicTypeRegistry - Adding type registration imm_calendar -> org.hibernate.type.AdaptedImmutableType@2418ba04
[DEBUG] 2020-10-07 23:44:12.473 [main] BasicTypeRegistry - Adding type registration imm_calendar_date -> org.hibernate.type.AdaptedImmutableType@14229fa7
[DEBUG] 2020-10-07 23:44:12.473 [main] BasicTypeRegistry - Adding type registration imm_binary -> org.hibernate.type.AdaptedImmutableType@2ab0702e
[DEBUG] 2020-10-07 23:44:12.473 [main] BasicTypeRegistry - Adding type registration imm_serializable -> org.hibernate.type.AdaptedImmutableType@7158daf2
[DEBUG] 2020-10-07 23:44:12.530 [main] DefaultIdentifierGeneratorFactory - Registering IdentifierGenerator strategy [uuid2] -> [org.hibernate.id.UUIDGenerator]
[DEBUG] 2020-10-07 23:44:12.533 [main] DefaultIdentifierGeneratorFactory - Registering IdentifierGenerator strategy [guid] -> [org.hibernate.id.GUIDGenerator]
[DEBUG] 2020-10-07 23:44:12.533 [main] DefaultIdentifierGeneratorFactory - Registering IdentifierGenerator strategy [uuid] -> [org.hibernate.id.UUIDHexGenerator]
[DEBUG] 2020-10-07 23:44:12.534 [main] DefaultIdentifierGeneratorFactory - Registering IdentifierGenerator strategy [uuid.hex] -> [org.hibernate.id.UUIDHexGenerator]
[DEBUG] 2020-10-07 23:44:12.536 [main] DefaultIdentifierGeneratorFactory - Registering IdentifierGenerator strategy [assigned] -> [org.hibernate.id.Assigned]
[DEBUG] 2020-10-07 23:44:12.537 [main] DefaultIdentifierGeneratorFactory - Registering IdentifierGenerator strategy [identity] -> [org.hibernate.id.IdentityGenerator]
[DEBUG] 2020-10-07 23:44:12.537 [main] DefaultIdentifierGeneratorFactory - Registering IdentifierGenerator strategy [select] -> [org.hibernate.id.SelectGenerator]
[DEBUG] 2020-10-07 23:44:12.539 [main] DefaultIdentifierGeneratorFactory - Registering IdentifierGenerator strategy [sequence] -> [org.hibernate.id.enhanced.SequenceStyleGenerator]
[DEBUG] 2020-10-07 23:44:12.539 [main] DefaultIdentifierGeneratorFactory - Registering IdentifierGenerator strategy [seqhilo] -> [org.hibernate.id.SequenceHiLoGenerator]
[DEBUG] 2020-10-07 23:44:12.540 [main] DefaultIdentifierGeneratorFactory - Registering IdentifierGenerator strategy [increment] -> [org.hibernate.id.IncrementGenerator]
[DEBUG] 2020-10-07 23:44:12.540 [main] DefaultIdentifierGeneratorFactory - Registering IdentifierGenerator strategy [foreign] -> [org.hibernate.id.ForeignGenerator]
[DEBUG] 2020-10-07 23:44:12.540 [main] DefaultIdentifierGeneratorFactory - Registering IdentifierGenerator strategy [sequence-identity] -> [org.hibernate.id.SequenceIdentityGenerator]
[DEBUG] 2020-10-07 23:44:12.540 [main] DefaultIdentifierGeneratorFactory - Registering IdentifierGenerator strategy [enhanced-sequence] -> [org.hibernate.id.enhanced.SequenceStyleGenerator]
[DEBUG] 2020-10-07 23:44:12.541 [main] DefaultIdentifierGeneratorFactory - Registering IdentifierGenerator strategy [enhanced-table] -> [org.hibernate.id.enhanced.TableGenerator]
[INFO ] 2020-10-07 23:44:12.555 [main] C3P0ConnectionProvider - HHH010002: C3P0 using driver: com.mysql.cj.jdbc.Driver at URL: jdbc:mysql://localhost:3306/wedding
[INFO ] 2020-10-07 23:44:12.556 [main] C3P0ConnectionProvider - HHH10001001: Connection properties: {password=****, user=root}
[INFO ] 2020-10-07 23:44:12.556 [main] C3P0ConnectionProvider - HHH10001003: Autocommit mode: false
[INFO ] 2020-10-07 23:44:12.852 [main] C3P0ConnectionProvider - HHH10001007: JDBC isolation level: <unknown>
[DEBUG] 2020-10-07 23:44:14.204 [main] JdbcEnvironmentInitiator - Database ->
       name : MySQL
    version : 8.0.21
      major : 8
      minor : 0
[DEBUG] 2020-10-07 23:44:14.212 [main] JdbcEnvironmentInitiator - Driver ->
       name : MySQL Connector/J
    version : mysql-connector-java-8.0.16 (Revision: 34cbc6bc61f72836e26327537a432d6db7c77de6)
      major : 8
      minor : 0
[DEBUG] 2020-10-07 23:44:14.214 [main] JdbcEnvironmentInitiator - JDBC version : 4.2
[INFO ] 2020-10-07 23:44:14.342 [main] Dialect - HHH000400: Using dialect: org.hibernate.dialect.MySQL8Dialect
[DEBUG] 2020-10-07 23:44:14.396 [main] IdentifierHelperBuilder - JDBC driver metadata reported database stores quoted identifiers in more than one case
[DEBUG] 2020-10-07 23:44:14.459 [main] IdentifierHelperBuilder - IdentifierCaseStrategy for both quoted and unquoted identifiers was set to the same strategy [MIXED]; that will likely lead to problems in schema update and validation if using quoted identifiers
[DEBUG] 2020-10-07 23:44:14.539 [main] Namespace - Created database namespace [logicalName=Name{catalog=null, schema=null}, physicalName=Name{catalog=null, schema=null}]
[DEBUG] 2020-10-07 23:44:14.551 [main] TypeConfiguration$Scope - Scoping TypeConfiguration [org.hibernate.type.spi.TypeConfiguration@593a6726] to MetadataBuildingContext [org.hibernate.boot.internal.MetadataBuildingContextRootImpl@596a7f44]
[DEBUG] 2020-10-07 23:44:14.658 [main] AnnotationBinder - Binding entity from annotated class: edu.matc.entity.User
[DEBUG] 2020-10-07 23:44:14.767 [main] Ejb3Column - Binding column: Ejb3DiscriminatorColumn{logicalColumnName'DTYPE', discriminatorTypeName='string'}
[DEBUG] 2020-10-07 23:44:14.783 [main] EntityBinder - Import with entity name User
[DEBUG] 2020-10-07 23:44:14.791 [main] EntityBinder - Bind entity edu.matc.entity.User on table user
[DEBUG] 2020-10-07 23:44:14.880 [main] Ejb3Column - Binding column: Ejb3Column{table=org.hibernate.mapping.Table(user), mappingColumn=id, insertable=true, updatable=true, unique=false}
[DEBUG] 2020-10-07 23:44:14.883 [main] PropertyBinder - MetadataSourceProcessor property id with lazy=false
[DEBUG] 2020-10-07 23:44:14.890 [main] AbstractPropertyHolder - Attempting to locate auto-apply AttributeConverter for property [edu.matc.entity.User:id]
[DEBUG] 2020-10-07 23:44:14.892 [main] SimpleValueBinder - building SimpleValue for id
[DEBUG] 2020-10-07 23:44:14.896 [main] PropertyBinder - Building property id
[DEBUG] 2020-10-07 23:44:14.907 [main] BinderHelper - #makeIdGenerator(org.hibernate.mapping.SimpleValue([org.hibernate.mapping.Column(id)]), id, org.hibernate.id.enhanced.SequenceStyleGenerator, native, ...)
[DEBUG] 2020-10-07 23:44:14.908 [main] Ejb3Column - Binding column: Ejb3JoinColumn{logicalColumnName='null', referencedColumn='null', mappedBy='user'}
[DEBUG] 2020-10-07 23:44:14.909 [main] Ejb3Column - Binding column: Ejb3Column{table=org.hibernate.mapping.Table(user), mappingColumn=events, insertable=true, updatable=true, unique=false}
[DEBUG] 2020-10-07 23:44:14.914 [main] Ejb3Column - Binding column: Ejb3Column{table=org.hibernate.mapping.Table(user), mappingColumn=null, insertable=true, updatable=true, unique=false}
[DEBUG] 2020-10-07 23:44:14.931 [main] Ejb3Column - Binding column: Ejb3Column{table=org.hibernate.mapping.Table(user), mappingColumn=element, insertable=true, updatable=true, unique=false}
[DEBUG] 2020-10-07 23:44:14.931 [main] Ejb3Column - Binding column: Ejb3Column{table=org.hibernate.mapping.Table(user), mappingColumn=events_KEY, insertable=true, updatable=true, unique=false}
[DEBUG] 2020-10-07 23:44:14.931 [main] Ejb3Column - Binding column: Ejb3JoinColumn{logicalColumnName='events_KEY', referencedColumn='null', mappedBy='null'}
[DEBUG] 2020-10-07 23:44:14.933 [main] Ejb3Column - Binding column: Ejb3JoinColumn{logicalColumnName='null', referencedColumn='null', mappedBy='user'}
[DEBUG] 2020-10-07 23:44:14.933 [main] Ejb3Column - Binding column: Ejb3JoinColumn{logicalColumnName='null', referencedColumn='null', mappedBy='user'}
[DEBUG] 2020-10-07 23:44:14.937 [main] CollectionBinder - Collection role: edu.matc.entity.User.events
[DEBUG] 2020-10-07 23:44:14.941 [main] PropertyBinder - Building property events
[DEBUG] 2020-10-07 23:44:14.942 [main] Ejb3Column - Binding column: Ejb3Column{table=org.hibernate.mapping.Table(user), mappingColumn=first_name, insertable=true, updatable=true, unique=false}
[DEBUG] 2020-10-07 23:44:14.944 [main] PropertyBinder - MetadataSourceProcessor property firstName with lazy=false
[DEBUG] 2020-10-07 23:44:14.944 [main] AbstractPropertyHolder - Attempting to locate auto-apply AttributeConverter for property [edu.matc.entity.User:firstName]
[DEBUG] 2020-10-07 23:44:14.948 [main] SimpleValueBinder - building SimpleValue for firstName
[DEBUG] 2020-10-07 23:44:14.950 [main] PropertyBinder - Building property firstName
[DEBUG] 2020-10-07 23:44:14.950 [main] Ejb3Column - Binding column: Ejb3Column{table=org.hibernate.mapping.Table(user), mappingColumn=last_name, insertable=true, updatable=true, unique=false}
[DEBUG] 2020-10-07 23:44:14.950 [main] PropertyBinder - MetadataSourceProcessor property lastName with lazy=false
[DEBUG] 2020-10-07 23:44:14.950 [main] AbstractPropertyHolder - Attempting to locate auto-apply AttributeConverter for property [edu.matc.entity.User:lastName]
[DEBUG] 2020-10-07 23:44:14.951 [main] SimpleValueBinder - building SimpleValue for lastName
[DEBUG] 2020-10-07 23:44:14.951 [main] PropertyBinder - Building property lastName
[DEBUG] 2020-10-07 23:44:14.951 [main] Ejb3Column - Binding column: Ejb3Column{table=org.hibernate.mapping.Table(user), mappingColumn=user_name, insertable=true, updatable=true, unique=false}
[DEBUG] 2020-10-07 23:44:14.951 [main] PropertyBinder - MetadataSourceProcessor property userName with lazy=false
[DEBUG] 2020-10-07 23:44:14.951 [main] AbstractPropertyHolder - Attempting to locate auto-apply AttributeConverter for property [edu.matc.entity.User:userName]
[DEBUG] 2020-10-07 23:44:14.951 [main] SimpleValueBinder - building SimpleValue for userName
[DEBUG] 2020-10-07 23:44:14.951 [main] PropertyBinder - Building property userName
[DEBUG] 2020-10-07 23:44:14.951 [main] Ejb3Column - Binding column: Ejb3Column{table=org.hibernate.mapping.Table(user), mappingColumn=wedding_date, insertable=true, updatable=true, unique=false}
[DEBUG] 2020-10-07 23:44:14.951 [main] PropertyBinder - MetadataSourceProcessor property weddingDate with lazy=false
[DEBUG] 2020-10-07 23:44:14.951 [main] AbstractPropertyHolder - Attempting to locate auto-apply AttributeConverter for property [edu.matc.entity.User:weddingDate]
[DEBUG] 2020-10-07 23:44:14.951 [main] SimpleValueBinder - building SimpleValue for weddingDate
[DEBUG] 2020-10-07 23:44:14.952 [main] PropertyBinder - Building property weddingDate
[DEBUG] 2020-10-07 23:44:14.955 [main] AnnotationBinder - Binding entity from annotated class: edu.matc.entity.Event
[DEBUG] 2020-10-07 23:44:14.960 [main] Ejb3Column - Binding column: Ejb3DiscriminatorColumn{logicalColumnName'DTYPE', discriminatorTypeName='string'}
[DEBUG] 2020-10-07 23:44:14.961 [main] EntityBinder - Import with entity name Event
[DEBUG] 2020-10-07 23:44:14.961 [main] EntityBinder - Bind entity edu.matc.entity.Event on table events
[DEBUG] 2020-10-07 23:44:14.964 [main] Ejb3Column - Binding column: Ejb3Column{table=org.hibernate.mapping.Table(events), mappingColumn=id, insertable=true, updatable=true, unique=false}
[DEBUG] 2020-10-07 23:44:14.965 [main] PropertyBinder - MetadataSourceProcessor property id with lazy=false
[DEBUG] 2020-10-07 23:44:14.969 [main] AbstractPropertyHolder - Attempting to locate auto-apply AttributeConverter for property [edu.matc.entity.Event:id]
[DEBUG] 2020-10-07 23:44:14.970 [main] SimpleValueBinder - building SimpleValue for id
[DEBUG] 2020-10-07 23:44:14.970 [main] PropertyBinder - Building property id
[DEBUG] 2020-10-07 23:44:14.971 [main] BinderHelper - #makeIdGenerator(org.hibernate.mapping.SimpleValue([org.hibernate.mapping.Column(id)]), id, org.hibernate.id.enhanced.SequenceStyleGenerator, native, ...)
[DEBUG] 2020-10-07 23:44:14.971 [main] Ejb3Column - Binding column: Ejb3Column{table=org.hibernate.mapping.Table(events), mappingColumn=budget, insertable=true, updatable=true, unique=false}
[DEBUG] 2020-10-07 23:44:14.972 [main] PropertyBinder - MetadataSourceProcessor property budget with lazy=false
[DEBUG] 2020-10-07 23:44:14.972 [main] AbstractPropertyHolder - Attempting to locate auto-apply AttributeConverter for property [edu.matc.entity.Event:budget]
[DEBUG] 2020-10-07 23:44:14.972 [main] SimpleValueBinder - building SimpleValue for budget
[DEBUG] 2020-10-07 23:44:14.972 [main] PropertyBinder - Building property budget
[DEBUG] 2020-10-07 23:44:14.972 [main] Ejb3Column - Binding column: Ejb3Column{table=org.hibernate.mapping.Table(events), mappingColumn=location, insertable=true, updatable=true, unique=false}
[DEBUG] 2020-10-07 23:44:14.972 [main] PropertyBinder - MetadataSourceProcessor property location with lazy=false
[DEBUG] 2020-10-07 23:44:14.972 [main] AbstractPropertyHolder - Attempting to locate auto-apply AttributeConverter for property [edu.matc.entity.Event:location]
[DEBUG] 2020-10-07 23:44:14.972 [main] SimpleValueBinder - building SimpleValue for location
[DEBUG] 2020-10-07 23:44:14.975 [main] PropertyBinder - Building property location
[DEBUG] 2020-10-07 23:44:14.975 [main] Ejb3Column - Binding column: Ejb3JoinColumn{logicalColumnName='null', referencedColumn='null', mappedBy='null'}
[DEBUG] 2020-10-07 23:44:14.975 [main] Ejb3Column - Binding column: Ejb3Column{table=org.hibernate.mapping.Table(events), mappingColumn=user, insertable=true, updatable=true, unique=false}
[DEBUG] 2020-10-07 23:44:14.982 [main] PropertyBinder - Building property user
[DEBUG] 2020-10-07 23:44:14.985 [main] SimpleValueBinder - Starting fillSimpleValue for id
[DEBUG] 2020-10-07 23:44:14.985 [main] SimpleValueBinder - Starting fillSimpleValue for firstName
[DEBUG] 2020-10-07 23:44:14.988 [main] SimpleValueBinder - Starting fillSimpleValue for lastName
[DEBUG] 2020-10-07 23:44:14.988 [main] SimpleValueBinder - Starting fillSimpleValue for userName
[DEBUG] 2020-10-07 23:44:14.988 [main] SimpleValueBinder - Starting fillSimpleValue for weddingDate
[DEBUG] 2020-10-07 23:44:14.988 [main] SimpleValueBinder - Starting fillSimpleValue for id
[DEBUG] 2020-10-07 23:44:14.988 [main] SimpleValueBinder - Starting fillSimpleValue for budget
[DEBUG] 2020-10-07 23:44:14.989 [main] SimpleValueBinder - Starting fillSimpleValue for location
[DEBUG] 2020-10-07 23:44:14.999 [main] PrimaryKey - Forcing column [id] to be non-null as it is part of the primary key for table [user]
[DEBUG] 2020-10-07 23:44:15.000 [main] PrimaryKey - Forcing column [id] to be non-null as it is part of the primary key for table [events]
[DEBUG] 2020-10-07 23:44:15.000 [main] CollectionSecondPass - Second pass for collection: edu.matc.entity.User.events
[DEBUG] 2020-10-07 23:44:15.002 [main] CollectionBinder - Binding a OneToMany: edu.matc.entity.User.events through a foreign key
[DEBUG] 2020-10-07 23:44:15.005 [main] CollectionBinder - Mapping collection: edu.matc.entity.User.events -> events
[DEBUG] 2020-10-07 23:44:15.010 [main] TableBinder - Retrieving property edu.matc.entity.Event.user
[DEBUG] 2020-10-07 23:44:15.010 [main] CollectionSecondPass - Mapped collection key: user_id, one-to-many: edu.matc.entity.Event
[DEBUG] 2020-10-07 23:44:15.011 [main] InFlightMetadataCollectorImpl - Resolving reference to class: edu.matc.entity.User
[DEBUG] 2020-10-07 23:44:15.016 [main] InFlightMetadataCollectorImpl - Resolving reference to class: edu.matc.entity.User
[DEBUG] 2020-10-07 23:44:15.086 [main] SessionFactoryImpl - Building session factory
[DEBUG] 2020-10-07 23:44:15.089 [main] Settings - SessionFactory name : null
[DEBUG] 2020-10-07 23:44:15.089 [main] Settings - Automatic flush during beforeCompletion(): enabled
[DEBUG] 2020-10-07 23:44:15.089 [main] Settings - Automatic session close at end of transaction: disabled
[DEBUG] 2020-10-07 23:44:15.089 [main] Settings - Statistics: disabled
[DEBUG] 2020-10-07 23:44:15.089 [main] Settings - Deleted entity synthetic identifier rollback: disabled
[DEBUG] 2020-10-07 23:44:15.089 [main] Settings - Default entity-mode: pojo
[DEBUG] 2020-10-07 23:44:15.089 [main] Settings - Check Nullability in Core (should be disabled when Bean Validation is on): enabled
[DEBUG] 2020-10-07 23:44:15.089 [main] Settings - Allow initialization of lazy state outside session : disabled
[DEBUG] 2020-10-07 23:44:15.089 [main] Settings - Using BatchFetchStyle : LEGACY
[DEBUG] 2020-10-07 23:44:15.092 [main] Settings - Default batch fetch size: -1
[DEBUG] 2020-10-07 23:44:15.092 [main] Settings - Maximum outer join fetch depth: 2
[DEBUG] 2020-10-07 23:44:15.093 [main] Settings - Default null ordering: NONE
[DEBUG] 2020-10-07 23:44:15.093 [main] Settings - Order SQL updates by primary key: disabled
[DEBUG] 2020-10-07 23:44:15.093 [main] Settings - Order SQL inserts for batching: disabled
[DEBUG] 2020-10-07 23:44:15.093 [main] Settings - multi-tenancy strategy : NONE
[DEBUG] 2020-10-07 23:44:15.093 [main] Settings - JTA Track by Thread: enabled
[DEBUG] 2020-10-07 23:44:15.093 [main] Settings - Query language substitutions: {}
[DEBUG] 2020-10-07 23:44:15.093 [main] Settings - Named query checking : enabled
[DEBUG] 2020-10-07 23:44:15.094 [main] Settings - Second-level cache: disabled
[DEBUG] 2020-10-07 23:44:15.094 [main] Settings - Second-level query cache: disabled
[DEBUG] 2020-10-07 23:44:15.094 [main] Settings - Second-level query cache factory: null
[DEBUG] 2020-10-07 23:44:15.095 [main] Settings - Second-level cache region prefix: null
[DEBUG] 2020-10-07 23:44:15.096 [main] Settings - Optimize second-level cache for minimal puts: disabled
[DEBUG] 2020-10-07 23:44:15.097 [main] Settings - Structured second-level cache entries: disabled
[DEBUG] 2020-10-07 23:44:15.097 [main] Settings - Second-level cache direct-reference entries: disabled
[DEBUG] 2020-10-07 23:44:15.097 [main] Settings - Automatic eviction of collection cache: disabled
[DEBUG] 2020-10-07 23:44:15.097 [main] Settings - JDBC batch size: 15
[DEBUG] 2020-10-07 23:44:15.097 [main] Settings - JDBC batch updates for versioned data: enabled
[DEBUG] 2020-10-07 23:44:15.097 [main] Settings - Scrollable result sets: enabled
[DEBUG] 2020-10-07 23:44:15.097 [main] Settings - Wrap result sets: disabled
[DEBUG] 2020-10-07 23:44:15.097 [main] Settings - JDBC3 getGeneratedKeys(): enabled
[DEBUG] 2020-10-07 23:44:15.097 [main] Settings - JDBC result set fetch size: null
[DEBUG] 2020-10-07 23:44:15.097 [main] Settings - Connection release mode: AFTER_TRANSACTION
[DEBUG] 2020-10-07 23:44:15.097 [main] Settings - Generate SQL with comments: disabled
[DEBUG] 2020-10-07 23:44:15.098 [main] Settings - JPA compliance - query : 
[DEBUG] 2020-10-07 23:44:15.098 [main] Settings - JPA compliance - closed-handling : 
[DEBUG] 2020-10-07 23:44:15.098 [main] Settings - JPA compliance - lists : 
[DEBUG] 2020-10-07 23:44:15.098 [main] Settings - JPA compliance - transactions : 
[INFO ] 2020-10-07 23:44:15.216 [main] beans - HHH10005002: No explicit CDI BeanManager reference was passed to Hibernate, but CDI is available on the Hibernate ClassLoader.
[DEBUG] 2020-10-07 23:44:15.276 [main] SessionFactoryImpl - Session factory constructed with filter configurations : {}
[DEBUG] 2020-10-07 23:44:15.277 [main] SessionFactoryImpl - Instantiating session factory with properties: {sun.desktop=gnome, awt.toolkit=sun.awt.X11.XToolkit, java.specification.version=11, sun.cpu.isalist=, hibernate.c3p0.idle_test_period=3000, sun.jnu.encoding=UTF-8, hibernate.c3p0.min_size=5, java.class.path=/snap/intellij-idea-ultimate/253/lib/idea_rt.jar:/snap/intellij-idea-ultimate/253/plugins/junit/lib/junit5-rt.jar:/snap/intellij-idea-ultimate/253/plugins/junit/lib/junit-rt.jar:/home/student/IdeaProjects/indieproject/target/test-classes:/home/student/IdeaProjects/indieproject/target/classes:/home/student/.m2/repository/org/junit/platform/junit-platform-runner/1.0.0/junit-platform-runner-1.0.0.jar:/home/student/.m2/repository/org/apiguardian/apiguardian-api/1.0.0/apiguardian-api-1.0.0.jar:/home/student/.m2/repository/org/junit/platform/junit-platform-launcher/1.0.0/junit-platform-launcher-1.0.0.jar:/home/student/.m2/repository/org/junit/platform/junit-platform-suite-api/1.0.0/junit-platform-suite-api-1.0.0.jar:/home/student/.m2/repository/org/junit/platform/junit-platform-commons/1.0.0/junit-platform-commons-1.0.0.jar:/home/student/.m2/repository/org/junit/vintage/junit-vintage-engine/4.12.0/junit-vintage-engine-4.12.0.jar:/home/student/.m2/repository/org/junit/platform/junit-platform-engine/1.0.0/junit-platform-engine-1.0.0.jar:/home/student/.m2/repository/org/opentest4j/opentest4j/1.0.0/opentest4j-1.0.0.jar:/home/student/.m2/repository/org/junit/jupiter/junit-jupiter-engine/5.0.0/junit-jupiter-engine-5.0.0.jar:/home/student/.m2/repository/org/junit/jupiter/junit-jupiter-api/5.0.0/junit-jupiter-api-5.0.0.jar:/home/student/.m2/repository/junit/junit/4.12/junit-4.12.jar:/home/student/.m2/repository/org/hamcrest/hamcrest-core/1.3/hamcrest-core-1.3.jar:/home/student/.m2/repository/javax/javaee-web-api/7.0/javaee-web-api-7.0.jar:/home/student/.m2/repository/mysql/mysql-connector-java/8.0.16/mysql-connector-java-8.0.16.jar:/home/student/.m2/repository/com/google/protobuf/protobuf-java/3.6.1/protobuf-java-3.6.1.jar:/home/student/.m2/repository/jstl/jstl/1.2/jstl-1.2.jar:/home/student/.m2/repository/org/apache/logging/log4j/log4j-api/2.10.0/log4j-api-2.10.0.jar:/home/student/.m2/repository/org/apache/logging/log4j/log4j-core/2.10.0/log4j-core-2.10.0.jar:/home/student/.m2/repository/org/hibernate/hibernate-core/5.4.4.Final/hibernate-core-5.4.4.Final.jar:/home/student/.m2/repository/org/jboss/logging/jboss-logging/3.3.2.Final/jboss-logging-3.3.2.Final.jar:/home/student/.m2/repository/javax/persistence/javax.persistence-api/2.2/javax.persistence-api-2.2.jar:/home/student/.m2/repository/org/javassist/javassist/3.24.0-GA/javassist-3.24.0-GA.jar:/home/student/.m2/repository/net/bytebuddy/byte-buddy/1.9.11/byte-buddy-1.9.11.jar:/home/student/.m2/repository/antlr/antlr/2.7.7/antlr-2.7.7.jar:/home/student/.m2/repository/org/jboss/spec/javax/transaction/jboss-transaction-api_1.2_spec/1.1.1.Final/jboss-transaction-api_1.2_spec-1.1.1.Final.jar:/home/student/.m2/repository/org/jboss/jandex/2.0.5.Final/jandex-2.0.5.Final.jar:/home/student/.m2/repository/com/fasterxml/classmate/1.3.4/classmate-1.3.4.jar:/home/student/.m2/repository/javax/activation/javax.activation-api/1.2.0/javax.activation-api-1.2.0.jar:/home/student/.m2/repository/org/dom4j/dom4j/2.1.1/dom4j-2.1.1.jar:/home/student/.m2/repository/org/hibernate/common/hibernate-commons-annotations/5.1.0.Final/hibernate-commons-annotations-5.1.0.Final.jar:/home/student/.m2/repository/javax/xml/bind/jaxb-api/2.3.1/jaxb-api-2.3.1.jar:/home/student/.m2/repository/org/glassfish/jaxb/jaxb-runtime/2.3.1/jaxb-runtime-2.3.1.jar:/home/student/.m2/repository/org/glassfish/jaxb/txw2/2.3.1/txw2-2.3.1.jar:/home/student/.m2/repository/com/sun/istack/istack-commons-runtime/3.0.7/istack-commons-runtime-3.0.7.jar:/home/student/.m2/repository/org/jvnet/staxex/stax-ex/1.8/stax-ex-1.8.jar:/home/student/.m2/repository/com/sun/xml/fastinfoset/FastInfoset/1.2.15/FastInfoset-1.2.15.jar:/home/student/.m2/repository/org/hibernate/hibernate-c3p0/5.4.4.Final/hibernate-c3p0-5.4.4.Final.jar:/home/student/.m2/repository/com/mchange/c3p0/0.9.5.3/c3p0-0.9.5.3.jar:/home/student/.m2/repository/com/mchange/mchange-commons-java/0.2.15/mchange-commons-java-0.2.15.jar, java.vm.vendor=Ubuntu, sun.arch.data.model=64, idea.test.cyclic.buffer.size=1048576, java.vendor.url=https://ubuntu.com/, user.timezone=America/Chicago, os.name=Linux, java.vm.specification.version=11, sun.java.launcher=SUN_STANDARD, user.country=US, sun.boot.library.path=/usr/lib/jvm/java-11-openjdk-amd64/lib, sun.java.command=com.intellij.rt.junit.JUnitStarter -ideVersion5 -junit5 edu.matc.persistence.UserDaoTest,insertWithEventSuccess, jdk.debug=release, sun.cpu.endian=little, user.home=/home/student, hibernate.c3p0.max_statements=50, user.language=en, java.specification.vendor=Oracle Corporation, java.version.date=2020-07-14, java.home=/usr/lib/jvm/java-11-openjdk-amd64, file.separator=/, java.vm.compressedOopsMode=32-bit, line.separator=
, hibernate.c3p0.timeout=300, java.specification.name=Java Platform API Specification, java.vm.specification.vendor=Oracle Corporation, intellij.debug.agent=true, java.awt.graphicsenv=sun.awt.X11GraphicsEnvironment, connection.password=student, sun.management.compiler=HotSpot 64-Bit Tiered Compilers, hibernate.c3p0.max_size=20, java.runtime.version=11.0.8+10-post-Ubuntu-0ubuntu118.04.1, user.name=student, path.separator=:, hibernate.connection.username=****, os.version=5.4.0-48-generic, java.runtime.name=OpenJDK Runtime Environment, hibernate.connection.url=jdbc:mysql://localhost:3306/wedding, file.encoding=UTF-8, java.vm.name=OpenJDK 64-Bit Server VM, hibernate.connection.driver_class=com.mysql.cj.jdbc.Driver, java.vendor.url.bug=https://bugs.launchpad.net/ubuntu/+source/openjdk-lts, java.io.tmpdir=/tmp, java.version=11.0.8, jboss.modules.system.pkgs=com.intellij.rt, user.dir=/home/student/IdeaProjects/indieproject, os.arch=amd64, connection.username=root, java.vm.specification.name=Java Virtual Machine Specification, java.awt.printerjob=sun.print.PSPrinterJob, hibernate.connection.password=****, sun.os.patch.level=unknown, connection.driver_class=com.mysql.cj.jdbc.Driver, hibernate.boot.CfgXmlAccessService.key=org.hibernate.boot.cfgxml.spi.LoadedConfig@73894c5a, java.library.path=/usr/java/packages/lib:/usr/lib/x86_64-linux-gnu/jni:/lib/x86_64-linux-gnu:/usr/lib/x86_64-linux-gnu:/usr/lib/jni:/lib:/usr/lib, java.vendor=Ubuntu, java.vm.info=mixed mode, sharing, java.vm.version=11.0.8+10-post-Ubuntu-0ubuntu118.04.1, hibernate.bytecode.use_reflection_optimizer=false, sun.io.unicode.encoding=UnicodeLittle, connection.url=jdbc:mysql://localhost:3306/wedding, java.class.version=55.0}
[DEBUG] 2020-10-07 23:44:15.316 [main] TypeSafeActivator - Unable to acquire Bean Validation ValidatorFactory, skipping activation
[DEBUG] 2020-10-07 23:44:15.316 [main] JaccIntegrator - Skipping JACC integration as it was not enabled
[DEBUG] 2020-10-07 23:44:15.317 [main] SessionFactoryImpl - Instantiated session factory
[DEBUG] 2020-10-07 23:44:15.317 [main] TypeConfiguration$Scope - Scoping TypeConfiguration [org.hibernate.type.spi.TypeConfiguration@593a6726] to SessionFactoryImpl [org.hibernate.internal.SessionFactoryImpl@2ba1209b]
[DEBUG] 2020-10-07 23:44:15.518 [main] ClassLoaderAccessImpl - Not known whether passed class name [edu.matc.entity.User] is safe
[DEBUG] 2020-10-07 23:44:15.523 [main] ClassLoaderAccessImpl - No temp ClassLoader provided; using live ClassLoader for loading potentially unsafe class : edu.matc.entity.User
[DEBUG] 2020-10-07 23:44:15.582 [main] ClassLoaderAccessImpl - Not known whether passed class name [edu.matc.entity.User] is safe
[DEBUG] 2020-10-07 23:44:15.582 [main] ClassLoaderAccessImpl - No temp ClassLoader provided; using live ClassLoader for loading potentially unsafe class : edu.matc.entity.User
[DEBUG] 2020-10-07 23:44:16.184 [main] ClassLoaderAccessImpl - Not known whether passed class name [edu.matc.entity.Event] is safe
[DEBUG] 2020-10-07 23:44:16.184 [main] ClassLoaderAccessImpl - No temp ClassLoader provided; using live ClassLoader for loading potentially unsafe class : edu.matc.entity.Event
[DEBUG] 2020-10-07 23:44:16.185 [main] ClassLoaderAccessImpl - Not known whether passed class name [edu.matc.entity.Event] is safe
[DEBUG] 2020-10-07 23:44:16.185 [main] ClassLoaderAccessImpl - No temp ClassLoader provided; using live ClassLoader for loading potentially unsafe class : edu.matc.entity.Event
[DEBUG] 2020-10-07 23:44:16.266 [main] AbstractCollectionPersister - Static SQL for collection: edu.matc.entity.User.events
[DEBUG] 2020-10-07 23:44:16.266 [main] AbstractCollectionPersister -  Row insert: update events set user_id=? where id=?
[DEBUG] 2020-10-07 23:44:16.266 [main] AbstractCollectionPersister -  Row update: update events set  where id=?
[DEBUG] 2020-10-07 23:44:16.266 [main] AbstractCollectionPersister -  Row delete: update events set user_id=null where user_id=? and id=?
[DEBUG] 2020-10-07 23:44:16.266 [main] AbstractCollectionPersister -  One-shot delete: update events set user_id=null where user_id=?
[DEBUG] 2020-10-07 23:44:16.277 [main] AbstractEntityPersister - Static SQL for entity: edu.matc.entity.User
[DEBUG] 2020-10-07 23:44:16.278 [main] AbstractEntityPersister -  Version select: select id from user where id =?
[DEBUG] 2020-10-07 23:44:16.279 [main] AbstractEntityPersister -  Snapshot select: select user_.id, user_.first_name as first_na2_1_, user_.last_name as last_nam3_1_, user_.user_name as user_nam4_1_, user_.wedding_date as wedding_5_1_ from user user_ where user_.id=?
[DEBUG] 2020-10-07 23:44:16.279 [main] AbstractEntityPersister -  Insert 0: insert into user (first_name, last_name, user_name, wedding_date, id) values (?, ?, ?, ?, ?)
[DEBUG] 2020-10-07 23:44:16.280 [main] AbstractEntityPersister -  Update 0: update user set first_name=?, last_name=?, user_name=?, wedding_date=? where id=?
[DEBUG] 2020-10-07 23:44:16.280 [main] AbstractEntityPersister -  Delete 0: delete from user where id=?
[DEBUG] 2020-10-07 23:44:16.280 [main] AbstractEntityPersister -  Identity insert: insert into user (first_name, last_name, user_name, wedding_date) values (?, ?, ?, ?)
[DEBUG] 2020-10-07 23:44:16.330 [main] QuerySpacesImpl - Adding QuerySpace : uid = <gen:0> -> org.hibernate.loader.plan.build.internal.spaces.EntityQuerySpaceImpl@7af327e3]
[DEBUG] 2020-10-07 23:44:16.331 [main] MetamodelGraphWalker - Visiting attribute path : events
[DEBUG] 2020-10-07 23:44:16.347 [main] QuerySpacesImpl - Adding QuerySpace : uid = <gen:1> -> org.hibernate.loader.plan.build.internal.spaces.CollectionQuerySpaceImpl@19ad75e5]
[DEBUG] 2020-10-07 23:44:16.350 [main] QuerySpacesImpl - Adding QuerySpace : uid = <gen:2> -> org.hibernate.loader.plan.build.internal.spaces.EntityQuerySpaceImpl@aa1bb14]
[DEBUG] 2020-10-07 23:44:16.352 [main] MetamodelGraphWalker - Visiting attribute path : events.budget
[DEBUG] 2020-10-07 23:44:16.352 [main] MetamodelGraphWalker - Visiting attribute path : events.location
[DEBUG] 2020-10-07 23:44:16.353 [main] MetamodelGraphWalker - Visiting attribute path : events.user
[DEBUG] 2020-10-07 23:44:16.353 [main] MetamodelGraphWalker - Property path deemed to be circular : events.user
[DEBUG] 2020-10-07 23:44:16.357 [main] MetamodelGraphWalker - Visiting attribute path : firstName
[DEBUG] 2020-10-07 23:44:16.357 [main] MetamodelGraphWalker - Visiting attribute path : lastName
[DEBUG] 2020-10-07 23:44:16.357 [main] MetamodelGraphWalker - Visiting attribute path : userName
[DEBUG] 2020-10-07 23:44:16.357 [main] MetamodelGraphWalker - Visiting attribute path : weddingDate
[DEBUG] 2020-10-07 23:44:16.358 [main] FetchStyleLoadPlanBuildingAssociationVisitationStrategy - Building LoadPlan...
[DEBUG] 2020-10-07 23:44:16.392 [main] LoadQueryJoinAndFetchProcessor - processing queryspace <gen:0>
[DEBUG] 2020-10-07 23:44:16.410 [main] LoadPlanTreePrinter - LoadPlan(entity=edu.matc.entity.User)
    - Returns
       - EntityReturnImpl(entity=edu.matc.entity.User, querySpaceUid=<gen:0>, path=edu.matc.entity.User)
          - CollectionAttributeFetchImpl(collection=edu.matc.entity.User.events, querySpaceUid=<gen:1>, path=edu.matc.entity.User.events)
             - (collection element) CollectionFetchableElementEntityGraph(entity=edu.matc.entity.Event, querySpaceUid=<gen:2>, path=edu.matc.entity.User.events.<elements>)
    - QuerySpaces
       - EntityQuerySpaceImpl(uid=<gen:0>, entity=edu.matc.entity.User)
          - SQL table alias mapping - user0_
          - alias suffix - 0_
          - suffixed key columns - {id1_1_0_}
          - JOIN (JoinDefinedByMetadata(events)) : <gen:0> -> <gen:1>
             - CollectionQuerySpaceImpl(uid=<gen:1>, collection=edu.matc.entity.User.events)
                - SQL table alias mapping - events1_
                - alias suffix - 1_
                - suffixed key columns - {user_id4_0_1_}
                - entity-element alias suffix - 2_
                - 2_entity-element suffixed key columns - id1_0_2_
                - JOIN (JoinDefinedByMetadata(elements)) : <gen:1> -> <gen:2>
                   - EntityQuerySpaceImpl(uid=<gen:2>, entity=edu.matc.entity.Event)
                      - SQL table alias mapping - events1_
                      - alias suffix - 2_
                      - suffixed key columns - {id1_0_2_}

[DEBUG] 2020-10-07 23:44:16.413 [main] EntityLoader - Static select for entity edu.matc.entity.User [NONE]: select user0_.id as id1_1_0_, user0_.first_name as first_na2_1_0_, user0_.last_name as last_nam3_1_0_, user0_.user_name as user_nam4_1_0_, user0_.wedding_date as wedding_5_1_0_, events1_.user_id as user_id4_0_1_, events1_.id as id1_0_1_, events1_.id as id1_0_2_, events1_.budget as budget2_0_2_, events1_.location as location3_0_2_, events1_.user_id as user_id4_0_2_ from user user0_ left outer join events events1_ on user0_.id=events1_.user_id where user0_.id=?
[DEBUG] 2020-10-07 23:44:16.413 [main] QuerySpacesImpl - Adding QuerySpace : uid = <gen:0> -> org.hibernate.loader.plan.build.internal.spaces.EntityQuerySpaceImpl@50122012]
[DEBUG] 2020-10-07 23:44:16.414 [main] MetamodelGraphWalker - Visiting attribute path : events
[DEBUG] 2020-10-07 23:44:16.414 [main] QuerySpacesImpl - Adding QuerySpace : uid = <gen:1> -> org.hibernate.loader.plan.build.internal.spaces.CollectionQuerySpaceImpl@7db5b890]
[DEBUG] 2020-10-07 23:44:16.414 [main] QuerySpacesImpl - Adding QuerySpace : uid = <gen:2> -> org.hibernate.loader.plan.build.internal.spaces.EntityQuerySpaceImpl@407b8435]
[DEBUG] 2020-10-07 23:44:16.414 [main] MetamodelGraphWalker - Visiting attribute path : events.budget
[DEBUG] 2020-10-07 23:44:16.414 [main] MetamodelGraphWalker - Visiting attribute path : events.location
[DEBUG] 2020-10-07 23:44:16.414 [main] MetamodelGraphWalker - Visiting attribute path : events.user
[DEBUG] 2020-10-07 23:44:16.414 [main] MetamodelGraphWalker - Property path deemed to be circular : events.user
[DEBUG] 2020-10-07 23:44:16.414 [main] MetamodelGraphWalker - Visiting attribute path : firstName
[DEBUG] 2020-10-07 23:44:16.414 [main] MetamodelGraphWalker - Visiting attribute path : lastName
[DEBUG] 2020-10-07 23:44:16.414 [main] MetamodelGraphWalker - Visiting attribute path : userName
[DEBUG] 2020-10-07 23:44:16.416 [main] MetamodelGraphWalker - Visiting attribute path : weddingDate
[DEBUG] 2020-10-07 23:44:16.416 [main] FetchStyleLoadPlanBuildingAssociationVisitationStrategy - Building LoadPlan...
[DEBUG] 2020-10-07 23:44:16.417 [main] LoadQueryJoinAndFetchProcessor - processing queryspace <gen:0>
[DEBUG] 2020-10-07 23:44:16.417 [main] LoadPlanTreePrinter - LoadPlan(entity=edu.matc.entity.User)
    - Returns
       - EntityReturnImpl(entity=edu.matc.entity.User, querySpaceUid=<gen:0>, path=edu.matc.entity.User)
          - CollectionAttributeFetchImpl(collection=edu.matc.entity.User.events, querySpaceUid=<gen:1>, path=edu.matc.entity.User.events)
             - (collection element) CollectionFetchableElementEntityGraph(entity=edu.matc.entity.Event, querySpaceUid=<gen:2>, path=edu.matc.entity.User.events.<elements>)
    - QuerySpaces
       - EntityQuerySpaceImpl(uid=<gen:0>, entity=edu.matc.entity.User)
          - SQL table alias mapping - user0_
          - alias suffix - 0_
          - suffixed key columns - {id1_1_0_}
          - JOIN (JoinDefinedByMetadata(events)) : <gen:0> -> <gen:1>
             - CollectionQuerySpaceImpl(uid=<gen:1>, collection=edu.matc.entity.User.events)
                - SQL table alias mapping - events1_
                - alias suffix - 1_
                - suffixed key columns - {user_id4_0_1_}
                - entity-element alias suffix - 2_
                - 2_entity-element suffixed key columns - id1_0_2_
                - JOIN (JoinDefinedByMetadata(elements)) : <gen:1> -> <gen:2>
                   - EntityQuerySpaceImpl(uid=<gen:2>, entity=edu.matc.entity.Event)
                      - SQL table alias mapping - events1_
                      - alias suffix - 2_
                      - suffixed key columns - {id1_0_2_}

[DEBUG] 2020-10-07 23:44:16.417 [main] EntityLoader - Static select for entity edu.matc.entity.User [READ]: select user0_.id as id1_1_0_, user0_.first_name as first_na2_1_0_, user0_.last_name as last_nam3_1_0_, user0_.user_name as user_nam4_1_0_, user0_.wedding_date as wedding_5_1_0_, events1_.user_id as user_id4_0_1_, events1_.id as id1_0_1_, events1_.id as id1_0_2_, events1_.budget as budget2_0_2_, events1_.location as location3_0_2_, events1_.user_id as user_id4_0_2_ from user user0_ left outer join events events1_ on user0_.id=events1_.user_id where user0_.id=?
[DEBUG] 2020-10-07 23:44:16.452 [main] Loader - Static select for action ACTION_MERGE on entity edu.matc.entity.User: select user0_.id as id1_1_1_, user0_.first_name as first_na2_1_1_, user0_.last_name as last_nam3_1_1_, user0_.user_name as user_nam4_1_1_, user0_.wedding_date as wedding_5_1_1_, events1_.user_id as user_id4_0_3_, events1_.id as id1_0_3_, events1_.id as id1_0_0_, events1_.budget as budget2_0_0_, events1_.location as location3_0_0_, events1_.user_id as user_id4_0_0_ from user user0_ left outer join events events1_ on user0_.id=events1_.user_id where user0_.id=?
[DEBUG] 2020-10-07 23:44:16.452 [main] Loader - Static select for action ACTION_REFRESH on entity edu.matc.entity.User: select user0_.id as id1_1_1_, user0_.first_name as first_na2_1_1_, user0_.last_name as last_nam3_1_1_, user0_.user_name as user_nam4_1_1_, user0_.wedding_date as wedding_5_1_1_, events1_.user_id as user_id4_0_3_, events1_.id as id1_0_3_, events1_.id as id1_0_0_, events1_.budget as budget2_0_0_, events1_.location as location3_0_0_, events1_.user_id as user_id4_0_0_ from user user0_ left outer join events events1_ on user0_.id=events1_.user_id where user0_.id=?
[DEBUG] 2020-10-07 23:44:16.453 [main] AbstractEntityPersister - Static SQL for entity: edu.matc.entity.Event
[DEBUG] 2020-10-07 23:44:16.453 [main] AbstractEntityPersister -  Version select: select id from events where id =?
[DEBUG] 2020-10-07 23:44:16.453 [main] AbstractEntityPersister -  Snapshot select: select event_.id, event_.budget as budget2_0_, event_.location as location3_0_, event_.user_id as user_id4_0_ from events event_ where event_.id=?
[DEBUG] 2020-10-07 23:44:16.453 [main] AbstractEntityPersister -  Insert 0: insert into events (budget, location, user_id, id) values (?, ?, ?, ?)
[DEBUG] 2020-10-07 23:44:16.453 [main] AbstractEntityPersister -  Update 0: update events set budget=?, location=?, user_id=? where id=?
[DEBUG] 2020-10-07 23:44:16.453 [main] AbstractEntityPersister -  Delete 0: delete from events where id=?
[DEBUG] 2020-10-07 23:44:16.453 [main] AbstractEntityPersister -  Identity insert: insert into events (budget, location, user_id) values (?, ?, ?)
[DEBUG] 2020-10-07 23:44:16.453 [main] QuerySpacesImpl - Adding QuerySpace : uid = <gen:0> -> org.hibernate.loader.plan.build.internal.spaces.EntityQuerySpaceImpl@409732fb]
[DEBUG] 2020-10-07 23:44:16.453 [main] MetamodelGraphWalker - Visiting attribute path : budget
[DEBUG] 2020-10-07 23:44:16.453 [main] MetamodelGraphWalker - Visiting attribute path : location
[DEBUG] 2020-10-07 23:44:16.453 [main] MetamodelGraphWalker - Visiting attribute path : user
[DEBUG] 2020-10-07 23:44:16.453 [main] QuerySpacesImpl - Adding QuerySpace : uid = <gen:1> -> org.hibernate.loader.plan.build.internal.spaces.EntityQuerySpaceImpl@5e99e2cb]
[DEBUG] 2020-10-07 23:44:16.456 [main] MetamodelGraphWalker - Visiting attribute path : user.events
[DEBUG] 2020-10-07 23:44:16.456 [main] MetamodelGraphWalker - Property path deemed to be circular : user.events
[DEBUG] 2020-10-07 23:44:16.456 [main] MetamodelGraphWalker - Visiting attribute path : user.firstName
[DEBUG] 2020-10-07 23:44:16.456 [main] MetamodelGraphWalker - Visiting attribute path : user.lastName
[DEBUG] 2020-10-07 23:44:16.456 [main] MetamodelGraphWalker - Visiting attribute path : user.userName
[DEBUG] 2020-10-07 23:44:16.456 [main] MetamodelGraphWalker - Visiting attribute path : user.weddingDate
[DEBUG] 2020-10-07 23:44:16.458 [main] FetchStyleLoadPlanBuildingAssociationVisitationStrategy - Building LoadPlan...
[DEBUG] 2020-10-07 23:44:16.458 [main] LoadQueryJoinAndFetchProcessor - processing queryspace <gen:0>
[DEBUG] 2020-10-07 23:44:16.460 [main] LoadPlanTreePrinter - LoadPlan(entity=edu.matc.entity.Event)
    - Returns
       - EntityReturnImpl(entity=edu.matc.entity.Event, querySpaceUid=<gen:0>, path=edu.matc.entity.Event)
          - EntityAttributeFetchImpl(entity=edu.matc.entity.User, querySpaceUid=<gen:1>, path=edu.matc.entity.Event.user)
    - QuerySpaces
       - EntityQuerySpaceImpl(uid=<gen:0>, entity=edu.matc.entity.Event)
          - SQL table alias mapping - event0_
          - alias suffix - 0_
          - suffixed key columns - {id1_0_0_}
          - JOIN (JoinDefinedByMetadata(user)) : <gen:0> -> <gen:1>
             - EntityQuerySpaceImpl(uid=<gen:1>, entity=edu.matc.entity.User)
                - SQL table alias mapping - user1_
                - alias suffix - 1_
                - suffixed key columns - {id1_1_1_}

[DEBUG] 2020-10-07 23:44:16.460 [main] EntityLoader - Static select for entity edu.matc.entity.Event [NONE]: select event0_.id as id1_0_0_, event0_.budget as budget2_0_0_, event0_.location as location3_0_0_, event0_.user_id as user_id4_0_0_, user1_.id as id1_1_1_, user1_.first_name as first_na2_1_1_, user1_.last_name as last_nam3_1_1_, user1_.user_name as user_nam4_1_1_, user1_.wedding_date as wedding_5_1_1_ from events event0_ left outer join user user1_ on event0_.user_id=user1_.id where event0_.id=?
[DEBUG] 2020-10-07 23:44:16.460 [main] QuerySpacesImpl - Adding QuerySpace : uid = <gen:0> -> org.hibernate.loader.plan.build.internal.spaces.EntityQuerySpaceImpl@4466cf5d]
[DEBUG] 2020-10-07 23:44:16.460 [main] MetamodelGraphWalker - Visiting attribute path : budget
[DEBUG] 2020-10-07 23:44:16.460 [main] MetamodelGraphWalker - Visiting attribute path : location
[DEBUG] 2020-10-07 23:44:16.461 [main] MetamodelGraphWalker - Visiting attribute path : user
[DEBUG] 2020-10-07 23:44:16.462 [main] QuerySpacesImpl - Adding QuerySpace : uid = <gen:1> -> org.hibernate.loader.plan.build.internal.spaces.EntityQuerySpaceImpl@2450256f]
[DEBUG] 2020-10-07 23:44:16.462 [main] MetamodelGraphWalker - Visiting attribute path : user.events
[DEBUG] 2020-10-07 23:44:16.462 [main] MetamodelGraphWalker - Property path deemed to be circular : user.events
[DEBUG] 2020-10-07 23:44:16.462 [main] MetamodelGraphWalker - Visiting attribute path : user.firstName
[DEBUG] 2020-10-07 23:44:16.462 [main] MetamodelGraphWalker - Visiting attribute path : user.lastName
[DEBUG] 2020-10-07 23:44:16.463 [main] MetamodelGraphWalker - Visiting attribute path : user.userName
[DEBUG] 2020-10-07 23:44:16.463 [main] MetamodelGraphWalker - Visiting attribute path : user.weddingDate
[DEBUG] 2020-10-07 23:44:16.463 [main] FetchStyleLoadPlanBuildingAssociationVisitationStrategy - Building LoadPlan...
[DEBUG] 2020-10-07 23:44:16.463 [main] LoadQueryJoinAndFetchProcessor - processing queryspace <gen:0>
[DEBUG] 2020-10-07 23:44:16.468 [main] LoadPlanTreePrinter - LoadPlan(entity=edu.matc.entity.Event)
    - Returns
       - EntityReturnImpl(entity=edu.matc.entity.Event, querySpaceUid=<gen:0>, path=edu.matc.entity.Event)
          - EntityAttributeFetchImpl(entity=edu.matc.entity.User, querySpaceUid=<gen:1>, path=edu.matc.entity.Event.user)
    - QuerySpaces
       - EntityQuerySpaceImpl(uid=<gen:0>, entity=edu.matc.entity.Event)
          - SQL table alias mapping - event0_
          - alias suffix - 0_
          - suffixed key columns - {id1_0_0_}
          - JOIN (JoinDefinedByMetadata(user)) : <gen:0> -> <gen:1>
             - EntityQuerySpaceImpl(uid=<gen:1>, entity=edu.matc.entity.User)
                - SQL table alias mapping - user1_
                - alias suffix - 1_
                - suffixed key columns - {id1_1_1_}

[DEBUG] 2020-10-07 23:44:16.468 [main] EntityLoader - Static select for entity edu.matc.entity.Event [READ]: select event0_.id as id1_0_0_, event0_.budget as budget2_0_0_, event0_.location as location3_0_0_, event0_.user_id as user_id4_0_0_, user1_.id as id1_1_1_, user1_.first_name as first_na2_1_1_, user1_.last_name as last_nam3_1_1_, user1_.user_name as user_nam4_1_1_, user1_.wedding_date as wedding_5_1_1_ from events event0_ left outer join user user1_ on event0_.user_id=user1_.id where event0_.id=?
[DEBUG] 2020-10-07 23:44:16.468 [main] Loader - Static select for action ACTION_MERGE on entity edu.matc.entity.Event: select event0_.id as id1_0_0_, event0_.budget as budget2_0_0_, event0_.location as location3_0_0_, event0_.user_id as user_id4_0_0_ from events event0_ where event0_.id=?
[DEBUG] 2020-10-07 23:44:16.469 [main] Loader - Static select for action ACTION_REFRESH on entity edu.matc.entity.Event: select event0_.id as id1_0_0_, event0_.budget as budget2_0_0_, event0_.location as location3_0_0_, event0_.user_id as user_id4_0_0_ from events event0_ where event0_.id=?
[DEBUG] 2020-10-07 23:44:16.479 [main] QuerySpacesImpl - Adding QuerySpace : uid = <gen:0> -> org.hibernate.loader.plan.build.internal.spaces.CollectionQuerySpaceImpl@70091872]
[DEBUG] 2020-10-07 23:44:16.479 [main] QuerySpacesImpl - Adding QuerySpace : uid = <gen:1> -> org.hibernate.loader.plan.build.internal.spaces.EntityQuerySpaceImpl@105db94d]
[DEBUG] 2020-10-07 23:44:16.479 [main] MetamodelGraphWalker - Visiting attribute path : budget
[DEBUG] 2020-10-07 23:44:16.479 [main] MetamodelGraphWalker - Visiting attribute path : location
[DEBUG] 2020-10-07 23:44:16.479 [main] MetamodelGraphWalker - Visiting attribute path : user
[DEBUG] 2020-10-07 23:44:16.480 [main] MetamodelGraphWalker - Property path deemed to be circular : user
[DEBUG] 2020-10-07 23:44:16.480 [main] FetchStyleLoadPlanBuildingAssociationVisitationStrategy - Building LoadPlan...
[DEBUG] 2020-10-07 23:44:16.486 [main] LoadQueryJoinAndFetchProcessor - processing queryspace <gen:0>
[DEBUG] 2020-10-07 23:44:16.487 [main] LoadPlanTreePrinter - LoadPlan(collection=edu.matc.entity.User.events)
    - Returns
       - CollectionReturnImpl(collection=edu.matc.entity.User.events, querySpaceUid=<gen:0>, path=[edu.matc.entity.User.events])
          - (collection element) CollectionFetchableElementEntityGraph(entity=edu.matc.entity.Event, querySpaceUid=<gen:1>, path=[edu.matc.entity.User.events].<elements>)
    - QuerySpaces
       - CollectionQuerySpaceImpl(uid=<gen:0>, collection=edu.matc.entity.User.events)
          - SQL table alias mapping - events0_
          - alias suffix - 0_
          - suffixed key columns - {user_id4_0_0_}
          - entity-element alias suffix - 1_
          - 1_entity-element suffixed key columns - id1_0_1_
          - JOIN (JoinDefinedByMetadata(elements)) : <gen:0> -> <gen:1>
             - EntityQuerySpaceImpl(uid=<gen:1>, entity=edu.matc.entity.Event)
                - SQL table alias mapping - events0_
                - alias suffix - 1_
                - suffixed key columns - {id1_0_1_}

[DEBUG] 2020-10-07 23:44:16.488 [main] CollectionLoader - Static select for collection edu.matc.entity.User.events: select events0_.user_id as user_id4_0_0_, events0_.id as id1_0_0_, events0_.id as id1_0_1_, events0_.budget as budget2_0_1_, events0_.location as location3_0_1_, events0_.user_id as user_id4_0_1_ from events events0_ where events0_.user_id=?
[DEBUG] 2020-10-07 23:44:16.624 [main] SchemaManagementToolCoordinator - No actions specified; doing nothing
[DEBUG] 2020-10-07 23:44:16.625 [main] JtaPlatformInitiator - No JtaPlatform was specified, checking resolver
[DEBUG] 2020-10-07 23:44:16.629 [main] JtaPlatformResolverInitiator - No JtaPlatformResolver was specified, using default [org.hibernate.engine.transaction.jta.platform.internal.StandardJtaPlatformResolver]
[DEBUG] 2020-10-07 23:44:16.667 [main] StandardJtaPlatformResolver - Could not resolve JtaPlatform, using default [org.hibernate.engine.transaction.jta.platform.internal.NoJtaPlatform]
[INFO ] 2020-10-07 23:44:16.675 [main] JtaPlatformInitiator - HHH000490: Using JtaPlatform implementation: [org.hibernate.engine.transaction.jta.platform.internal.NoJtaPlatform]
[DEBUG] 2020-10-07 23:44:16.681 [main] NamedQueryRepository - Checking 0 named HQL queries
[DEBUG] 2020-10-07 23:44:16.681 [main] NamedQueryRepository - Checking 0 named SQL queries
[DEBUG] 2020-10-07 23:44:16.686 [main] SessionFactoryRegistry - Initializing SessionFactoryRegistry : org.hibernate.internal.SessionFactoryRegistry@100bba26
[DEBUG] 2020-10-07 23:44:16.690 [main] SessionFactoryRegistry - Registering SessionFactory: 1d46f094-d453-4b24-b52d-fefa97183793 (<unnamed>)
[DEBUG] 2020-10-07 23:44:16.690 [main] SessionFactoryRegistry - Not binding SessionFactory to JNDI, no JNDI name configured
[DEBUG] 2020-10-07 23:44:17.031 [main] StatisticsInitiator - Statistics initialized [enabled=false]
[DEBUG] 2020-10-07 23:44:17.049 [main] TransactionImpl - On TransactionImpl creation, JpaCompliance#isJpaTransactionComplianceEnabled == false
[DEBUG] 2020-10-07 23:44:17.050 [main] TransactionImpl - begin
[DEBUG] 2020-10-07 23:44:17.088 [main] ActionQueue - Executing identity-insert immediately
[DEBUG] 2020-10-07 23:44:17.094 [main] SQL - insert into user (first_name, last_name, user_name, wedding_date) values (?, ?, ?, ?)
[DEBUG] 2020-10-07 23:44:17.121 [main] IdentifierGeneratorHelper - Natively generated identity: 37
[DEBUG] 2020-10-07 23:44:17.121 [main] ResourceRegistryStandardImpl - HHH000387: ResultSet's statement was not registered
[DEBUG] 2020-10-07 23:44:17.125 [main] ActionQueue - Executing identity-insert immediately
[DEBUG] 2020-10-07 23:44:17.126 [main] SQL - insert into events (budget, location, user_id) values (?, ?, ?)
[DEBUG] 2020-10-07 23:44:17.137 [main] IdentifierGeneratorHelper - Natively generated identity: 8
[DEBUG] 2020-10-07 23:44:17.138 [main] ResourceRegistryStandardImpl - HHH000387: ResultSet's statement was not registered
[DEBUG] 2020-10-07 23:44:17.143 [main] TransactionImpl - committing
[DEBUG] 2020-10-07 23:44:17.145 [main] AbstractFlushingEventListener - Processing flush-time cascades
[DEBUG] 2020-10-07 23:44:17.148 [main] AbstractFlushingEventListener - Dirty checking collections
[DEBUG] 2020-10-07 23:44:17.164 [main] Collections - Collection found: [edu.matc.entity.User.events#37], was: [<unreferenced>] (initialized)
[DEBUG] 2020-10-07 23:44:17.169 [main] AbstractFlushingEventListener - Flushed: 0 insertions, 0 updates, 0 deletions to 2 objects
[DEBUG] 2020-10-07 23:44:17.171 [main] AbstractFlushingEventListener - Flushed: 1 (re)creations, 0 updates, 0 removals to 1 collections
[DEBUG] 2020-10-07 23:44:17.174 [main] EntityPrinter - Listing entities:
[DEBUG] 2020-10-07 23:44:17.174 [main] EntityPrinter - edu.matc.entity.Event{location=null, id=8, user=null, budget=0}
[DEBUG] 2020-10-07 23:44:17.174 [main] EntityPrinter - edu.matc.entity.User{firstName=Fred, lastName=Flintstone, weddingDate=null, id=37, userName=fflintstone, events=[edu.matc.entity.Event#8]}
[DEBUG] 2020-10-07 23:44:17.182 [main] LogicalConnectionManagedImpl - Initiating JDBC connection release from afterTransaction
[DEBUG] 2020-10-07 23:44:17.183 [main] LogicalConnectionManagedImpl - Initiating JDBC connection release from afterTransaction
[DEBUG] 2020-10-07 23:44:17.217 [main] SQL - select user0_.id as id1_1_0_, user0_.first_name as first_na2_1_0_, user0_.last_name as last_nam3_1_0_, user0_.user_name as user_nam4_1_0_, user0_.wedding_date as wedding_5_1_0_, events1_.user_id as user_id4_0_1_, events1_.id as id1_0_1_, events1_.id as id1_0_2_, events1_.budget as budget2_0_2_, events1_.location as location3_0_2_, events1_.user_id as user_id4_0_2_ from user user0_ left outer join events events1_ on user0_.id=events1_.user_id where user0_.id=?
[DEBUG] 2020-10-07 23:44:17.227 [main] ResultSetProcessorImpl - Starting ResultSet row #0
[DEBUG] 2020-10-07 23:44:17.231 [main] EntityReferenceInitializerImpl - On call to EntityIdentifierReaderImpl#resolve, EntityKey was already known; should only happen on root returns with an optional identifier specified
[DEBUG] 2020-10-07 23:44:17.237 [main] CollectionReferenceInitializerImpl - Result set contains (possibly empty) collection: [edu.matc.entity.User.events#37]
[DEBUG] 2020-10-07 23:44:17.249 [main] TwoPhaseLoad - Resolving attributes for [edu.matc.entity.User#37]
[DEBUG] 2020-10-07 23:44:17.249 [main] TwoPhaseLoad - Processing attribute `events` : value = NOT NULL COLLECTION
[DEBUG] 2020-10-07 23:44:17.249 [main] TwoPhaseLoad - Attribute (`events`)  - enhanced for lazy-loading? - false
[DEBUG] 2020-10-07 23:44:17.249 [main] TwoPhaseLoad - Processing attribute `firstName` : value = Fred
[DEBUG] 2020-10-07 23:44:17.249 [main] TwoPhaseLoad - Attribute (`firstName`)  - enhanced for lazy-loading? - false
[DEBUG] 2020-10-07 23:44:17.249 [main] TwoPhaseLoad - Processing attribute `lastName` : value = Flintstone
[DEBUG] 2020-10-07 23:44:17.249 [main] TwoPhaseLoad - Attribute (`lastName`)  - enhanced for lazy-loading? - false
[DEBUG] 2020-10-07 23:44:17.249 [main] TwoPhaseLoad - Processing attribute `userName` : value = fflintstone
[DEBUG] 2020-10-07 23:44:17.249 [main] TwoPhaseLoad - Attribute (`userName`)  - enhanced for lazy-loading? - false
[DEBUG] 2020-10-07 23:44:17.249 [main] TwoPhaseLoad - Processing attribute `weddingDate` : value = null
[DEBUG] 2020-10-07 23:44:17.249 [main] TwoPhaseLoad - Attribute (`weddingDate`)  - enhanced for lazy-loading? - false
[DEBUG] 2020-10-07 23:44:17.249 [main] TwoPhaseLoad - Done materializing entity [edu.matc.entity.User#37]
[DEBUG] 2020-10-07 23:44:17.250 [main] CollectionLoadContext - 1 collections were found in result set for role: edu.matc.entity.User.events
[DEBUG] 2020-10-07 23:44:17.250 [main] CollectionLoadContext - Collection fully initialized: [edu.matc.entity.User.events#37]
[DEBUG] 2020-10-07 23:44:17.250 [main] CollectionLoadContext - 1 collections initialized for role: edu.matc.entity.User.events
[DEBUG] 2020-10-07 23:44:17.250 [main] ResourceRegistryStandardImpl - HHH000387: ResultSet's statement was not registered
[DEBUG] 2020-10-07 23:44:17.250 [main] AbstractLoadPlanBasedEntityLoader - Done entity load : edu.matc.entity.User#37
[DEBUG] 2020-10-07 23:44:17.250 [main] LogicalConnectionManagedImpl - Initiating JDBC connection release from afterTransaction
