[DEBUG] 2020-10-07 23:51:44.192 [main] IntegratorServiceImpl - Adding Integrator [org.hibernate.cfg.beanvalidation.BeanValidationIntegrator].
[DEBUG] 2020-10-07 23:51:44.213 [main] IntegratorServiceImpl - Adding Integrator [org.hibernate.secure.spi.JaccIntegrator].
[DEBUG] 2020-10-07 23:51:44.227 [main] IntegratorServiceImpl - Adding Integrator [org.hibernate.cache.internal.CollectionCacheInvalidator].
[INFO ] 2020-10-07 23:51:44.483 [main] Version - HHH000412: Hibernate Core {5.4.4.Final}
[DEBUG] 2020-10-07 23:51:44.491 [main] Environment - HHH000206: hibernate.properties not found
[DEBUG] 2020-10-07 23:51:45.173 [main] LocalXmlResourceResolver - Interpreting public/system identifier : [-//Hibernate/Hibernate Configuration DTD//EN] - [http://www.hibernate.org/dtd/hibernate-configuration-3.0.dtd]
[DEBUG] 2020-10-07 23:51:45.174 [main] LocalXmlResourceResolver - Recognized hibernate-configuration identifier; attempting to resolve on classpath under org/hibernate/
[DEBUG] 2020-10-07 23:51:45.202 [main] JaxbCfgProcessor - cfg.xml document did not define namespaces; wrapping in custom event reader to introduce namespace information
[DEBUG] 2020-10-07 23:51:46.404 [main] ServiceBinding - Overriding existing service binding [org.hibernate.secure.spi.JaccService]
[DEBUG] 2020-10-07 23:51:46.459 [main] RegionFactoryInitiator - Cannot default RegionFactory based on registered strategies as `[]` RegionFactory strategies were registered
[DEBUG] 2020-10-07 23:51:46.469 [main] RegionFactoryInitiator - Cache region factory : org.hibernate.cache.internal.NoCachingRegionFactory
[INFO ] 2020-10-07 23:51:46.534 [main] Version - HCANN000001: Hibernate Commons Annotations {5.1.0.Final}
[DEBUG] 2020-10-07 23:51:46.619 [main] BasicTypeRegistry - Adding type registration boolean -> org.hibernate.type.BooleanType@58065f0c
[DEBUG] 2020-10-07 23:51:46.623 [main] BasicTypeRegistry - Adding type registration boolean -> org.hibernate.type.BooleanType@58065f0c
[DEBUG] 2020-10-07 23:51:46.623 [main] BasicTypeRegistry - Adding type registration java.lang.Boolean -> org.hibernate.type.BooleanType@58065f0c
[DEBUG] 2020-10-07 23:51:46.624 [main] BasicTypeRegistry - Adding type registration numeric_boolean -> org.hibernate.type.NumericBooleanType@726a6b94
[DEBUG] 2020-10-07 23:51:46.624 [main] BasicTypeRegistry - Adding type registration true_false -> org.hibernate.type.TrueFalseType@1ee29c84
[DEBUG] 2020-10-07 23:51:46.625 [main] BasicTypeRegistry - Adding type registration yes_no -> org.hibernate.type.YesNoType@69ce2f62
[DEBUG] 2020-10-07 23:51:46.629 [main] BasicTypeRegistry - Adding type registration byte -> org.hibernate.type.ByteType@720653c2
[DEBUG] 2020-10-07 23:51:46.629 [main] BasicTypeRegistry - Adding type registration byte -> org.hibernate.type.ByteType@720653c2
[DEBUG] 2020-10-07 23:51:46.631 [main] BasicTypeRegistry - Adding type registration java.lang.Byte -> org.hibernate.type.ByteType@720653c2
[DEBUG] 2020-10-07 23:51:46.634 [main] BasicTypeRegistry - Adding type registration character -> org.hibernate.type.CharacterType@4fe01803
[DEBUG] 2020-10-07 23:51:46.637 [main] BasicTypeRegistry - Adding type registration char -> org.hibernate.type.CharacterType@4fe01803
[DEBUG] 2020-10-07 23:51:46.637 [main] BasicTypeRegistry - Adding type registration java.lang.Character -> org.hibernate.type.CharacterType@4fe01803
[DEBUG] 2020-10-07 23:51:46.638 [main] BasicTypeRegistry - Adding type registration short -> org.hibernate.type.ShortType@599f571f
[DEBUG] 2020-10-07 23:51:46.638 [main] BasicTypeRegistry - Adding type registration short -> org.hibernate.type.ShortType@599f571f
[DEBUG] 2020-10-07 23:51:46.638 [main] BasicTypeRegistry - Adding type registration java.lang.Short -> org.hibernate.type.ShortType@599f571f
[DEBUG] 2020-10-07 23:51:46.639 [main] BasicTypeRegistry - Adding type registration integer -> org.hibernate.type.IntegerType@65327f5
[DEBUG] 2020-10-07 23:51:46.639 [main] BasicTypeRegistry - Adding type registration int -> org.hibernate.type.IntegerType@65327f5
[DEBUG] 2020-10-07 23:51:46.639 [main] BasicTypeRegistry - Adding type registration java.lang.Integer -> org.hibernate.type.IntegerType@65327f5
[DEBUG] 2020-10-07 23:51:46.640 [main] BasicTypeRegistry - Adding type registration long -> org.hibernate.type.LongType@349d0836
[DEBUG] 2020-10-07 23:51:46.648 [main] BasicTypeRegistry - Adding type registration long -> org.hibernate.type.LongType@349d0836
[DEBUG] 2020-10-07 23:51:46.648 [main] BasicTypeRegistry - Adding type registration java.lang.Long -> org.hibernate.type.LongType@349d0836
[DEBUG] 2020-10-07 23:51:46.649 [main] BasicTypeRegistry - Adding type registration float -> org.hibernate.type.FloatType@4917d36b
[DEBUG] 2020-10-07 23:51:46.649 [main] BasicTypeRegistry - Adding type registration float -> org.hibernate.type.FloatType@4917d36b
[DEBUG] 2020-10-07 23:51:46.650 [main] BasicTypeRegistry - Adding type registration java.lang.Float -> org.hibernate.type.FloatType@4917d36b
[DEBUG] 2020-10-07 23:51:46.650 [main] BasicTypeRegistry - Adding type registration double -> org.hibernate.type.DoubleType@4905c46b
[DEBUG] 2020-10-07 23:51:46.650 [main] BasicTypeRegistry - Adding type registration double -> org.hibernate.type.DoubleType@4905c46b
[DEBUG] 2020-10-07 23:51:46.651 [main] BasicTypeRegistry - Adding type registration java.lang.Double -> org.hibernate.type.DoubleType@4905c46b
[DEBUG] 2020-10-07 23:51:46.652 [main] BasicTypeRegistry - Adding type registration big_decimal -> org.hibernate.type.BigDecimalType@693e4d19
[DEBUG] 2020-10-07 23:51:46.652 [main] BasicTypeRegistry - Adding type registration java.math.BigDecimal -> org.hibernate.type.BigDecimalType@693e4d19
[DEBUG] 2020-10-07 23:51:46.653 [main] BasicTypeRegistry - Adding type registration big_integer -> org.hibernate.type.BigIntegerType@57bd802b
[DEBUG] 2020-10-07 23:51:46.653 [main] BasicTypeRegistry - Adding type registration java.math.BigInteger -> org.hibernate.type.BigIntegerType@57bd802b
[DEBUG] 2020-10-07 23:51:46.654 [main] BasicTypeRegistry - Adding type registration string -> org.hibernate.type.StringType@27068a50
[DEBUG] 2020-10-07 23:51:46.654 [main] BasicTypeRegistry - Adding type registration java.lang.String -> org.hibernate.type.StringType@27068a50
[DEBUG] 2020-10-07 23:51:46.654 [main] BasicTypeRegistry - Adding type registration nstring -> org.hibernate.type.StringNVarcharType@48bfb884
[DEBUG] 2020-10-07 23:51:46.655 [main] BasicTypeRegistry - Adding type registration ncharacter -> org.hibernate.type.CharacterNCharType@2e52fb3e
[DEBUG] 2020-10-07 23:51:46.656 [main] BasicTypeRegistry - Adding type registration url -> org.hibernate.type.UrlType@bd2f5a9
[DEBUG] 2020-10-07 23:51:46.656 [main] BasicTypeRegistry - Adding type registration java.net.URL -> org.hibernate.type.UrlType@bd2f5a9
[DEBUG] 2020-10-07 23:51:46.657 [main] BasicTypeRegistry - Adding type registration Duration -> org.hibernate.type.DurationType@47c64cfe
[DEBUG] 2020-10-07 23:51:46.657 [main] BasicTypeRegistry - Adding type registration java.time.Duration -> org.hibernate.type.DurationType@47c64cfe
[DEBUG] 2020-10-07 23:51:46.670 [main] BasicTypeRegistry - Adding type registration Instant -> org.hibernate.type.InstantType@67ec8477
[DEBUG] 2020-10-07 23:51:46.671 [main] BasicTypeRegistry - Adding type registration java.time.Instant -> org.hibernate.type.InstantType@67ec8477
[DEBUG] 2020-10-07 23:51:46.673 [main] BasicTypeRegistry - Adding type registration LocalDateTime -> org.hibernate.type.LocalDateTimeType@278f8425
[DEBUG] 2020-10-07 23:51:46.674 [main] BasicTypeRegistry - Adding type registration java.time.LocalDateTime -> org.hibernate.type.LocalDateTimeType@278f8425
[DEBUG] 2020-10-07 23:51:46.675 [main] BasicTypeRegistry - Adding type registration LocalDate -> org.hibernate.type.LocalDateType@4a1c0752
[DEBUG] 2020-10-07 23:51:46.675 [main] BasicTypeRegistry - Adding type registration java.time.LocalDate -> org.hibernate.type.LocalDateType@4a1c0752
[DEBUG] 2020-10-07 23:51:46.679 [main] BasicTypeRegistry - Adding type registration LocalTime -> org.hibernate.type.LocalTimeType@847f3e7
[DEBUG] 2020-10-07 23:51:46.679 [main] BasicTypeRegistry - Adding type registration java.time.LocalTime -> org.hibernate.type.LocalTimeType@847f3e7
[DEBUG] 2020-10-07 23:51:46.680 [main] BasicTypeRegistry - Adding type registration OffsetDateTime -> org.hibernate.type.OffsetDateTimeType@175acfb2
[DEBUG] 2020-10-07 23:51:46.680 [main] BasicTypeRegistry - Adding type registration java.time.OffsetDateTime -> org.hibernate.type.OffsetDateTimeType@175acfb2
[DEBUG] 2020-10-07 23:51:46.684 [main] BasicTypeRegistry - Adding type registration OffsetTime -> org.hibernate.type.OffsetTimeType@247667dd
[DEBUG] 2020-10-07 23:51:46.684 [main] BasicTypeRegistry - Adding type registration java.time.OffsetTime -> org.hibernate.type.OffsetTimeType@247667dd
[DEBUG] 2020-10-07 23:51:46.687 [main] BasicTypeRegistry - Adding type registration ZonedDateTime -> org.hibernate.type.ZonedDateTimeType@1d4664d7
[DEBUG] 2020-10-07 23:51:46.687 [main] BasicTypeRegistry - Adding type registration java.time.ZonedDateTime -> org.hibernate.type.ZonedDateTimeType@1d4664d7
[DEBUG] 2020-10-07 23:51:46.688 [main] BasicTypeRegistry - Adding type registration date -> org.hibernate.type.DateType@59942b48
[DEBUG] 2020-10-07 23:51:46.688 [main] BasicTypeRegistry - Adding type registration java.sql.Date -> org.hibernate.type.DateType@59942b48
[DEBUG] 2020-10-07 23:51:46.689 [main] BasicTypeRegistry - Adding type registration time -> org.hibernate.type.TimeType@6872f9c8
[DEBUG] 2020-10-07 23:51:46.689 [main] BasicTypeRegistry - Adding type registration java.sql.Time -> org.hibernate.type.TimeType@6872f9c8
[DEBUG] 2020-10-07 23:51:46.691 [main] BasicTypeRegistry - Adding type registration timestamp -> org.hibernate.type.TimestampType@3a095ec0
[DEBUG] 2020-10-07 23:51:46.691 [main] BasicTypeRegistry - Adding type registration java.sql.Timestamp -> org.hibernate.type.TimestampType@3a095ec0
[DEBUG] 2020-10-07 23:51:46.692 [main] BasicTypeRegistry - Adding type registration java.util.Date -> org.hibernate.type.TimestampType@3a095ec0
[DEBUG] 2020-10-07 23:51:46.693 [main] BasicTypeRegistry - Adding type registration dbtimestamp -> org.hibernate.type.DbTimestampType@6df7988f
[DEBUG] 2020-10-07 23:51:46.694 [main] BasicTypeRegistry - Adding type registration calendar -> org.hibernate.type.CalendarType@21fff664
[DEBUG] 2020-10-07 23:51:46.694 [main] BasicTypeRegistry - Adding type registration java.util.Calendar -> org.hibernate.type.CalendarType@21fff664
[DEBUG] 2020-10-07 23:51:46.694 [main] BasicTypeRegistry - Adding type registration java.util.GregorianCalendar -> org.hibernate.type.CalendarType@21fff664
[DEBUG] 2020-10-07 23:51:46.695 [main] BasicTypeRegistry - Adding type registration calendar_date -> org.hibernate.type.CalendarDateType@5486887b
[DEBUG] 2020-10-07 23:51:46.697 [main] BasicTypeRegistry - Adding type registration locale -> org.hibernate.type.LocaleType@4d33940d
[DEBUG] 2020-10-07 23:51:46.697 [main] BasicTypeRegistry - Adding type registration java.util.Locale -> org.hibernate.type.LocaleType@4d33940d
[DEBUG] 2020-10-07 23:51:46.698 [main] BasicTypeRegistry - Adding type registration currency -> org.hibernate.type.CurrencyType@7051777c
[DEBUG] 2020-10-07 23:51:46.698 [main] BasicTypeRegistry - Adding type registration java.util.Currency -> org.hibernate.type.CurrencyType@7051777c
[DEBUG] 2020-10-07 23:51:46.699 [main] BasicTypeRegistry - Adding type registration timezone -> org.hibernate.type.TimeZoneType@2b97cc1f
[DEBUG] 2020-10-07 23:51:46.699 [main] BasicTypeRegistry - Adding type registration java.util.TimeZone -> org.hibernate.type.TimeZoneType@2b97cc1f
[DEBUG] 2020-10-07 23:51:46.700 [main] BasicTypeRegistry - Adding type registration class -> org.hibernate.type.ClassType@44afefd5
[DEBUG] 2020-10-07 23:51:46.702 [main] BasicTypeRegistry - Adding type registration java.lang.Class -> org.hibernate.type.ClassType@44afefd5
[DEBUG] 2020-10-07 23:51:46.704 [main] BasicTypeRegistry - Adding type registration uuid-binary -> org.hibernate.type.UUIDBinaryType@4650a407
[DEBUG] 2020-10-07 23:51:46.704 [main] BasicTypeRegistry - Adding type registration java.util.UUID -> org.hibernate.type.UUIDBinaryType@4650a407
[DEBUG] 2020-10-07 23:51:46.704 [main] BasicTypeRegistry - Adding type registration uuid-char -> org.hibernate.type.UUIDCharType@53dfacba
[DEBUG] 2020-10-07 23:51:46.705 [main] BasicTypeRegistry - Adding type registration binary -> org.hibernate.type.BinaryType@16c3ca31
[DEBUG] 2020-10-07 23:51:46.705 [main] BasicTypeRegistry - Adding type registration byte[] -> org.hibernate.type.BinaryType@16c3ca31
[DEBUG] 2020-10-07 23:51:46.705 [main] BasicTypeRegistry - Adding type registration [B -> org.hibernate.type.BinaryType@16c3ca31
[DEBUG] 2020-10-07 23:51:46.706 [main] BasicTypeRegistry - Adding type registration wrapper-binary -> org.hibernate.type.WrapperBinaryType@48ea2003
[DEBUG] 2020-10-07 23:51:46.707 [main] BasicTypeRegistry - Adding type registration Byte[] -> org.hibernate.type.WrapperBinaryType@48ea2003
[DEBUG] 2020-10-07 23:51:46.707 [main] BasicTypeRegistry - Adding type registration [Ljava.lang.Byte; -> org.hibernate.type.WrapperBinaryType@48ea2003
[DEBUG] 2020-10-07 23:51:46.708 [main] BasicTypeRegistry - Adding type registration row_version -> org.hibernate.type.RowVersionType@56de6d6b
[DEBUG] 2020-10-07 23:51:46.713 [main] BasicTypeRegistry - Adding type registration image -> org.hibernate.type.ImageType@1473b8c0
[DEBUG] 2020-10-07 23:51:46.714 [main] BasicTypeRegistry - Adding type registration characters -> org.hibernate.type.CharArrayType@33abde31
[DEBUG] 2020-10-07 23:51:46.714 [main] BasicTypeRegistry - Adding type registration char[] -> org.hibernate.type.CharArrayType@33abde31
[DEBUG] 2020-10-07 23:51:46.714 [main] BasicTypeRegistry - Adding type registration [C -> org.hibernate.type.CharArrayType@33abde31
[DEBUG] 2020-10-07 23:51:46.716 [main] BasicTypeRegistry - Adding type registration wrapper-characters -> org.hibernate.type.CharacterArrayType@b558294
[DEBUG] 2020-10-07 23:51:46.716 [main] BasicTypeRegistry - Adding type registration [Ljava.lang.Character; -> org.hibernate.type.CharacterArrayType@b558294
[DEBUG] 2020-10-07 23:51:46.716 [main] BasicTypeRegistry - Adding type registration Character[] -> org.hibernate.type.CharacterArrayType@b558294
[DEBUG] 2020-10-07 23:51:46.716 [main] BasicTypeRegistry - Adding type registration text -> org.hibernate.type.TextType@4c9e38
[DEBUG] 2020-10-07 23:51:46.718 [main] BasicTypeRegistry - Adding type registration ntext -> org.hibernate.type.NTextType@5f14a673
[DEBUG] 2020-10-07 23:51:46.719 [main] BasicTypeRegistry - Adding type registration blob -> org.hibernate.type.BlobType@65cc8228
[DEBUG] 2020-10-07 23:51:46.719 [main] BasicTypeRegistry - Adding type registration java.sql.Blob -> org.hibernate.type.BlobType@65cc8228
[DEBUG] 2020-10-07 23:51:46.719 [main] BasicTypeRegistry - Adding type registration materialized_blob -> org.hibernate.type.MaterializedBlobType@77ee25f1
[DEBUG] 2020-10-07 23:51:46.720 [main] BasicTypeRegistry - Adding type registration clob -> org.hibernate.type.ClobType@2ca6546f
[DEBUG] 2020-10-07 23:51:46.721 [main] BasicTypeRegistry - Adding type registration java.sql.Clob -> org.hibernate.type.ClobType@2ca6546f
[DEBUG] 2020-10-07 23:51:46.726 [main] BasicTypeRegistry - Adding type registration nclob -> org.hibernate.type.NClobType@30404dba
[DEBUG] 2020-10-07 23:51:46.727 [main] BasicTypeRegistry - Adding type registration java.sql.NClob -> org.hibernate.type.NClobType@30404dba
[DEBUG] 2020-10-07 23:51:46.728 [main] BasicTypeRegistry - Adding type registration materialized_clob -> org.hibernate.type.MaterializedClobType@11841b15
[DEBUG] 2020-10-07 23:51:46.728 [main] BasicTypeRegistry - Adding type registration materialized_nclob -> org.hibernate.type.MaterializedNClobType@34523d46
[DEBUG] 2020-10-07 23:51:46.729 [main] BasicTypeRegistry - Adding type registration serializable -> org.hibernate.type.SerializableType@51751e5f
[DEBUG] 2020-10-07 23:51:46.738 [main] BasicTypeRegistry - Adding type registration object -> org.hibernate.type.ObjectType@425d5d46
[DEBUG] 2020-10-07 23:51:46.738 [main] BasicTypeRegistry - Adding type registration java.lang.Object -> org.hibernate.type.ObjectType@425d5d46
[DEBUG] 2020-10-07 23:51:46.739 [main] BasicTypeRegistry - Adding type registration imm_date -> org.hibernate.type.AdaptedImmutableType@7a639ec5
[DEBUG] 2020-10-07 23:51:46.741 [main] BasicTypeRegistry - Adding type registration imm_time -> org.hibernate.type.AdaptedImmutableType@14151bc5
[DEBUG] 2020-10-07 23:51:46.744 [main] BasicTypeRegistry - Adding type registration imm_timestamp -> org.hibernate.type.AdaptedImmutableType@3013909b
[DEBUG] 2020-10-07 23:51:46.744 [main] BasicTypeRegistry - Adding type registration imm_dbtimestamp -> org.hibernate.type.AdaptedImmutableType@2a49fe
[DEBUG] 2020-10-07 23:51:46.744 [main] BasicTypeRegistry - Adding type registration imm_calendar -> org.hibernate.type.AdaptedImmutableType@66596a88
[DEBUG] 2020-10-07 23:51:46.744 [main] BasicTypeRegistry - Adding type registration imm_calendar_date -> org.hibernate.type.AdaptedImmutableType@5aae8eb5
[DEBUG] 2020-10-07 23:51:46.744 [main] BasicTypeRegistry - Adding type registration imm_binary -> org.hibernate.type.AdaptedImmutableType@76954a33
[DEBUG] 2020-10-07 23:51:46.744 [main] BasicTypeRegistry - Adding type registration imm_serializable -> org.hibernate.type.AdaptedImmutableType@24a298a6
[DEBUG] 2020-10-07 23:51:46.839 [main] DefaultIdentifierGeneratorFactory - Registering IdentifierGenerator strategy [uuid2] -> [org.hibernate.id.UUIDGenerator]
[DEBUG] 2020-10-07 23:51:46.839 [main] DefaultIdentifierGeneratorFactory - Registering IdentifierGenerator strategy [guid] -> [org.hibernate.id.GUIDGenerator]
[DEBUG] 2020-10-07 23:51:46.840 [main] DefaultIdentifierGeneratorFactory - Registering IdentifierGenerator strategy [uuid] -> [org.hibernate.id.UUIDHexGenerator]
[DEBUG] 2020-10-07 23:51:46.841 [main] DefaultIdentifierGeneratorFactory - Registering IdentifierGenerator strategy [uuid.hex] -> [org.hibernate.id.UUIDHexGenerator]
[DEBUG] 2020-10-07 23:51:46.843 [main] DefaultIdentifierGeneratorFactory - Registering IdentifierGenerator strategy [assigned] -> [org.hibernate.id.Assigned]
[DEBUG] 2020-10-07 23:51:46.844 [main] DefaultIdentifierGeneratorFactory - Registering IdentifierGenerator strategy [identity] -> [org.hibernate.id.IdentityGenerator]
[DEBUG] 2020-10-07 23:51:46.844 [main] DefaultIdentifierGeneratorFactory - Registering IdentifierGenerator strategy [select] -> [org.hibernate.id.SelectGenerator]
[DEBUG] 2020-10-07 23:51:46.846 [main] DefaultIdentifierGeneratorFactory - Registering IdentifierGenerator strategy [sequence] -> [org.hibernate.id.enhanced.SequenceStyleGenerator]
[DEBUG] 2020-10-07 23:51:46.847 [main] DefaultIdentifierGeneratorFactory - Registering IdentifierGenerator strategy [seqhilo] -> [org.hibernate.id.SequenceHiLoGenerator]
[DEBUG] 2020-10-07 23:51:46.847 [main] DefaultIdentifierGeneratorFactory - Registering IdentifierGenerator strategy [increment] -> [org.hibernate.id.IncrementGenerator]
[DEBUG] 2020-10-07 23:51:46.848 [main] DefaultIdentifierGeneratorFactory - Registering IdentifierGenerator strategy [foreign] -> [org.hibernate.id.ForeignGenerator]
[DEBUG] 2020-10-07 23:51:46.848 [main] DefaultIdentifierGeneratorFactory - Registering IdentifierGenerator strategy [sequence-identity] -> [org.hibernate.id.SequenceIdentityGenerator]
[DEBUG] 2020-10-07 23:51:46.848 [main] DefaultIdentifierGeneratorFactory - Registering IdentifierGenerator strategy [enhanced-sequence] -> [org.hibernate.id.enhanced.SequenceStyleGenerator]
[DEBUG] 2020-10-07 23:51:46.849 [main] DefaultIdentifierGeneratorFactory - Registering IdentifierGenerator strategy [enhanced-table] -> [org.hibernate.id.enhanced.TableGenerator]
[INFO ] 2020-10-07 23:51:46.861 [main] C3P0ConnectionProvider - HHH010002: C3P0 using driver: com.mysql.cj.jdbc.Driver at URL: jdbc:mysql://localhost:3306/wedding
[INFO ] 2020-10-07 23:51:46.861 [main] C3P0ConnectionProvider - HHH10001001: Connection properties: {password=****, user=root}
[INFO ] 2020-10-07 23:51:46.862 [main] C3P0ConnectionProvider - HHH10001003: Autocommit mode: false
[INFO ] 2020-10-07 23:51:47.122 [main] C3P0ConnectionProvider - HHH10001007: JDBC isolation level: <unknown>
[DEBUG] 2020-10-07 23:51:48.348 [main] JdbcEnvironmentInitiator - Database ->
       name : MySQL
    version : 8.0.21
      major : 8
      minor : 0
[DEBUG] 2020-10-07 23:51:48.349 [main] JdbcEnvironmentInitiator - Driver ->
       name : MySQL Connector/J
    version : mysql-connector-java-8.0.16 (Revision: 34cbc6bc61f72836e26327537a432d6db7c77de6)
      major : 8
      minor : 0
[DEBUG] 2020-10-07 23:51:48.349 [main] JdbcEnvironmentInitiator - JDBC version : 4.2
[INFO ] 2020-10-07 23:51:48.411 [main] Dialect - HHH000400: Using dialect: org.hibernate.dialect.MySQL8Dialect
[DEBUG] 2020-10-07 23:51:48.435 [main] IdentifierHelperBuilder - JDBC driver metadata reported database stores quoted identifiers in more than one case
[DEBUG] 2020-10-07 23:51:48.485 [main] IdentifierHelperBuilder - IdentifierCaseStrategy for both quoted and unquoted identifiers was set to the same strategy [MIXED]; that will likely lead to problems in schema update and validation if using quoted identifiers
[DEBUG] 2020-10-07 23:51:48.564 [main] Namespace - Created database namespace [logicalName=Name{catalog=null, schema=null}, physicalName=Name{catalog=null, schema=null}]
[DEBUG] 2020-10-07 23:51:48.572 [main] TypeConfiguration$Scope - Scoping TypeConfiguration [org.hibernate.type.spi.TypeConfiguration@78525ef9] to MetadataBuildingContext [org.hibernate.boot.internal.MetadataBuildingContextRootImpl@2d0ecb24]
[DEBUG] 2020-10-07 23:51:48.662 [main] AnnotationBinder - Binding entity from annotated class: edu.matc.entity.User
[DEBUG] 2020-10-07 23:51:48.697 [main] Ejb3Column - Binding column: Ejb3DiscriminatorColumn{logicalColumnName'DTYPE', discriminatorTypeName='string'}
[DEBUG] 2020-10-07 23:51:48.705 [main] EntityBinder - Import with entity name User
[DEBUG] 2020-10-07 23:51:48.709 [main] EntityBinder - Bind entity edu.matc.entity.User on table user
[DEBUG] 2020-10-07 23:51:48.756 [main] Ejb3Column - Binding column: Ejb3Column{table=org.hibernate.mapping.Table(user), mappingColumn=id, insertable=true, updatable=true, unique=false}
[DEBUG] 2020-10-07 23:51:48.761 [main] PropertyBinder - MetadataSourceProcessor property id with lazy=false
[DEBUG] 2020-10-07 23:51:48.765 [main] AbstractPropertyHolder - Attempting to locate auto-apply AttributeConverter for property [edu.matc.entity.User:id]
[DEBUG] 2020-10-07 23:51:48.770 [main] SimpleValueBinder - building SimpleValue for id
[DEBUG] 2020-10-07 23:51:48.772 [main] PropertyBinder - Building property id
[DEBUG] 2020-10-07 23:51:48.774 [main] BinderHelper - #makeIdGenerator(org.hibernate.mapping.SimpleValue([org.hibernate.mapping.Column(id)]), id, org.hibernate.id.enhanced.SequenceStyleGenerator, native, ...)
[DEBUG] 2020-10-07 23:51:48.785 [main] Ejb3Column - Binding column: Ejb3JoinColumn{logicalColumnName='null', referencedColumn='null', mappedBy='user'}
[DEBUG] 2020-10-07 23:51:48.785 [main] Ejb3Column - Binding column: Ejb3Column{table=org.hibernate.mapping.Table(user), mappingColumn=events, insertable=true, updatable=true, unique=false}
[DEBUG] 2020-10-07 23:51:48.788 [main] Ejb3Column - Binding column: Ejb3Column{table=org.hibernate.mapping.Table(user), mappingColumn=null, insertable=true, updatable=true, unique=false}
[DEBUG] 2020-10-07 23:51:48.805 [main] Ejb3Column - Binding column: Ejb3Column{table=org.hibernate.mapping.Table(user), mappingColumn=element, insertable=true, updatable=true, unique=false}
[DEBUG] 2020-10-07 23:51:48.805 [main] Ejb3Column - Binding column: Ejb3Column{table=org.hibernate.mapping.Table(user), mappingColumn=events_KEY, insertable=true, updatable=true, unique=false}
[DEBUG] 2020-10-07 23:51:48.806 [main] Ejb3Column - Binding column: Ejb3JoinColumn{logicalColumnName='events_KEY', referencedColumn='null', mappedBy='null'}
[DEBUG] 2020-10-07 23:51:48.808 [main] Ejb3Column - Binding column: Ejb3JoinColumn{logicalColumnName='null', referencedColumn='null', mappedBy='user'}
[DEBUG] 2020-10-07 23:51:48.808 [main] Ejb3Column - Binding column: Ejb3JoinColumn{logicalColumnName='null', referencedColumn='null', mappedBy='user'}
[DEBUG] 2020-10-07 23:51:48.808 [main] CollectionBinder - Collection role: edu.matc.entity.User.events
[DEBUG] 2020-10-07 23:51:48.815 [main] PropertyBinder - Building property events
[DEBUG] 2020-10-07 23:51:48.815 [main] Ejb3Column - Binding column: Ejb3Column{table=org.hibernate.mapping.Table(user), mappingColumn=first_name, insertable=true, updatable=true, unique=false}
[DEBUG] 2020-10-07 23:51:48.817 [main] PropertyBinder - MetadataSourceProcessor property firstName with lazy=false
[DEBUG] 2020-10-07 23:51:48.817 [main] AbstractPropertyHolder - Attempting to locate auto-apply AttributeConverter for property [edu.matc.entity.User:firstName]
[DEBUG] 2020-10-07 23:51:48.817 [main] SimpleValueBinder - building SimpleValue for firstName
[DEBUG] 2020-10-07 23:51:48.818 [main] PropertyBinder - Building property firstName
[DEBUG] 2020-10-07 23:51:48.819 [main] Ejb3Column - Binding column: Ejb3Column{table=org.hibernate.mapping.Table(user), mappingColumn=last_name, insertable=true, updatable=true, unique=false}
[DEBUG] 2020-10-07 23:51:48.819 [main] PropertyBinder - MetadataSourceProcessor property lastName with lazy=false
[DEBUG] 2020-10-07 23:51:48.819 [main] AbstractPropertyHolder - Attempting to locate auto-apply AttributeConverter for property [edu.matc.entity.User:lastName]
[DEBUG] 2020-10-07 23:51:48.819 [main] SimpleValueBinder - building SimpleValue for lastName
[DEBUG] 2020-10-07 23:51:48.819 [main] PropertyBinder - Building property lastName
[DEBUG] 2020-10-07 23:51:48.819 [main] Ejb3Column - Binding column: Ejb3Column{table=org.hibernate.mapping.Table(user), mappingColumn=user_name, insertable=true, updatable=true, unique=false}
[DEBUG] 2020-10-07 23:51:48.819 [main] PropertyBinder - MetadataSourceProcessor property userName with lazy=false
[DEBUG] 2020-10-07 23:51:48.819 [main] AbstractPropertyHolder - Attempting to locate auto-apply AttributeConverter for property [edu.matc.entity.User:userName]
[DEBUG] 2020-10-07 23:51:48.819 [main] SimpleValueBinder - building SimpleValue for userName
[DEBUG] 2020-10-07 23:51:48.819 [main] PropertyBinder - Building property userName
[DEBUG] 2020-10-07 23:51:48.820 [main] Ejb3Column - Binding column: Ejb3Column{table=org.hibernate.mapping.Table(user), mappingColumn=wedding_date, insertable=true, updatable=true, unique=false}
[DEBUG] 2020-10-07 23:51:48.820 [main] PropertyBinder - MetadataSourceProcessor property weddingDate with lazy=false
[DEBUG] 2020-10-07 23:51:48.820 [main] AbstractPropertyHolder - Attempting to locate auto-apply AttributeConverter for property [edu.matc.entity.User:weddingDate]
[DEBUG] 2020-10-07 23:51:48.822 [main] SimpleValueBinder - building SimpleValue for weddingDate
[DEBUG] 2020-10-07 23:51:48.822 [main] PropertyBinder - Building property weddingDate
[DEBUG] 2020-10-07 23:51:48.823 [main] AnnotationBinder - Binding entity from annotated class: edu.matc.entity.Event
[DEBUG] 2020-10-07 23:51:48.828 [main] Ejb3Column - Binding column: Ejb3DiscriminatorColumn{logicalColumnName'DTYPE', discriminatorTypeName='string'}
[DEBUG] 2020-10-07 23:51:48.829 [main] EntityBinder - Import with entity name Event
[DEBUG] 2020-10-07 23:51:48.829 [main] EntityBinder - Bind entity edu.matc.entity.Event on table events
[DEBUG] 2020-10-07 23:51:48.839 [main] Ejb3Column - Binding column: Ejb3Column{table=org.hibernate.mapping.Table(events), mappingColumn=id, insertable=true, updatable=true, unique=false}
[DEBUG] 2020-10-07 23:51:48.839 [main] PropertyBinder - MetadataSourceProcessor property id with lazy=false
[DEBUG] 2020-10-07 23:51:48.839 [main] AbstractPropertyHolder - Attempting to locate auto-apply AttributeConverter for property [edu.matc.entity.Event:id]
[DEBUG] 2020-10-07 23:51:48.839 [main] SimpleValueBinder - building SimpleValue for id
[DEBUG] 2020-10-07 23:51:48.839 [main] PropertyBinder - Building property id
[DEBUG] 2020-10-07 23:51:48.840 [main] BinderHelper - #makeIdGenerator(org.hibernate.mapping.SimpleValue([org.hibernate.mapping.Column(id)]), id, org.hibernate.id.enhanced.SequenceStyleGenerator, native, ...)
[DEBUG] 2020-10-07 23:51:48.840 [main] Ejb3Column - Binding column: Ejb3Column{table=org.hibernate.mapping.Table(events), mappingColumn=budget, insertable=true, updatable=true, unique=false}
[DEBUG] 2020-10-07 23:51:48.840 [main] PropertyBinder - MetadataSourceProcessor property budget with lazy=false
[DEBUG] 2020-10-07 23:51:48.840 [main] AbstractPropertyHolder - Attempting to locate auto-apply AttributeConverter for property [edu.matc.entity.Event:budget]
[DEBUG] 2020-10-07 23:51:48.841 [main] SimpleValueBinder - building SimpleValue for budget
[DEBUG] 2020-10-07 23:51:48.841 [main] PropertyBinder - Building property budget
[DEBUG] 2020-10-07 23:51:48.841 [main] Ejb3Column - Binding column: Ejb3Column{table=org.hibernate.mapping.Table(events), mappingColumn=location, insertable=true, updatable=true, unique=false}
[DEBUG] 2020-10-07 23:51:48.841 [main] PropertyBinder - MetadataSourceProcessor property location with lazy=false
[DEBUG] 2020-10-07 23:51:48.841 [main] AbstractPropertyHolder - Attempting to locate auto-apply AttributeConverter for property [edu.matc.entity.Event:location]
[DEBUG] 2020-10-07 23:51:48.841 [main] SimpleValueBinder - building SimpleValue for location
[DEBUG] 2020-10-07 23:51:48.844 [main] PropertyBinder - Building property location
[DEBUG] 2020-10-07 23:51:48.844 [main] Ejb3Column - Binding column: Ejb3JoinColumn{logicalColumnName='null', referencedColumn='null', mappedBy='null'}
[DEBUG] 2020-10-07 23:51:48.844 [main] Ejb3Column - Binding column: Ejb3Column{table=org.hibernate.mapping.Table(events), mappingColumn=user, insertable=true, updatable=true, unique=false}
[DEBUG] 2020-10-07 23:51:48.846 [main] PropertyBinder - Building property user
[DEBUG] 2020-10-07 23:51:48.851 [main] SimpleValueBinder - Starting fillSimpleValue for id
[DEBUG] 2020-10-07 23:51:48.851 [main] SimpleValueBinder - Starting fillSimpleValue for firstName
[DEBUG] 2020-10-07 23:51:48.852 [main] SimpleValueBinder - Starting fillSimpleValue for lastName
[DEBUG] 2020-10-07 23:51:48.852 [main] SimpleValueBinder - Starting fillSimpleValue for userName
[DEBUG] 2020-10-07 23:51:48.852 [main] SimpleValueBinder - Starting fillSimpleValue for weddingDate
[DEBUG] 2020-10-07 23:51:48.852 [main] SimpleValueBinder - Starting fillSimpleValue for id
[DEBUG] 2020-10-07 23:51:48.852 [main] SimpleValueBinder - Starting fillSimpleValue for budget
[DEBUG] 2020-10-07 23:51:48.852 [main] SimpleValueBinder - Starting fillSimpleValue for location
[DEBUG] 2020-10-07 23:51:48.863 [main] PrimaryKey - Forcing column [id] to be non-null as it is part of the primary key for table [user]
[DEBUG] 2020-10-07 23:51:48.863 [main] PrimaryKey - Forcing column [id] to be non-null as it is part of the primary key for table [events]
[DEBUG] 2020-10-07 23:51:48.863 [main] CollectionSecondPass - Second pass for collection: edu.matc.entity.User.events
[DEBUG] 2020-10-07 23:51:48.864 [main] CollectionBinder - Binding a OneToMany: edu.matc.entity.User.events through a foreign key
[DEBUG] 2020-10-07 23:51:48.869 [main] CollectionBinder - Mapping collection: edu.matc.entity.User.events -> events
[DEBUG] 2020-10-07 23:51:48.877 [main] TableBinder - Retrieving property edu.matc.entity.Event.user
[DEBUG] 2020-10-07 23:51:48.877 [main] CollectionSecondPass - Mapped collection key: user_id, one-to-many: edu.matc.entity.Event
[DEBUG] 2020-10-07 23:51:48.878 [main] InFlightMetadataCollectorImpl - Resolving reference to class: edu.matc.entity.User
[DEBUG] 2020-10-07 23:51:48.882 [main] InFlightMetadataCollectorImpl - Resolving reference to class: edu.matc.entity.User
[DEBUG] 2020-10-07 23:51:48.946 [main] SessionFactoryImpl - Building session factory
[DEBUG] 2020-10-07 23:51:48.947 [main] Settings - SessionFactory name : null
[DEBUG] 2020-10-07 23:51:48.947 [main] Settings - Automatic flush during beforeCompletion(): enabled
[DEBUG] 2020-10-07 23:51:48.947 [main] Settings - Automatic session close at end of transaction: disabled
[DEBUG] 2020-10-07 23:51:48.947 [main] Settings - Statistics: disabled
[DEBUG] 2020-10-07 23:51:48.947 [main] Settings - Deleted entity synthetic identifier rollback: disabled
[DEBUG] 2020-10-07 23:51:48.947 [main] Settings - Default entity-mode: pojo
[DEBUG] 2020-10-07 23:51:48.947 [main] Settings - Check Nullability in Core (should be disabled when Bean Validation is on): enabled
[DEBUG] 2020-10-07 23:51:48.948 [main] Settings - Allow initialization of lazy state outside session : disabled
[DEBUG] 2020-10-07 23:51:48.948 [main] Settings - Using BatchFetchStyle : LEGACY
[DEBUG] 2020-10-07 23:51:48.949 [main] Settings - Default batch fetch size: -1
[DEBUG] 2020-10-07 23:51:48.949 [main] Settings - Maximum outer join fetch depth: 2
[DEBUG] 2020-10-07 23:51:48.950 [main] Settings - Default null ordering: NONE
[DEBUG] 2020-10-07 23:51:48.950 [main] Settings - Order SQL updates by primary key: disabled
[DEBUG] 2020-10-07 23:51:48.950 [main] Settings - Order SQL inserts for batching: disabled
[DEBUG] 2020-10-07 23:51:48.950 [main] Settings - multi-tenancy strategy : NONE
[DEBUG] 2020-10-07 23:51:48.950 [main] Settings - JTA Track by Thread: enabled
[DEBUG] 2020-10-07 23:51:48.950 [main] Settings - Query language substitutions: {}
[DEBUG] 2020-10-07 23:51:48.950 [main] Settings - Named query checking : enabled
[DEBUG] 2020-10-07 23:51:48.951 [main] Settings - Second-level cache: disabled
[DEBUG] 2020-10-07 23:51:48.951 [main] Settings - Second-level query cache: disabled
[DEBUG] 2020-10-07 23:51:48.951 [main] Settings - Second-level query cache factory: null
[DEBUG] 2020-10-07 23:51:48.952 [main] Settings - Second-level cache region prefix: null
[DEBUG] 2020-10-07 23:51:48.953 [main] Settings - Optimize second-level cache for minimal puts: disabled
[DEBUG] 2020-10-07 23:51:48.954 [main] Settings - Structured second-level cache entries: disabled
[DEBUG] 2020-10-07 23:51:48.954 [main] Settings - Second-level cache direct-reference entries: disabled
[DEBUG] 2020-10-07 23:51:48.954 [main] Settings - Automatic eviction of collection cache: disabled
[DEBUG] 2020-10-07 23:51:48.954 [main] Settings - JDBC batch size: 15
[DEBUG] 2020-10-07 23:51:48.954 [main] Settings - JDBC batch updates for versioned data: enabled
[DEBUG] 2020-10-07 23:51:48.954 [main] Settings - Scrollable result sets: enabled
[DEBUG] 2020-10-07 23:51:48.954 [main] Settings - Wrap result sets: disabled
[DEBUG] 2020-10-07 23:51:48.954 [main] Settings - JDBC3 getGeneratedKeys(): enabled
[DEBUG] 2020-10-07 23:51:48.954 [main] Settings - JDBC result set fetch size: null
[DEBUG] 2020-10-07 23:51:48.954 [main] Settings - Connection release mode: AFTER_TRANSACTION
[DEBUG] 2020-10-07 23:51:48.955 [main] Settings - Generate SQL with comments: disabled
[DEBUG] 2020-10-07 23:51:48.955 [main] Settings - JPA compliance - query : 
[DEBUG] 2020-10-07 23:51:48.955 [main] Settings - JPA compliance - closed-handling : 
[DEBUG] 2020-10-07 23:51:48.955 [main] Settings - JPA compliance - lists : 
[DEBUG] 2020-10-07 23:51:48.955 [main] Settings - JPA compliance - transactions : 
[INFO ] 2020-10-07 23:51:49.050 [main] beans - HHH10005002: No explicit CDI BeanManager reference was passed to Hibernate, but CDI is available on the Hibernate ClassLoader.
[DEBUG] 2020-10-07 23:51:49.082 [main] SessionFactoryImpl - Session factory constructed with filter configurations : {}
[DEBUG] 2020-10-07 23:51:49.082 [main] SessionFactoryImpl - Instantiating session factory with properties: {sun.desktop=gnome, awt.toolkit=sun.awt.X11.XToolkit, java.specification.version=11, sun.cpu.isalist=, hibernate.c3p0.idle_test_period=3000, sun.jnu.encoding=UTF-8, hibernate.c3p0.min_size=5, java.class.path=/snap/intellij-idea-ultimate/253/lib/idea_rt.jar:/snap/intellij-idea-ultimate/253/plugins/junit/lib/junit5-rt.jar:/snap/intellij-idea-ultimate/253/plugins/junit/lib/junit-rt.jar:/home/student/IdeaProjects/indieproject/target/test-classes:/home/student/IdeaProjects/indieproject/target/classes:/home/student/.m2/repository/org/junit/platform/junit-platform-runner/1.0.0/junit-platform-runner-1.0.0.jar:/home/student/.m2/repository/org/apiguardian/apiguardian-api/1.0.0/apiguardian-api-1.0.0.jar:/home/student/.m2/repository/org/junit/platform/junit-platform-launcher/1.0.0/junit-platform-launcher-1.0.0.jar:/home/student/.m2/repository/org/junit/platform/junit-platform-suite-api/1.0.0/junit-platform-suite-api-1.0.0.jar:/home/student/.m2/repository/org/junit/platform/junit-platform-commons/1.0.0/junit-platform-commons-1.0.0.jar:/home/student/.m2/repository/org/junit/vintage/junit-vintage-engine/4.12.0/junit-vintage-engine-4.12.0.jar:/home/student/.m2/repository/org/junit/platform/junit-platform-engine/1.0.0/junit-platform-engine-1.0.0.jar:/home/student/.m2/repository/org/opentest4j/opentest4j/1.0.0/opentest4j-1.0.0.jar:/home/student/.m2/repository/org/junit/jupiter/junit-jupiter-engine/5.0.0/junit-jupiter-engine-5.0.0.jar:/home/student/.m2/repository/org/junit/jupiter/junit-jupiter-api/5.0.0/junit-jupiter-api-5.0.0.jar:/home/student/.m2/repository/junit/junit/4.12/junit-4.12.jar:/home/student/.m2/repository/org/hamcrest/hamcrest-core/1.3/hamcrest-core-1.3.jar:/home/student/.m2/repository/javax/javaee-web-api/7.0/javaee-web-api-7.0.jar:/home/student/.m2/repository/mysql/mysql-connector-java/8.0.16/mysql-connector-java-8.0.16.jar:/home/student/.m2/repository/com/google/protobuf/protobuf-java/3.6.1/protobuf-java-3.6.1.jar:/home/student/.m2/repository/jstl/jstl/1.2/jstl-1.2.jar:/home/student/.m2/repository/org/apache/logging/log4j/log4j-api/2.10.0/log4j-api-2.10.0.jar:/home/student/.m2/repository/org/apache/logging/log4j/log4j-core/2.10.0/log4j-core-2.10.0.jar:/home/student/.m2/repository/org/hibernate/hibernate-core/5.4.4.Final/hibernate-core-5.4.4.Final.jar:/home/student/.m2/repository/org/jboss/logging/jboss-logging/3.3.2.Final/jboss-logging-3.3.2.Final.jar:/home/student/.m2/repository/javax/persistence/javax.persistence-api/2.2/javax.persistence-api-2.2.jar:/home/student/.m2/repository/org/javassist/javassist/3.24.0-GA/javassist-3.24.0-GA.jar:/home/student/.m2/repository/net/bytebuddy/byte-buddy/1.9.11/byte-buddy-1.9.11.jar:/home/student/.m2/repository/antlr/antlr/2.7.7/antlr-2.7.7.jar:/home/student/.m2/repository/org/jboss/spec/javax/transaction/jboss-transaction-api_1.2_spec/1.1.1.Final/jboss-transaction-api_1.2_spec-1.1.1.Final.jar:/home/student/.m2/repository/org/jboss/jandex/2.0.5.Final/jandex-2.0.5.Final.jar:/home/student/.m2/repository/com/fasterxml/classmate/1.3.4/classmate-1.3.4.jar:/home/student/.m2/repository/javax/activation/javax.activation-api/1.2.0/javax.activation-api-1.2.0.jar:/home/student/.m2/repository/org/dom4j/dom4j/2.1.1/dom4j-2.1.1.jar:/home/student/.m2/repository/org/hibernate/common/hibernate-commons-annotations/5.1.0.Final/hibernate-commons-annotations-5.1.0.Final.jar:/home/student/.m2/repository/javax/xml/bind/jaxb-api/2.3.1/jaxb-api-2.3.1.jar:/home/student/.m2/repository/org/glassfish/jaxb/jaxb-runtime/2.3.1/jaxb-runtime-2.3.1.jar:/home/student/.m2/repository/org/glassfish/jaxb/txw2/2.3.1/txw2-2.3.1.jar:/home/student/.m2/repository/com/sun/istack/istack-commons-runtime/3.0.7/istack-commons-runtime-3.0.7.jar:/home/student/.m2/repository/org/jvnet/staxex/stax-ex/1.8/stax-ex-1.8.jar:/home/student/.m2/repository/com/sun/xml/fastinfoset/FastInfoset/1.2.15/FastInfoset-1.2.15.jar:/home/student/.m2/repository/org/hibernate/hibernate-c3p0/5.4.4.Final/hibernate-c3p0-5.4.4.Final.jar:/home/student/.m2/repository/com/mchange/c3p0/0.9.5.3/c3p0-0.9.5.3.jar:/home/student/.m2/repository/com/mchange/mchange-commons-java/0.2.15/mchange-commons-java-0.2.15.jar, java.vm.vendor=Ubuntu, sun.arch.data.model=64, idea.test.cyclic.buffer.size=1048576, java.vendor.url=https://ubuntu.com/, user.timezone=America/Chicago, os.name=Linux, java.vm.specification.version=11, sun.java.launcher=SUN_STANDARD, user.country=US, sun.boot.library.path=/usr/lib/jvm/java-11-openjdk-amd64/lib, sun.java.command=com.intellij.rt.junit.JUnitStarter -ideVersion5 -junit5 edu.matc.persistence.UserDaoTest,insertWithEventSuccess, jdk.debug=release, sun.cpu.endian=little, user.home=/home/student, hibernate.c3p0.max_statements=50, user.language=en, java.specification.vendor=Oracle Corporation, java.version.date=2020-07-14, java.home=/usr/lib/jvm/java-11-openjdk-amd64, file.separator=/, java.vm.compressedOopsMode=32-bit, line.separator=
, hibernate.c3p0.timeout=300, java.specification.name=Java Platform API Specification, java.vm.specification.vendor=Oracle Corporation, java.awt.graphicsenv=sun.awt.X11GraphicsEnvironment, connection.password=student, sun.management.compiler=HotSpot 64-Bit Tiered Compilers, hibernate.c3p0.max_size=20, java.runtime.version=11.0.8+10-post-Ubuntu-0ubuntu118.04.1, user.name=student, path.separator=:, hibernate.connection.username=****, os.version=5.4.0-48-generic, java.runtime.name=OpenJDK Runtime Environment, hibernate.connection.url=jdbc:mysql://localhost:3306/wedding, file.encoding=UTF-8, java.vm.name=OpenJDK 64-Bit Server VM, hibernate.connection.driver_class=com.mysql.cj.jdbc.Driver, java.vendor.url.bug=https://bugs.launchpad.net/ubuntu/+source/openjdk-lts, java.io.tmpdir=/tmp, java.version=11.0.8, user.dir=/home/student/IdeaProjects/indieproject, os.arch=amd64, connection.username=root, java.vm.specification.name=Java Virtual Machine Specification, java.awt.printerjob=sun.print.PSPrinterJob, hibernate.connection.password=****, sun.os.patch.level=unknown, connection.driver_class=com.mysql.cj.jdbc.Driver, hibernate.boot.CfgXmlAccessService.key=org.hibernate.boot.cfgxml.spi.LoadedConfig@35a0e495, java.library.path=/usr/java/packages/lib:/usr/lib/x86_64-linux-gnu/jni:/lib/x86_64-linux-gnu:/usr/lib/x86_64-linux-gnu:/usr/lib/jni:/lib:/usr/lib, java.vendor=Ubuntu, java.vm.info=mixed mode, sharing, java.vm.version=11.0.8+10-post-Ubuntu-0ubuntu118.04.1, hibernate.bytecode.use_reflection_optimizer=false, sun.io.unicode.encoding=UnicodeLittle, connection.url=jdbc:mysql://localhost:3306/wedding, java.class.version=55.0}
[DEBUG] 2020-10-07 23:51:49.122 [main] TypeSafeActivator - Unable to acquire Bean Validation ValidatorFactory, skipping activation
[DEBUG] 2020-10-07 23:51:49.123 [main] JaccIntegrator - Skipping JACC integration as it was not enabled
[DEBUG] 2020-10-07 23:51:49.124 [main] SessionFactoryImpl - Instantiated session factory
[DEBUG] 2020-10-07 23:51:49.124 [main] TypeConfiguration$Scope - Scoping TypeConfiguration [org.hibernate.type.spi.TypeConfiguration@78525ef9] to SessionFactoryImpl [org.hibernate.internal.SessionFactoryImpl@4c447c09]
[DEBUG] 2020-10-07 23:51:49.288 [main] ClassLoaderAccessImpl - Not known whether passed class name [edu.matc.entity.User] is safe
[DEBUG] 2020-10-07 23:51:49.289 [main] ClassLoaderAccessImpl - No temp ClassLoader provided; using live ClassLoader for loading potentially unsafe class : edu.matc.entity.User
[DEBUG] 2020-10-07 23:51:49.316 [main] ClassLoaderAccessImpl - Not known whether passed class name [edu.matc.entity.User] is safe
[DEBUG] 2020-10-07 23:51:49.316 [main] ClassLoaderAccessImpl - No temp ClassLoader provided; using live ClassLoader for loading potentially unsafe class : edu.matc.entity.User
[DEBUG] 2020-10-07 23:51:49.745 [main] ClassLoaderAccessImpl - Not known whether passed class name [edu.matc.entity.Event] is safe
[DEBUG] 2020-10-07 23:51:49.745 [main] ClassLoaderAccessImpl - No temp ClassLoader provided; using live ClassLoader for loading potentially unsafe class : edu.matc.entity.Event
[DEBUG] 2020-10-07 23:51:49.746 [main] ClassLoaderAccessImpl - Not known whether passed class name [edu.matc.entity.Event] is safe
[DEBUG] 2020-10-07 23:51:49.746 [main] ClassLoaderAccessImpl - No temp ClassLoader provided; using live ClassLoader for loading potentially unsafe class : edu.matc.entity.Event
[DEBUG] 2020-10-07 23:51:49.800 [main] AbstractCollectionPersister - Static SQL for collection: edu.matc.entity.User.events
[DEBUG] 2020-10-07 23:51:49.800 [main] AbstractCollectionPersister -  Row insert: update events set user_id=? where id=?
[DEBUG] 2020-10-07 23:51:49.800 [main] AbstractCollectionPersister -  Row update: update events set  where id=?
[DEBUG] 2020-10-07 23:51:49.800 [main] AbstractCollectionPersister -  Row delete: update events set user_id=null where user_id=? and id=?
[DEBUG] 2020-10-07 23:51:49.800 [main] AbstractCollectionPersister -  One-shot delete: update events set user_id=null where user_id=?
[DEBUG] 2020-10-07 23:51:49.807 [main] AbstractEntityPersister - Static SQL for entity: edu.matc.entity.User
[DEBUG] 2020-10-07 23:51:49.807 [main] AbstractEntityPersister -  Version select: select id from user where id =?
[DEBUG] 2020-10-07 23:51:49.812 [main] AbstractEntityPersister -  Snapshot select: select user_.id, user_.first_name as first_na2_1_, user_.last_name as last_nam3_1_, user_.user_name as user_nam4_1_, user_.wedding_date as wedding_5_1_ from user user_ where user_.id=?
[DEBUG] 2020-10-07 23:51:49.812 [main] AbstractEntityPersister -  Insert 0: insert into user (first_name, last_name, user_name, wedding_date, id) values (?, ?, ?, ?, ?)
[DEBUG] 2020-10-07 23:51:49.812 [main] AbstractEntityPersister -  Update 0: update user set first_name=?, last_name=?, user_name=?, wedding_date=? where id=?
[DEBUG] 2020-10-07 23:51:49.812 [main] AbstractEntityPersister -  Delete 0: delete from user where id=?
[DEBUG] 2020-10-07 23:51:49.813 [main] AbstractEntityPersister -  Identity insert: insert into user (first_name, last_name, user_name, wedding_date) values (?, ?, ?, ?)
[DEBUG] 2020-10-07 23:51:49.847 [main] QuerySpacesImpl - Adding QuerySpace : uid = <gen:0> -> org.hibernate.loader.plan.build.internal.spaces.EntityQuerySpaceImpl@4c302f38]
[DEBUG] 2020-10-07 23:51:49.848 [main] MetamodelGraphWalker - Visiting attribute path : events
[DEBUG] 2020-10-07 23:51:49.854 [main] QuerySpacesImpl - Adding QuerySpace : uid = <gen:1> -> org.hibernate.loader.plan.build.internal.spaces.CollectionQuerySpaceImpl@39941489]
[DEBUG] 2020-10-07 23:51:49.855 [main] QuerySpacesImpl - Adding QuerySpace : uid = <gen:2> -> org.hibernate.loader.plan.build.internal.spaces.EntityQuerySpaceImpl@3d40a3b4]
[DEBUG] 2020-10-07 23:51:49.865 [main] MetamodelGraphWalker - Visiting attribute path : events.budget
[DEBUG] 2020-10-07 23:51:49.865 [main] MetamodelGraphWalker - Visiting attribute path : events.location
[DEBUG] 2020-10-07 23:51:49.865 [main] MetamodelGraphWalker - Visiting attribute path : events.user
[DEBUG] 2020-10-07 23:51:49.866 [main] MetamodelGraphWalker - Property path deemed to be circular : events.user
[DEBUG] 2020-10-07 23:51:49.866 [main] MetamodelGraphWalker - Visiting attribute path : firstName
[DEBUG] 2020-10-07 23:51:49.866 [main] MetamodelGraphWalker - Visiting attribute path : lastName
[DEBUG] 2020-10-07 23:51:49.866 [main] MetamodelGraphWalker - Visiting attribute path : userName
[DEBUG] 2020-10-07 23:51:49.866 [main] MetamodelGraphWalker - Visiting attribute path : weddingDate
[DEBUG] 2020-10-07 23:51:49.866 [main] FetchStyleLoadPlanBuildingAssociationVisitationStrategy - Building LoadPlan...
[DEBUG] 2020-10-07 23:51:49.885 [main] LoadQueryJoinAndFetchProcessor - processing queryspace <gen:0>
[DEBUG] 2020-10-07 23:51:49.899 [main] LoadPlanTreePrinter - LoadPlan(entity=edu.matc.entity.User)
    - Returns
       - EntityReturnImpl(entity=edu.matc.entity.User, querySpaceUid=<gen:0>, path=edu.matc.entity.User)
          - CollectionAttributeFetchImpl(collection=edu.matc.entity.User.events, querySpaceUid=<gen:1>, path=edu.matc.entity.User.events)
             - (collection element) CollectionFetchableElementEntityGraph(entity=edu.matc.entity.Event, querySpaceUid=<gen:2>, path=edu.matc.entity.User.events.<elements>)
    - QuerySpaces
       - EntityQuerySpaceImpl(uid=<gen:0>, entity=edu.matc.entity.User)
          - SQL table alias mapping - user0_
          - alias suffix - 0_
          - suffixed key columns - {id1_1_0_}
          - JOIN (JoinDefinedByMetadata(events)) : <gen:0> -> <gen:1>
             - CollectionQuerySpaceImpl(uid=<gen:1>, collection=edu.matc.entity.User.events)
                - SQL table alias mapping - events1_
                - alias suffix - 1_
                - suffixed key columns - {user_id4_0_1_}
                - entity-element alias suffix - 2_
                - 2_entity-element suffixed key columns - id1_0_2_
                - JOIN (JoinDefinedByMetadata(elements)) : <gen:1> -> <gen:2>
                   - EntityQuerySpaceImpl(uid=<gen:2>, entity=edu.matc.entity.Event)
                      - SQL table alias mapping - events1_
                      - alias suffix - 2_
                      - suffixed key columns - {id1_0_2_}

[DEBUG] 2020-10-07 23:51:49.904 [main] EntityLoader - Static select for entity edu.matc.entity.User [NONE]: select user0_.id as id1_1_0_, user0_.first_name as first_na2_1_0_, user0_.last_name as last_nam3_1_0_, user0_.user_name as user_nam4_1_0_, user0_.wedding_date as wedding_5_1_0_, events1_.user_id as user_id4_0_1_, events1_.id as id1_0_1_, events1_.id as id1_0_2_, events1_.budget as budget2_0_2_, events1_.location as location3_0_2_, events1_.user_id as user_id4_0_2_ from user user0_ left outer join events events1_ on user0_.id=events1_.user_id where user0_.id=?
[DEBUG] 2020-10-07 23:51:49.904 [main] QuerySpacesImpl - Adding QuerySpace : uid = <gen:0> -> org.hibernate.loader.plan.build.internal.spaces.EntityQuerySpaceImpl@47b33e07]
[DEBUG] 2020-10-07 23:51:49.909 [main] MetamodelGraphWalker - Visiting attribute path : events
[DEBUG] 2020-10-07 23:51:49.909 [main] QuerySpacesImpl - Adding QuerySpace : uid = <gen:1> -> org.hibernate.loader.plan.build.internal.spaces.CollectionQuerySpaceImpl@151ab2b9]
[DEBUG] 2020-10-07 23:51:49.909 [main] QuerySpacesImpl - Adding QuerySpace : uid = <gen:2> -> org.hibernate.loader.plan.build.internal.spaces.EntityQuerySpaceImpl@13ed066e]
[DEBUG] 2020-10-07 23:51:49.910 [main] MetamodelGraphWalker - Visiting attribute path : events.budget
[DEBUG] 2020-10-07 23:51:49.910 [main] MetamodelGraphWalker - Visiting attribute path : events.location
[DEBUG] 2020-10-07 23:51:49.910 [main] MetamodelGraphWalker - Visiting attribute path : events.user
[DEBUG] 2020-10-07 23:51:49.910 [main] MetamodelGraphWalker - Property path deemed to be circular : events.user
[DEBUG] 2020-10-07 23:51:49.910 [main] MetamodelGraphWalker - Visiting attribute path : firstName
[DEBUG] 2020-10-07 23:51:49.910 [main] MetamodelGraphWalker - Visiting attribute path : lastName
[DEBUG] 2020-10-07 23:51:49.910 [main] MetamodelGraphWalker - Visiting attribute path : userName
[DEBUG] 2020-10-07 23:51:49.910 [main] MetamodelGraphWalker - Visiting attribute path : weddingDate
[DEBUG] 2020-10-07 23:51:49.910 [main] FetchStyleLoadPlanBuildingAssociationVisitationStrategy - Building LoadPlan...
[DEBUG] 2020-10-07 23:51:49.911 [main] LoadQueryJoinAndFetchProcessor - processing queryspace <gen:0>
[DEBUG] 2020-10-07 23:51:49.911 [main] LoadPlanTreePrinter - LoadPlan(entity=edu.matc.entity.User)
    - Returns
       - EntityReturnImpl(entity=edu.matc.entity.User, querySpaceUid=<gen:0>, path=edu.matc.entity.User)
          - CollectionAttributeFetchImpl(collection=edu.matc.entity.User.events, querySpaceUid=<gen:1>, path=edu.matc.entity.User.events)
             - (collection element) CollectionFetchableElementEntityGraph(entity=edu.matc.entity.Event, querySpaceUid=<gen:2>, path=edu.matc.entity.User.events.<elements>)
    - QuerySpaces
       - EntityQuerySpaceImpl(uid=<gen:0>, entity=edu.matc.entity.User)
          - SQL table alias mapping - user0_
          - alias suffix - 0_
          - suffixed key columns - {id1_1_0_}
          - JOIN (JoinDefinedByMetadata(events)) : <gen:0> -> <gen:1>
             - CollectionQuerySpaceImpl(uid=<gen:1>, collection=edu.matc.entity.User.events)
                - SQL table alias mapping - events1_
                - alias suffix - 1_
                - suffixed key columns - {user_id4_0_1_}
                - entity-element alias suffix - 2_
                - 2_entity-element suffixed key columns - id1_0_2_
                - JOIN (JoinDefinedByMetadata(elements)) : <gen:1> -> <gen:2>
                   - EntityQuerySpaceImpl(uid=<gen:2>, entity=edu.matc.entity.Event)
                      - SQL table alias mapping - events1_
                      - alias suffix - 2_
                      - suffixed key columns - {id1_0_2_}

[DEBUG] 2020-10-07 23:51:49.911 [main] EntityLoader - Static select for entity edu.matc.entity.User [READ]: select user0_.id as id1_1_0_, user0_.first_name as first_na2_1_0_, user0_.last_name as last_nam3_1_0_, user0_.user_name as user_nam4_1_0_, user0_.wedding_date as wedding_5_1_0_, events1_.user_id as user_id4_0_1_, events1_.id as id1_0_1_, events1_.id as id1_0_2_, events1_.budget as budget2_0_2_, events1_.location as location3_0_2_, events1_.user_id as user_id4_0_2_ from user user0_ left outer join events events1_ on user0_.id=events1_.user_id where user0_.id=?
[DEBUG] 2020-10-07 23:51:49.932 [main] Loader - Static select for action ACTION_MERGE on entity edu.matc.entity.User: select user0_.id as id1_1_1_, user0_.first_name as first_na2_1_1_, user0_.last_name as last_nam3_1_1_, user0_.user_name as user_nam4_1_1_, user0_.wedding_date as wedding_5_1_1_, events1_.user_id as user_id4_0_3_, events1_.id as id1_0_3_, events1_.id as id1_0_0_, events1_.budget as budget2_0_0_, events1_.location as location3_0_0_, events1_.user_id as user_id4_0_0_ from user user0_ left outer join events events1_ on user0_.id=events1_.user_id where user0_.id=?
[DEBUG] 2020-10-07 23:51:49.933 [main] Loader - Static select for action ACTION_REFRESH on entity edu.matc.entity.User: select user0_.id as id1_1_1_, user0_.first_name as first_na2_1_1_, user0_.last_name as last_nam3_1_1_, user0_.user_name as user_nam4_1_1_, user0_.wedding_date as wedding_5_1_1_, events1_.user_id as user_id4_0_3_, events1_.id as id1_0_3_, events1_.id as id1_0_0_, events1_.budget as budget2_0_0_, events1_.location as location3_0_0_, events1_.user_id as user_id4_0_0_ from user user0_ left outer join events events1_ on user0_.id=events1_.user_id where user0_.id=?
[DEBUG] 2020-10-07 23:51:49.934 [main] AbstractEntityPersister - Static SQL for entity: edu.matc.entity.Event
[DEBUG] 2020-10-07 23:51:49.934 [main] AbstractEntityPersister -  Version select: select id from events where id =?
[DEBUG] 2020-10-07 23:51:49.934 [main] AbstractEntityPersister -  Snapshot select: select event_.id, event_.budget as budget2_0_, event_.location as location3_0_, event_.user_id as user_id4_0_ from events event_ where event_.id=?
[DEBUG] 2020-10-07 23:51:49.934 [main] AbstractEntityPersister -  Insert 0: insert into events (budget, location, user_id, id) values (?, ?, ?, ?)
[DEBUG] 2020-10-07 23:51:49.934 [main] AbstractEntityPersister -  Update 0: update events set budget=?, location=?, user_id=? where id=?
[DEBUG] 2020-10-07 23:51:49.934 [main] AbstractEntityPersister -  Delete 0: delete from events where id=?
[DEBUG] 2020-10-07 23:51:49.934 [main] AbstractEntityPersister -  Identity insert: insert into events (budget, location, user_id) values (?, ?, ?)
[DEBUG] 2020-10-07 23:51:49.934 [main] QuerySpacesImpl - Adding QuerySpace : uid = <gen:0> -> org.hibernate.loader.plan.build.internal.spaces.EntityQuerySpaceImpl@3ba1308d]
[DEBUG] 2020-10-07 23:51:49.934 [main] MetamodelGraphWalker - Visiting attribute path : budget
[DEBUG] 2020-10-07 23:51:49.934 [main] MetamodelGraphWalker - Visiting attribute path : location
[DEBUG] 2020-10-07 23:51:49.934 [main] MetamodelGraphWalker - Visiting attribute path : user
[DEBUG] 2020-10-07 23:51:49.934 [main] QuerySpacesImpl - Adding QuerySpace : uid = <gen:1> -> org.hibernate.loader.plan.build.internal.spaces.EntityQuerySpaceImpl@235c997d]
[DEBUG] 2020-10-07 23:51:49.937 [main] MetamodelGraphWalker - Visiting attribute path : user.events
[DEBUG] 2020-10-07 23:51:49.937 [main] MetamodelGraphWalker - Property path deemed to be circular : user.events
[DEBUG] 2020-10-07 23:51:49.937 [main] MetamodelGraphWalker - Visiting attribute path : user.firstName
[DEBUG] 2020-10-07 23:51:49.937 [main] MetamodelGraphWalker - Visiting attribute path : user.lastName
[DEBUG] 2020-10-07 23:51:49.937 [main] MetamodelGraphWalker - Visiting attribute path : user.userName
[DEBUG] 2020-10-07 23:51:49.937 [main] MetamodelGraphWalker - Visiting attribute path : user.weddingDate
[DEBUG] 2020-10-07 23:51:49.939 [main] FetchStyleLoadPlanBuildingAssociationVisitationStrategy - Building LoadPlan...
[DEBUG] 2020-10-07 23:51:49.940 [main] LoadQueryJoinAndFetchProcessor - processing queryspace <gen:0>
[DEBUG] 2020-10-07 23:51:49.941 [main] LoadPlanTreePrinter - LoadPlan(entity=edu.matc.entity.Event)
    - Returns
       - EntityReturnImpl(entity=edu.matc.entity.Event, querySpaceUid=<gen:0>, path=edu.matc.entity.Event)
          - EntityAttributeFetchImpl(entity=edu.matc.entity.User, querySpaceUid=<gen:1>, path=edu.matc.entity.Event.user)
    - QuerySpaces
       - EntityQuerySpaceImpl(uid=<gen:0>, entity=edu.matc.entity.Event)
          - SQL table alias mapping - event0_
          - alias suffix - 0_
          - suffixed key columns - {id1_0_0_}
          - JOIN (JoinDefinedByMetadata(user)) : <gen:0> -> <gen:1>
             - EntityQuerySpaceImpl(uid=<gen:1>, entity=edu.matc.entity.User)
                - SQL table alias mapping - user1_
                - alias suffix - 1_
                - suffixed key columns - {id1_1_1_}

[DEBUG] 2020-10-07 23:51:49.941 [main] EntityLoader - Static select for entity edu.matc.entity.Event [NONE]: select event0_.id as id1_0_0_, event0_.budget as budget2_0_0_, event0_.location as location3_0_0_, event0_.user_id as user_id4_0_0_, user1_.id as id1_1_1_, user1_.first_name as first_na2_1_1_, user1_.last_name as last_nam3_1_1_, user1_.user_name as user_nam4_1_1_, user1_.wedding_date as wedding_5_1_1_ from events event0_ left outer join user user1_ on event0_.user_id=user1_.id where event0_.id=?
[DEBUG] 2020-10-07 23:51:49.941 [main] QuerySpacesImpl - Adding QuerySpace : uid = <gen:0> -> org.hibernate.loader.plan.build.internal.spaces.EntityQuerySpaceImpl@552cede7]
[DEBUG] 2020-10-07 23:51:49.941 [main] MetamodelGraphWalker - Visiting attribute path : budget
[DEBUG] 2020-10-07 23:51:49.941 [main] MetamodelGraphWalker - Visiting attribute path : location
[DEBUG] 2020-10-07 23:51:49.942 [main] MetamodelGraphWalker - Visiting attribute path : user
[DEBUG] 2020-10-07 23:51:49.942 [main] QuerySpacesImpl - Adding QuerySpace : uid = <gen:1> -> org.hibernate.loader.plan.build.internal.spaces.EntityQuerySpaceImpl@151732fb]
[DEBUG] 2020-10-07 23:51:49.942 [main] MetamodelGraphWalker - Visiting attribute path : user.events
[DEBUG] 2020-10-07 23:51:49.943 [main] MetamodelGraphWalker - Property path deemed to be circular : user.events
[DEBUG] 2020-10-07 23:51:49.943 [main] MetamodelGraphWalker - Visiting attribute path : user.firstName
[DEBUG] 2020-10-07 23:51:49.943 [main] MetamodelGraphWalker - Visiting attribute path : user.lastName
[DEBUG] 2020-10-07 23:51:49.943 [main] MetamodelGraphWalker - Visiting attribute path : user.userName
[DEBUG] 2020-10-07 23:51:49.943 [main] MetamodelGraphWalker - Visiting attribute path : user.weddingDate
[DEBUG] 2020-10-07 23:51:49.943 [main] FetchStyleLoadPlanBuildingAssociationVisitationStrategy - Building LoadPlan...
[DEBUG] 2020-10-07 23:51:49.944 [main] LoadQueryJoinAndFetchProcessor - processing queryspace <gen:0>
[DEBUG] 2020-10-07 23:51:49.945 [main] LoadPlanTreePrinter - LoadPlan(entity=edu.matc.entity.Event)
    - Returns
       - EntityReturnImpl(entity=edu.matc.entity.Event, querySpaceUid=<gen:0>, path=edu.matc.entity.Event)
          - EntityAttributeFetchImpl(entity=edu.matc.entity.User, querySpaceUid=<gen:1>, path=edu.matc.entity.Event.user)
    - QuerySpaces
       - EntityQuerySpaceImpl(uid=<gen:0>, entity=edu.matc.entity.Event)
          - SQL table alias mapping - event0_
          - alias suffix - 0_
          - suffixed key columns - {id1_0_0_}
          - JOIN (JoinDefinedByMetadata(user)) : <gen:0> -> <gen:1>
             - EntityQuerySpaceImpl(uid=<gen:1>, entity=edu.matc.entity.User)
                - SQL table alias mapping - user1_
                - alias suffix - 1_
                - suffixed key columns - {id1_1_1_}

[DEBUG] 2020-10-07 23:51:49.945 [main] EntityLoader - Static select for entity edu.matc.entity.Event [READ]: select event0_.id as id1_0_0_, event0_.budget as budget2_0_0_, event0_.location as location3_0_0_, event0_.user_id as user_id4_0_0_, user1_.id as id1_1_1_, user1_.first_name as first_na2_1_1_, user1_.last_name as last_nam3_1_1_, user1_.user_name as user_nam4_1_1_, user1_.wedding_date as wedding_5_1_1_ from events event0_ left outer join user user1_ on event0_.user_id=user1_.id where event0_.id=?
[DEBUG] 2020-10-07 23:51:49.946 [main] Loader - Static select for action ACTION_MERGE on entity edu.matc.entity.Event: select event0_.id as id1_0_0_, event0_.budget as budget2_0_0_, event0_.location as location3_0_0_, event0_.user_id as user_id4_0_0_ from events event0_ where event0_.id=?
[DEBUG] 2020-10-07 23:51:49.949 [main] Loader - Static select for action ACTION_REFRESH on entity edu.matc.entity.Event: select event0_.id as id1_0_0_, event0_.budget as budget2_0_0_, event0_.location as location3_0_0_, event0_.user_id as user_id4_0_0_ from events event0_ where event0_.id=?
[DEBUG] 2020-10-07 23:51:49.957 [main] QuerySpacesImpl - Adding QuerySpace : uid = <gen:0> -> org.hibernate.loader.plan.build.internal.spaces.CollectionQuerySpaceImpl@721d5b74]
[DEBUG] 2020-10-07 23:51:49.957 [main] QuerySpacesImpl - Adding QuerySpace : uid = <gen:1> -> org.hibernate.loader.plan.build.internal.spaces.EntityQuerySpaceImpl@3421debd]
[DEBUG] 2020-10-07 23:51:49.957 [main] MetamodelGraphWalker - Visiting attribute path : budget
[DEBUG] 2020-10-07 23:51:49.957 [main] MetamodelGraphWalker - Visiting attribute path : location
[DEBUG] 2020-10-07 23:51:49.957 [main] MetamodelGraphWalker - Visiting attribute path : user
[DEBUG] 2020-10-07 23:51:49.957 [main] MetamodelGraphWalker - Property path deemed to be circular : user
[DEBUG] 2020-10-07 23:51:49.958 [main] FetchStyleLoadPlanBuildingAssociationVisitationStrategy - Building LoadPlan...
[DEBUG] 2020-10-07 23:51:49.959 [main] LoadQueryJoinAndFetchProcessor - processing queryspace <gen:0>
[DEBUG] 2020-10-07 23:51:49.959 [main] LoadPlanTreePrinter - LoadPlan(collection=edu.matc.entity.User.events)
    - Returns
       - CollectionReturnImpl(collection=edu.matc.entity.User.events, querySpaceUid=<gen:0>, path=[edu.matc.entity.User.events])
          - (collection element) CollectionFetchableElementEntityGraph(entity=edu.matc.entity.Event, querySpaceUid=<gen:1>, path=[edu.matc.entity.User.events].<elements>)
    - QuerySpaces
       - CollectionQuerySpaceImpl(uid=<gen:0>, collection=edu.matc.entity.User.events)
          - SQL table alias mapping - events0_
          - alias suffix - 0_
          - suffixed key columns - {user_id4_0_0_}
          - entity-element alias suffix - 1_
          - 1_entity-element suffixed key columns - id1_0_1_
          - JOIN (JoinDefinedByMetadata(elements)) : <gen:0> -> <gen:1>
             - EntityQuerySpaceImpl(uid=<gen:1>, entity=edu.matc.entity.Event)
                - SQL table alias mapping - events0_
                - alias suffix - 1_
                - suffixed key columns - {id1_0_1_}

[DEBUG] 2020-10-07 23:51:49.960 [main] CollectionLoader - Static select for collection edu.matc.entity.User.events: select events0_.user_id as user_id4_0_0_, events0_.id as id1_0_0_, events0_.id as id1_0_1_, events0_.budget as budget2_0_1_, events0_.location as location3_0_1_, events0_.user_id as user_id4_0_1_ from events events0_ where events0_.user_id=?
[DEBUG] 2020-10-07 23:51:50.009 [main] SchemaManagementToolCoordinator - No actions specified; doing nothing
[DEBUG] 2020-10-07 23:51:50.010 [main] JtaPlatformInitiator - No JtaPlatform was specified, checking resolver
[DEBUG] 2020-10-07 23:51:50.011 [main] JtaPlatformResolverInitiator - No JtaPlatformResolver was specified, using default [org.hibernate.engine.transaction.jta.platform.internal.StandardJtaPlatformResolver]
[DEBUG] 2020-10-07 23:51:50.018 [main] StandardJtaPlatformResolver - Could not resolve JtaPlatform, using default [org.hibernate.engine.transaction.jta.platform.internal.NoJtaPlatform]
[INFO ] 2020-10-07 23:51:50.021 [main] JtaPlatformInitiator - HHH000490: Using JtaPlatform implementation: [org.hibernate.engine.transaction.jta.platform.internal.NoJtaPlatform]
[DEBUG] 2020-10-07 23:51:50.023 [main] NamedQueryRepository - Checking 0 named HQL queries
[DEBUG] 2020-10-07 23:51:50.023 [main] NamedQueryRepository - Checking 0 named SQL queries
[DEBUG] 2020-10-07 23:51:50.031 [main] SessionFactoryRegistry - Initializing SessionFactoryRegistry : org.hibernate.internal.SessionFactoryRegistry@58eac00e
[DEBUG] 2020-10-07 23:51:50.032 [main] SessionFactoryRegistry - Registering SessionFactory: d829a5df-c8b1-4b92-9310-e8343de5b5dd (<unnamed>)
[DEBUG] 2020-10-07 23:51:50.032 [main] SessionFactoryRegistry - Not binding SessionFactory to JNDI, no JNDI name configured
[DEBUG] 2020-10-07 23:51:50.194 [main] StatisticsInitiator - Statistics initialized [enabled=false]
[DEBUG] 2020-10-07 23:51:50.205 [main] TransactionImpl - On TransactionImpl creation, JpaCompliance#isJpaTransactionComplianceEnabled == false
[DEBUG] 2020-10-07 23:51:50.206 [main] TransactionImpl - begin
[DEBUG] 2020-10-07 23:51:50.236 [main] ActionQueue - Executing identity-insert immediately
[DEBUG] 2020-10-07 23:51:50.246 [main] SQL - insert into user (first_name, last_name, user_name, wedding_date) values (?, ?, ?, ?)
[DEBUG] 2020-10-07 23:51:50.296 [main] SqlExceptionHelper - could not execute statement [n/a]
java.sql.SQLSyntaxErrorException: Unknown column 'wedding_date' in 'field list'
	at com.mysql.cj.jdbc.exceptions.SQLError.createSQLException(SQLError.java:120) ~[mysql-connector-java-8.0.16.jar:8.0.16]
	at com.mysql.cj.jdbc.exceptions.SQLError.createSQLException(SQLError.java:97) ~[mysql-connector-java-8.0.16.jar:8.0.16]
	at com.mysql.cj.jdbc.exceptions.SQLExceptionsMapping.translateException(SQLExceptionsMapping.java:122) ~[mysql-connector-java-8.0.16.jar:8.0.16]
	at com.mysql.cj.jdbc.ClientPreparedStatement.executeInternal(ClientPreparedStatement.java:955) ~[mysql-connector-java-8.0.16.jar:8.0.16]
	at com.mysql.cj.jdbc.ClientPreparedStatement.executeUpdateInternal(ClientPreparedStatement.java:1094) ~[mysql-connector-java-8.0.16.jar:8.0.16]
	at com.mysql.cj.jdbc.ClientPreparedStatement.executeUpdateInternal(ClientPreparedStatement.java:1042) ~[mysql-connector-java-8.0.16.jar:8.0.16]
	at com.mysql.cj.jdbc.ClientPreparedStatement.executeLargeUpdate(ClientPreparedStatement.java:1345) ~[mysql-connector-java-8.0.16.jar:8.0.16]
	at com.mysql.cj.jdbc.ClientPreparedStatement.executeUpdate(ClientPreparedStatement.java:1027) ~[mysql-connector-java-8.0.16.jar:8.0.16]
	at com.mchange.v2.c3p0.impl.NewProxyPreparedStatement.executeUpdate(NewProxyPreparedStatement.java:410) ~[c3p0-0.9.5.3.jar:0.9.5.3]
	at org.hibernate.engine.jdbc.internal.ResultSetReturnImpl.executeUpdate(ResultSetReturnImpl.java:175) [hibernate-core-5.4.4.Final.jar:5.4.4.Final]
	at org.hibernate.dialect.identity.GetGeneratedKeysDelegate.executeAndExtract(GetGeneratedKeysDelegate.java:57) [hibernate-core-5.4.4.Final.jar:5.4.4.Final]
	at org.hibernate.id.insert.AbstractReturningDelegate.performInsert(AbstractReturningDelegate.java:43) [hibernate-core-5.4.4.Final.jar:5.4.4.Final]
	at org.hibernate.persister.entity.AbstractEntityPersister.insert(AbstractEntityPersister.java:3112) [hibernate-core-5.4.4.Final.jar:5.4.4.Final]
	at org.hibernate.persister.entity.AbstractEntityPersister.insert(AbstractEntityPersister.java:3705) [hibernate-core-5.4.4.Final.jar:5.4.4.Final]
	at org.hibernate.action.internal.EntityIdentityInsertAction.execute(EntityIdentityInsertAction.java:84) [hibernate-core-5.4.4.Final.jar:5.4.4.Final]
	at org.hibernate.engine.spi.ActionQueue.execute(ActionQueue.java:645) [hibernate-core-5.4.4.Final.jar:5.4.4.Final]
	at org.hibernate.engine.spi.ActionQueue.addResolvedEntityInsertAction(ActionQueue.java:282) [hibernate-core-5.4.4.Final.jar:5.4.4.Final]
	at org.hibernate.engine.spi.ActionQueue.addInsertAction(ActionQueue.java:263) [hibernate-core-5.4.4.Final.jar:5.4.4.Final]
	at org.hibernate.engine.spi.ActionQueue.addAction(ActionQueue.java:317) [hibernate-core-5.4.4.Final.jar:5.4.4.Final]
	at org.hibernate.event.internal.AbstractSaveEventListener.addInsertAction(AbstractSaveEventListener.java:335) [hibernate-core-5.4.4.Final.jar:5.4.4.Final]
	at org.hibernate.event.internal.AbstractSaveEventListener.performSaveOrReplicate(AbstractSaveEventListener.java:292) [hibernate-core-5.4.4.Final.jar:5.4.4.Final]
	at org.hibernate.event.internal.AbstractSaveEventListener.performSave(AbstractSaveEventListener.java:198) [hibernate-core-5.4.4.Final.jar:5.4.4.Final]
	at org.hibernate.event.internal.AbstractSaveEventListener.saveWithGeneratedId(AbstractSaveEventListener.java:128) [hibernate-core-5.4.4.Final.jar:5.4.4.Final]
	at org.hibernate.event.internal.DefaultSaveOrUpdateEventListener.saveWithGeneratedOrRequestedId(DefaultSaveOrUpdateEventListener.java:193) [hibernate-core-5.4.4.Final.jar:5.4.4.Final]
	at org.hibernate.event.internal.DefaultSaveEventListener.saveWithGeneratedOrRequestedId(DefaultSaveEventListener.java:38) [hibernate-core-5.4.4.Final.jar:5.4.4.Final]
	at org.hibernate.event.internal.DefaultSaveOrUpdateEventListener.entityIsTransient(DefaultSaveOrUpdateEventListener.java:178) [hibernate-core-5.4.4.Final.jar:5.4.4.Final]
	at org.hibernate.event.internal.DefaultSaveEventListener.performSaveOrUpdate(DefaultSaveEventListener.java:32) [hibernate-core-5.4.4.Final.jar:5.4.4.Final]
	at org.hibernate.event.internal.DefaultSaveOrUpdateEventListener.onSaveOrUpdate(DefaultSaveOrUpdateEventListener.java:75) [hibernate-core-5.4.4.Final.jar:5.4.4.Final]
	at org.hibernate.internal.SessionImpl.fireSave(SessionImpl.java:697) [hibernate-core-5.4.4.Final.jar:5.4.4.Final]
	at org.hibernate.internal.SessionImpl.save(SessionImpl.java:689) [hibernate-core-5.4.4.Final.jar:5.4.4.Final]
	at org.hibernate.internal.SessionImpl.save(SessionImpl.java:684) [hibernate-core-5.4.4.Final.jar:5.4.4.Final]
	at edu.matc.persistence.UserDao.insert(UserDao.java:71) [classes/:?]
	at edu.matc.persistence.UserDaoTest.insertWithEventSuccess(UserDaoTest.java:80) [test-classes/:?]
	at jdk.internal.reflect.NativeMethodAccessorImpl.invoke0(Native Method) ~[?:?]
	at jdk.internal.reflect.NativeMethodAccessorImpl.invoke(NativeMethodAccessorImpl.java:62) ~[?:?]
	at jdk.internal.reflect.DelegatingMethodAccessorImpl.invoke(DelegatingMethodAccessorImpl.java:43) ~[?:?]
	at java.lang.reflect.Method.invoke(Method.java:566) ~[?:?]
	at org.junit.platform.commons.util.ReflectionUtils.invokeMethod(ReflectionUtils.java:389) [junit-platform-commons-1.0.0.jar:1.0.0]
	at org.junit.jupiter.engine.execution.ExecutableInvoker.invoke(ExecutableInvoker.java:115) [junit-jupiter-engine-5.0.0.jar:5.0.0]
	at org.junit.jupiter.engine.descriptor.TestMethodTestDescriptor.lambda$invokeTestMethod$6(TestMethodTestDescriptor.java:167) [junit-jupiter-engine-5.0.0.jar:5.0.0]
	at org.junit.jupiter.engine.execution.ThrowableCollector.execute(ThrowableCollector.java:40) [junit-jupiter-engine-5.0.0.jar:5.0.0]
	at org.junit.jupiter.engine.descriptor.TestMethodTestDescriptor.invokeTestMethod(TestMethodTestDescriptor.java:163) [junit-jupiter-engine-5.0.0.jar:5.0.0]
	at org.junit.jupiter.engine.descriptor.TestMethodTestDescriptor.execute(TestMethodTestDescriptor.java:110) [junit-jupiter-engine-5.0.0.jar:5.0.0]
	at org.junit.jupiter.engine.descriptor.TestMethodTestDescriptor.execute(TestMethodTestDescriptor.java:57) [junit-jupiter-engine-5.0.0.jar:5.0.0]
	at org.junit.platform.engine.support.hierarchical.HierarchicalTestExecutor.lambda$execute$3(HierarchicalTestExecutor.java:83) [junit-platform-engine-1.0.0.jar:1.0.0]
	at org.junit.platform.engine.support.hierarchical.SingleTestExecutor.executeSafely(SingleTestExecutor.java:66) [junit-platform-engine-1.0.0.jar:1.0.0]
	at org.junit.platform.engine.support.hierarchical.HierarchicalTestExecutor.execute(HierarchicalTestExecutor.java:77) [junit-platform-engine-1.0.0.jar:1.0.0]
	at org.junit.platform.engine.support.hierarchical.HierarchicalTestExecutor.lambda$null$2(HierarchicalTestExecutor.java:92) [junit-platform-engine-1.0.0.jar:1.0.0]
	at java.util.stream.ForEachOps$ForEachOp$OfRef.accept(ForEachOps.java:183) [?:?]
	at java.util.stream.ReferencePipeline$2$1.accept(ReferencePipeline.java:177) [?:?]
	at java.util.Iterator.forEachRemaining(Iterator.java:133) [?:?]
	at java.util.Spliterators$IteratorSpliterator.forEachRemaining(Spliterators.java:1801) [?:?]
	at java.util.stream.AbstractPipeline.copyInto(AbstractPipeline.java:484) [?:?]
	at java.util.stream.AbstractPipeline.wrapAndCopyInto(AbstractPipeline.java:474) [?:?]
	at java.util.stream.ForEachOps$ForEachOp.evaluateSequential(ForEachOps.java:150) [?:?]
	at java.util.stream.ForEachOps$ForEachOp$OfRef.evaluateSequential(ForEachOps.java:173) [?:?]
	at java.util.stream.AbstractPipeline.evaluate(AbstractPipeline.java:234) [?:?]
	at java.util.stream.ReferencePipeline.forEach(ReferencePipeline.java:497) [?:?]
	at org.junit.platform.engine.support.hierarchical.HierarchicalTestExecutor.lambda$execute$3(HierarchicalTestExecutor.java:92) [junit-platform-engine-1.0.0.jar:1.0.0]
	at org.junit.platform.engine.support.hierarchical.SingleTestExecutor.executeSafely(SingleTestExecutor.java:66) [junit-platform-engine-1.0.0.jar:1.0.0]
	at org.junit.platform.engine.support.hierarchical.HierarchicalTestExecutor.execute(HierarchicalTestExecutor.java:77) [junit-platform-engine-1.0.0.jar:1.0.0]
	at org.junit.platform.engine.support.hierarchical.HierarchicalTestExecutor.lambda$null$2(HierarchicalTestExecutor.java:92) [junit-platform-engine-1.0.0.jar:1.0.0]
	at java.util.stream.ForEachOps$ForEachOp$OfRef.accept(ForEachOps.java:183) [?:?]
	at java.util.stream.ReferencePipeline$2$1.accept(ReferencePipeline.java:177) [?:?]
	at java.util.Iterator.forEachRemaining(Iterator.java:133) [?:?]
	at java.util.Spliterators$IteratorSpliterator.forEachRemaining(Spliterators.java:1801) [?:?]
	at java.util.stream.AbstractPipeline.copyInto(AbstractPipeline.java:484) [?:?]
	at java.util.stream.AbstractPipeline.wrapAndCopyInto(AbstractPipeline.java:474) [?:?]
	at java.util.stream.ForEachOps$ForEachOp.evaluateSequential(ForEachOps.java:150) [?:?]
	at java.util.stream.ForEachOps$ForEachOp$OfRef.evaluateSequential(ForEachOps.java:173) [?:?]
	at java.util.stream.AbstractPipeline.evaluate(AbstractPipeline.java:234) [?:?]
	at java.util.stream.ReferencePipeline.forEach(ReferencePipeline.java:497) [?:?]
	at org.junit.platform.engine.support.hierarchical.HierarchicalTestExecutor.lambda$execute$3(HierarchicalTestExecutor.java:92) [junit-platform-engine-1.0.0.jar:1.0.0]
	at org.junit.platform.engine.support.hierarchical.SingleTestExecutor.executeSafely(SingleTestExecutor.java:66) [junit-platform-engine-1.0.0.jar:1.0.0]
	at org.junit.platform.engine.support.hierarchical.HierarchicalTestExecutor.execute(HierarchicalTestExecutor.java:77) [junit-platform-engine-1.0.0.jar:1.0.0]
	at org.junit.platform.engine.support.hierarchical.HierarchicalTestExecutor.execute(HierarchicalTestExecutor.java:51) [junit-platform-engine-1.0.0.jar:1.0.0]
	at org.junit.platform.engine.support.hierarchical.HierarchicalTestEngine.execute(HierarchicalTestEngine.java:43) [junit-platform-engine-1.0.0.jar:1.0.0]
	at org.junit.platform.launcher.core.DefaultLauncher.execute(DefaultLauncher.java:170) [junit-platform-launcher-1.0.0.jar:1.0.0]
	at org.junit.platform.launcher.core.DefaultLauncher.execute(DefaultLauncher.java:154) [junit-platform-launcher-1.0.0.jar:1.0.0]
	at org.junit.platform.launcher.core.DefaultLauncher.execute(DefaultLauncher.java:90) [junit-platform-launcher-1.0.0.jar:1.0.0]
	at com.intellij.junit5.JUnit5IdeaTestRunner.startRunnerWithArgs(JUnit5IdeaTestRunner.java:71) [junit5-rt.jar:?]
	at com.intellij.rt.junit.IdeaTestRunner$Repeater.startRunnerWithArgs(IdeaTestRunner.java:33) [junit-rt.jar:?]
	at com.intellij.rt.junit.JUnitStarter.prepareStreamsAndStart(JUnitStarter.java:220) [junit-rt.jar:?]
	at com.intellij.rt.junit.JUnitStarter.main(JUnitStarter.java:53) [junit-rt.jar:?]
[WARN ] 2020-10-07 23:51:50.314 [main] SqlExceptionHelper - SQL Error: 1054, SQLState: 42S22
[ERROR] 2020-10-07 23:51:50.314 [main] SqlExceptionHelper - Unknown column 'wedding_date' in 'field list'
