[DEBUG] 2020-10-07 23:49:11.977 [main] IntegratorServiceImpl - Adding Integrator [org.hibernate.cfg.beanvalidation.BeanValidationIntegrator].
[DEBUG] 2020-10-07 23:49:11.997 [main] IntegratorServiceImpl - Adding Integrator [org.hibernate.secure.spi.JaccIntegrator].
[DEBUG] 2020-10-07 23:49:12.005 [main] IntegratorServiceImpl - Adding Integrator [org.hibernate.cache.internal.CollectionCacheInvalidator].
[INFO ] 2020-10-07 23:49:12.229 [main] Version - HHH000412: Hibernate Core {5.4.4.Final}
[DEBUG] 2020-10-07 23:49:12.245 [main] Environment - HHH000206: hibernate.properties not found
[DEBUG] 2020-10-07 23:49:12.821 [main] LocalXmlResourceResolver - Interpreting public/system identifier : [-//Hibernate/Hibernate Configuration DTD//EN] - [http://www.hibernate.org/dtd/hibernate-configuration-3.0.dtd]
[DEBUG] 2020-10-07 23:49:12.824 [main] LocalXmlResourceResolver - Recognized hibernate-configuration identifier; attempting to resolve on classpath under org/hibernate/
[DEBUG] 2020-10-07 23:49:12.840 [main] JaxbCfgProcessor - cfg.xml document did not define namespaces; wrapping in custom event reader to introduce namespace information
[DEBUG] 2020-10-07 23:49:13.836 [main] ServiceBinding - Overriding existing service binding [org.hibernate.secure.spi.JaccService]
[DEBUG] 2020-10-07 23:49:13.924 [main] RegionFactoryInitiator - Cannot default RegionFactory based on registered strategies as `[]` RegionFactory strategies were registered
[DEBUG] 2020-10-07 23:49:13.929 [main] RegionFactoryInitiator - Cache region factory : org.hibernate.cache.internal.NoCachingRegionFactory
[INFO ] 2020-10-07 23:49:14.009 [main] Version - HCANN000001: Hibernate Commons Annotations {5.1.0.Final}
[DEBUG] 2020-10-07 23:49:14.126 [main] BasicTypeRegistry - Adding type registration boolean -> org.hibernate.type.BooleanType@3605c4d3
[DEBUG] 2020-10-07 23:49:14.130 [main] BasicTypeRegistry - Adding type registration boolean -> org.hibernate.type.BooleanType@3605c4d3
[DEBUG] 2020-10-07 23:49:14.130 [main] BasicTypeRegistry - Adding type registration java.lang.Boolean -> org.hibernate.type.BooleanType@3605c4d3
[DEBUG] 2020-10-07 23:49:14.131 [main] BasicTypeRegistry - Adding type registration numeric_boolean -> org.hibernate.type.NumericBooleanType@6ad11a56
[DEBUG] 2020-10-07 23:49:14.131 [main] BasicTypeRegistry - Adding type registration true_false -> org.hibernate.type.TrueFalseType@7c8326a4
[DEBUG] 2020-10-07 23:49:14.132 [main] BasicTypeRegistry - Adding type registration yes_no -> org.hibernate.type.YesNoType@c9d82f9
[DEBUG] 2020-10-07 23:49:14.137 [main] BasicTypeRegistry - Adding type registration byte -> org.hibernate.type.ByteType@45f24169
[DEBUG] 2020-10-07 23:49:14.137 [main] BasicTypeRegistry - Adding type registration byte -> org.hibernate.type.ByteType@45f24169
[DEBUG] 2020-10-07 23:49:14.137 [main] BasicTypeRegistry - Adding type registration java.lang.Byte -> org.hibernate.type.ByteType@45f24169
[DEBUG] 2020-10-07 23:49:14.144 [main] BasicTypeRegistry - Adding type registration character -> org.hibernate.type.CharacterType@13d186db
[DEBUG] 2020-10-07 23:49:14.150 [main] BasicTypeRegistry - Adding type registration char -> org.hibernate.type.CharacterType@13d186db
[DEBUG] 2020-10-07 23:49:14.150 [main] BasicTypeRegistry - Adding type registration java.lang.Character -> org.hibernate.type.CharacterType@13d186db
[DEBUG] 2020-10-07 23:49:14.158 [main] BasicTypeRegistry - Adding type registration short -> org.hibernate.type.ShortType@7b60c3e
[DEBUG] 2020-10-07 23:49:14.158 [main] BasicTypeRegistry - Adding type registration short -> org.hibernate.type.ShortType@7b60c3e
[DEBUG] 2020-10-07 23:49:14.158 [main] BasicTypeRegistry - Adding type registration java.lang.Short -> org.hibernate.type.ShortType@7b60c3e
[DEBUG] 2020-10-07 23:49:14.158 [main] BasicTypeRegistry - Adding type registration integer -> org.hibernate.type.IntegerType@2adddc06
[DEBUG] 2020-10-07 23:49:14.159 [main] BasicTypeRegistry - Adding type registration int -> org.hibernate.type.IntegerType@2adddc06
[DEBUG] 2020-10-07 23:49:14.159 [main] BasicTypeRegistry - Adding type registration java.lang.Integer -> org.hibernate.type.IntegerType@2adddc06
[DEBUG] 2020-10-07 23:49:14.173 [main] BasicTypeRegistry - Adding type registration long -> org.hibernate.type.LongType@6a714237
[DEBUG] 2020-10-07 23:49:14.173 [main] BasicTypeRegistry - Adding type registration long -> org.hibernate.type.LongType@6a714237
[DEBUG] 2020-10-07 23:49:14.175 [main] BasicTypeRegistry - Adding type registration java.lang.Long -> org.hibernate.type.LongType@6a714237
[DEBUG] 2020-10-07 23:49:14.179 [main] BasicTypeRegistry - Adding type registration float -> org.hibernate.type.FloatType@35c09b94
[DEBUG] 2020-10-07 23:49:14.179 [main] BasicTypeRegistry - Adding type registration float -> org.hibernate.type.FloatType@35c09b94
[DEBUG] 2020-10-07 23:49:14.180 [main] BasicTypeRegistry - Adding type registration java.lang.Float -> org.hibernate.type.FloatType@35c09b94
[DEBUG] 2020-10-07 23:49:14.189 [main] BasicTypeRegistry - Adding type registration double -> org.hibernate.type.DoubleType@17ae7628
[DEBUG] 2020-10-07 23:49:14.189 [main] BasicTypeRegistry - Adding type registration double -> org.hibernate.type.DoubleType@17ae7628
[DEBUG] 2020-10-07 23:49:14.190 [main] BasicTypeRegistry - Adding type registration java.lang.Double -> org.hibernate.type.DoubleType@17ae7628
[DEBUG] 2020-10-07 23:49:14.191 [main] BasicTypeRegistry - Adding type registration big_decimal -> org.hibernate.type.BigDecimalType@286b39c2
[DEBUG] 2020-10-07 23:49:14.191 [main] BasicTypeRegistry - Adding type registration java.math.BigDecimal -> org.hibernate.type.BigDecimalType@286b39c2
[DEBUG] 2020-10-07 23:49:14.191 [main] BasicTypeRegistry - Adding type registration big_integer -> org.hibernate.type.BigIntegerType@5cbb84b1
[DEBUG] 2020-10-07 23:49:14.191 [main] BasicTypeRegistry - Adding type registration java.math.BigInteger -> org.hibernate.type.BigIntegerType@5cbb84b1
[DEBUG] 2020-10-07 23:49:14.192 [main] BasicTypeRegistry - Adding type registration string -> org.hibernate.type.StringType@68e62ca4
[DEBUG] 2020-10-07 23:49:14.192 [main] BasicTypeRegistry - Adding type registration java.lang.String -> org.hibernate.type.StringType@68e62ca4
[DEBUG] 2020-10-07 23:49:14.193 [main] BasicTypeRegistry - Adding type registration nstring -> org.hibernate.type.StringNVarcharType@11653e3b
[DEBUG] 2020-10-07 23:49:14.193 [main] BasicTypeRegistry - Adding type registration ncharacter -> org.hibernate.type.CharacterNCharType@16fe9c29
[DEBUG] 2020-10-07 23:49:14.206 [main] BasicTypeRegistry - Adding type registration url -> org.hibernate.type.UrlType@4d4960c8
[DEBUG] 2020-10-07 23:49:14.210 [main] BasicTypeRegistry - Adding type registration java.net.URL -> org.hibernate.type.UrlType@4d4960c8
[DEBUG] 2020-10-07 23:49:14.211 [main] BasicTypeRegistry - Adding type registration Duration -> org.hibernate.type.DurationType@6ce90bc5
[DEBUG] 2020-10-07 23:49:14.212 [main] BasicTypeRegistry - Adding type registration java.time.Duration -> org.hibernate.type.DurationType@6ce90bc5
[DEBUG] 2020-10-07 23:49:14.234 [main] BasicTypeRegistry - Adding type registration Instant -> org.hibernate.type.InstantType@25d958c6
[DEBUG] 2020-10-07 23:49:14.235 [main] BasicTypeRegistry - Adding type registration java.time.Instant -> org.hibernate.type.InstantType@25d958c6
[DEBUG] 2020-10-07 23:49:14.241 [main] BasicTypeRegistry - Adding type registration LocalDateTime -> org.hibernate.type.LocalDateTimeType@695a69a1
[DEBUG] 2020-10-07 23:49:14.250 [main] BasicTypeRegistry - Adding type registration java.time.LocalDateTime -> org.hibernate.type.LocalDateTimeType@695a69a1
[DEBUG] 2020-10-07 23:49:14.253 [main] BasicTypeRegistry - Adding type registration LocalDate -> org.hibernate.type.LocalDateType@332f25c8
[DEBUG] 2020-10-07 23:49:14.253 [main] BasicTypeRegistry - Adding type registration java.time.LocalDate -> org.hibernate.type.LocalDateType@332f25c8
[DEBUG] 2020-10-07 23:49:14.254 [main] BasicTypeRegistry - Adding type registration LocalTime -> org.hibernate.type.LocalTimeType@69cac930
[DEBUG] 2020-10-07 23:49:14.254 [main] BasicTypeRegistry - Adding type registration java.time.LocalTime -> org.hibernate.type.LocalTimeType@69cac930
[DEBUG] 2020-10-07 23:49:14.257 [main] BasicTypeRegistry - Adding type registration OffsetDateTime -> org.hibernate.type.OffsetDateTimeType@4a03bb68
[DEBUG] 2020-10-07 23:49:14.258 [main] BasicTypeRegistry - Adding type registration java.time.OffsetDateTime -> org.hibernate.type.OffsetDateTimeType@4a03bb68
[DEBUG] 2020-10-07 23:49:14.258 [main] BasicTypeRegistry - Adding type registration OffsetTime -> org.hibernate.type.OffsetTimeType@6f099cef
[DEBUG] 2020-10-07 23:49:14.259 [main] BasicTypeRegistry - Adding type registration java.time.OffsetTime -> org.hibernate.type.OffsetTimeType@6f099cef
[DEBUG] 2020-10-07 23:49:14.276 [main] BasicTypeRegistry - Adding type registration ZonedDateTime -> org.hibernate.type.ZonedDateTimeType@46c00568
[DEBUG] 2020-10-07 23:49:14.278 [main] BasicTypeRegistry - Adding type registration java.time.ZonedDateTime -> org.hibernate.type.ZonedDateTimeType@46c00568
[DEBUG] 2020-10-07 23:49:14.280 [main] BasicTypeRegistry - Adding type registration date -> org.hibernate.type.DateType@1869f114
[DEBUG] 2020-10-07 23:49:14.280 [main] BasicTypeRegistry - Adding type registration java.sql.Date -> org.hibernate.type.DateType@1869f114
[DEBUG] 2020-10-07 23:49:14.291 [main] BasicTypeRegistry - Adding type registration time -> org.hibernate.type.TimeType@6d2d99fc
[DEBUG] 2020-10-07 23:49:14.291 [main] BasicTypeRegistry - Adding type registration java.sql.Time -> org.hibernate.type.TimeType@6d2d99fc
[DEBUG] 2020-10-07 23:49:14.293 [main] BasicTypeRegistry - Adding type registration timestamp -> org.hibernate.type.TimestampType@4f20a5e0
[DEBUG] 2020-10-07 23:49:14.293 [main] BasicTypeRegistry - Adding type registration java.sql.Timestamp -> org.hibernate.type.TimestampType@4f20a5e0
[DEBUG] 2020-10-07 23:49:14.293 [main] BasicTypeRegistry - Adding type registration java.util.Date -> org.hibernate.type.TimestampType@4f20a5e0
[DEBUG] 2020-10-07 23:49:14.298 [main] BasicTypeRegistry - Adding type registration dbtimestamp -> org.hibernate.type.DbTimestampType@27b22f74
[DEBUG] 2020-10-07 23:49:14.298 [main] BasicTypeRegistry - Adding type registration calendar -> org.hibernate.type.CalendarType@6079cf5
[DEBUG] 2020-10-07 23:49:14.298 [main] BasicTypeRegistry - Adding type registration java.util.Calendar -> org.hibernate.type.CalendarType@6079cf5
[DEBUG] 2020-10-07 23:49:14.303 [main] BasicTypeRegistry - Adding type registration java.util.GregorianCalendar -> org.hibernate.type.CalendarType@6079cf5
[DEBUG] 2020-10-07 23:49:14.307 [main] BasicTypeRegistry - Adding type registration calendar_date -> org.hibernate.type.CalendarDateType@5226e402
[DEBUG] 2020-10-07 23:49:14.316 [main] BasicTypeRegistry - Adding type registration locale -> org.hibernate.type.LocaleType@43cf6ea3
[DEBUG] 2020-10-07 23:49:14.317 [main] BasicTypeRegistry - Adding type registration java.util.Locale -> org.hibernate.type.LocaleType@43cf6ea3
[DEBUG] 2020-10-07 23:49:14.318 [main] BasicTypeRegistry - Adding type registration currency -> org.hibernate.type.CurrencyType@3241713e
[DEBUG] 2020-10-07 23:49:14.319 [main] BasicTypeRegistry - Adding type registration java.util.Currency -> org.hibernate.type.CurrencyType@3241713e
[DEBUG] 2020-10-07 23:49:14.319 [main] BasicTypeRegistry - Adding type registration timezone -> org.hibernate.type.TimeZoneType@60723d6a
[DEBUG] 2020-10-07 23:49:14.319 [main] BasicTypeRegistry - Adding type registration java.util.TimeZone -> org.hibernate.type.TimeZoneType@60723d6a
[DEBUG] 2020-10-07 23:49:14.320 [main] BasicTypeRegistry - Adding type registration class -> org.hibernate.type.ClassType@9a7a808
[DEBUG] 2020-10-07 23:49:14.320 [main] BasicTypeRegistry - Adding type registration java.lang.Class -> org.hibernate.type.ClassType@9a7a808
[DEBUG] 2020-10-07 23:49:14.329 [main] BasicTypeRegistry - Adding type registration uuid-binary -> org.hibernate.type.UUIDBinaryType@30135202
[DEBUG] 2020-10-07 23:49:14.329 [main] BasicTypeRegistry - Adding type registration java.util.UUID -> org.hibernate.type.UUIDBinaryType@30135202
[DEBUG] 2020-10-07 23:49:14.330 [main] BasicTypeRegistry - Adding type registration uuid-char -> org.hibernate.type.UUIDCharType@79767781
[DEBUG] 2020-10-07 23:49:14.330 [main] BasicTypeRegistry - Adding type registration binary -> org.hibernate.type.BinaryType@2d195ee4
[DEBUG] 2020-10-07 23:49:14.330 [main] BasicTypeRegistry - Adding type registration byte[] -> org.hibernate.type.BinaryType@2d195ee4
[DEBUG] 2020-10-07 23:49:14.330 [main] BasicTypeRegistry - Adding type registration [B -> org.hibernate.type.BinaryType@2d195ee4
[DEBUG] 2020-10-07 23:49:14.331 [main] BasicTypeRegistry - Adding type registration wrapper-binary -> org.hibernate.type.WrapperBinaryType@6b1e7ad3
[DEBUG] 2020-10-07 23:49:14.340 [main] BasicTypeRegistry - Adding type registration Byte[] -> org.hibernate.type.WrapperBinaryType@6b1e7ad3
[DEBUG] 2020-10-07 23:49:14.341 [main] BasicTypeRegistry - Adding type registration [Ljava.lang.Byte; -> org.hibernate.type.WrapperBinaryType@6b1e7ad3
[DEBUG] 2020-10-07 23:49:14.342 [main] BasicTypeRegistry - Adding type registration row_version -> org.hibernate.type.RowVersionType@5972d253
[DEBUG] 2020-10-07 23:49:14.342 [main] BasicTypeRegistry - Adding type registration image -> org.hibernate.type.ImageType@5b5c0057
[DEBUG] 2020-10-07 23:49:14.343 [main] BasicTypeRegistry - Adding type registration characters -> org.hibernate.type.CharArrayType@997d532
[DEBUG] 2020-10-07 23:49:14.343 [main] BasicTypeRegistry - Adding type registration char[] -> org.hibernate.type.CharArrayType@997d532
[DEBUG] 2020-10-07 23:49:14.343 [main] BasicTypeRegistry - Adding type registration [C -> org.hibernate.type.CharArrayType@997d532
[DEBUG] 2020-10-07 23:49:14.354 [main] BasicTypeRegistry - Adding type registration wrapper-characters -> org.hibernate.type.CharacterArrayType@bb095
[DEBUG] 2020-10-07 23:49:14.358 [main] BasicTypeRegistry - Adding type registration [Ljava.lang.Character; -> org.hibernate.type.CharacterArrayType@bb095
[DEBUG] 2020-10-07 23:49:14.358 [main] BasicTypeRegistry - Adding type registration Character[] -> org.hibernate.type.CharacterArrayType@bb095
[DEBUG] 2020-10-07 23:49:14.358 [main] BasicTypeRegistry - Adding type registration text -> org.hibernate.type.TextType@5d1e09bc
[DEBUG] 2020-10-07 23:49:14.358 [main] BasicTypeRegistry - Adding type registration ntext -> org.hibernate.type.NTextType@726a17c4
[DEBUG] 2020-10-07 23:49:14.368 [main] BasicTypeRegistry - Adding type registration blob -> org.hibernate.type.BlobType@53093491
[DEBUG] 2020-10-07 23:49:14.368 [main] BasicTypeRegistry - Adding type registration java.sql.Blob -> org.hibernate.type.BlobType@53093491
[DEBUG] 2020-10-07 23:49:14.368 [main] BasicTypeRegistry - Adding type registration materialized_blob -> org.hibernate.type.MaterializedBlobType@6dd93a21
[DEBUG] 2020-10-07 23:49:14.369 [main] BasicTypeRegistry - Adding type registration clob -> org.hibernate.type.ClobType@43826ec
[DEBUG] 2020-10-07 23:49:14.375 [main] BasicTypeRegistry - Adding type registration java.sql.Clob -> org.hibernate.type.ClobType@43826ec
[DEBUG] 2020-10-07 23:49:14.381 [main] BasicTypeRegistry - Adding type registration nclob -> org.hibernate.type.NClobType@6050462a
[DEBUG] 2020-10-07 23:49:14.382 [main] BasicTypeRegistry - Adding type registration java.sql.NClob -> org.hibernate.type.NClobType@6050462a
[DEBUG] 2020-10-07 23:49:14.385 [main] BasicTypeRegistry - Adding type registration materialized_clob -> org.hibernate.type.MaterializedClobType@73877e19
[DEBUG] 2020-10-07 23:49:14.389 [main] BasicTypeRegistry - Adding type registration materialized_nclob -> org.hibernate.type.MaterializedNClobType@7cedfa63
[DEBUG] 2020-10-07 23:49:14.390 [main] BasicTypeRegistry - Adding type registration serializable -> org.hibernate.type.SerializableType@2b0b4d53
[DEBUG] 2020-10-07 23:49:14.404 [main] BasicTypeRegistry - Adding type registration object -> org.hibernate.type.ObjectType@198ef2ce
[DEBUG] 2020-10-07 23:49:14.404 [main] BasicTypeRegistry - Adding type registration java.lang.Object -> org.hibernate.type.ObjectType@198ef2ce
[DEBUG] 2020-10-07 23:49:14.410 [main] BasicTypeRegistry - Adding type registration imm_date -> org.hibernate.type.AdaptedImmutableType@14151bc5
[DEBUG] 2020-10-07 23:49:14.413 [main] BasicTypeRegistry - Adding type registration imm_time -> org.hibernate.type.AdaptedImmutableType@3013909b
[DEBUG] 2020-10-07 23:49:14.415 [main] BasicTypeRegistry - Adding type registration imm_timestamp -> org.hibernate.type.AdaptedImmutableType@2a49fe
[DEBUG] 2020-10-07 23:49:14.415 [main] BasicTypeRegistry - Adding type registration imm_dbtimestamp -> org.hibernate.type.AdaptedImmutableType@66596a88
[DEBUG] 2020-10-07 23:49:14.416 [main] BasicTypeRegistry - Adding type registration imm_calendar -> org.hibernate.type.AdaptedImmutableType@5aae8eb5
[DEBUG] 2020-10-07 23:49:14.417 [main] BasicTypeRegistry - Adding type registration imm_calendar_date -> org.hibernate.type.AdaptedImmutableType@76954a33
[DEBUG] 2020-10-07 23:49:14.417 [main] BasicTypeRegistry - Adding type registration imm_binary -> org.hibernate.type.AdaptedImmutableType@24a298a6
[DEBUG] 2020-10-07 23:49:14.417 [main] BasicTypeRegistry - Adding type registration imm_serializable -> org.hibernate.type.AdaptedImmutableType@982bb90
[DEBUG] 2020-10-07 23:49:14.593 [main] DefaultIdentifierGeneratorFactory - Registering IdentifierGenerator strategy [uuid2] -> [org.hibernate.id.UUIDGenerator]
[DEBUG] 2020-10-07 23:49:14.594 [main] DefaultIdentifierGeneratorFactory - Registering IdentifierGenerator strategy [guid] -> [org.hibernate.id.GUIDGenerator]
[DEBUG] 2020-10-07 23:49:14.594 [main] DefaultIdentifierGeneratorFactory - Registering IdentifierGenerator strategy [uuid] -> [org.hibernate.id.UUIDHexGenerator]
[DEBUG] 2020-10-07 23:49:14.594 [main] DefaultIdentifierGeneratorFactory - Registering IdentifierGenerator strategy [uuid.hex] -> [org.hibernate.id.UUIDHexGenerator]
[DEBUG] 2020-10-07 23:49:14.596 [main] DefaultIdentifierGeneratorFactory - Registering IdentifierGenerator strategy [assigned] -> [org.hibernate.id.Assigned]
[DEBUG] 2020-10-07 23:49:14.598 [main] DefaultIdentifierGeneratorFactory - Registering IdentifierGenerator strategy [identity] -> [org.hibernate.id.IdentityGenerator]
[DEBUG] 2020-10-07 23:49:14.598 [main] DefaultIdentifierGeneratorFactory - Registering IdentifierGenerator strategy [select] -> [org.hibernate.id.SelectGenerator]
[DEBUG] 2020-10-07 23:49:14.601 [main] DefaultIdentifierGeneratorFactory - Registering IdentifierGenerator strategy [sequence] -> [org.hibernate.id.enhanced.SequenceStyleGenerator]
[DEBUG] 2020-10-07 23:49:14.605 [main] DefaultIdentifierGeneratorFactory - Registering IdentifierGenerator strategy [seqhilo] -> [org.hibernate.id.SequenceHiLoGenerator]
[DEBUG] 2020-10-07 23:49:14.606 [main] DefaultIdentifierGeneratorFactory - Registering IdentifierGenerator strategy [increment] -> [org.hibernate.id.IncrementGenerator]
[DEBUG] 2020-10-07 23:49:14.610 [main] DefaultIdentifierGeneratorFactory - Registering IdentifierGenerator strategy [foreign] -> [org.hibernate.id.ForeignGenerator]
[DEBUG] 2020-10-07 23:49:14.611 [main] DefaultIdentifierGeneratorFactory - Registering IdentifierGenerator strategy [sequence-identity] -> [org.hibernate.id.SequenceIdentityGenerator]
[DEBUG] 2020-10-07 23:49:14.611 [main] DefaultIdentifierGeneratorFactory - Registering IdentifierGenerator strategy [enhanced-sequence] -> [org.hibernate.id.enhanced.SequenceStyleGenerator]
[DEBUG] 2020-10-07 23:49:14.613 [main] DefaultIdentifierGeneratorFactory - Registering IdentifierGenerator strategy [enhanced-table] -> [org.hibernate.id.enhanced.TableGenerator]
[INFO ] 2020-10-07 23:49:14.630 [main] C3P0ConnectionProvider - HHH010002: C3P0 using driver: com.mysql.cj.jdbc.Driver at URL: jdbc:mysql://localhost:3306/wedding
[INFO ] 2020-10-07 23:49:14.631 [main] C3P0ConnectionProvider - HHH10001001: Connection properties: {password=****, user=root}
[INFO ] 2020-10-07 23:49:14.631 [main] C3P0ConnectionProvider - HHH10001003: Autocommit mode: false
[INFO ] 2020-10-07 23:49:15.083 [main] C3P0ConnectionProvider - HHH10001007: JDBC isolation level: <unknown>
[DEBUG] 2020-10-07 23:49:16.588 [main] JdbcEnvironmentInitiator - Database ->
       name : MySQL
    version : 8.0.21
      major : 8
      minor : 0
[DEBUG] 2020-10-07 23:49:16.600 [main] JdbcEnvironmentInitiator - Driver ->
       name : MySQL Connector/J
    version : mysql-connector-java-8.0.16 (Revision: 34cbc6bc61f72836e26327537a432d6db7c77de6)
      major : 8
      minor : 0
[DEBUG] 2020-10-07 23:49:16.601 [main] JdbcEnvironmentInitiator - JDBC version : 4.2
[INFO ] 2020-10-07 23:49:16.665 [main] Dialect - HHH000400: Using dialect: org.hibernate.dialect.MySQL8Dialect
[DEBUG] 2020-10-07 23:49:16.695 [main] IdentifierHelperBuilder - JDBC driver metadata reported database stores quoted identifiers in more than one case
[DEBUG] 2020-10-07 23:49:16.733 [main] IdentifierHelperBuilder - IdentifierCaseStrategy for both quoted and unquoted identifiers was set to the same strategy [MIXED]; that will likely lead to problems in schema update and validation if using quoted identifiers
[DEBUG] 2020-10-07 23:49:16.796 [main] Namespace - Created database namespace [logicalName=Name{catalog=null, schema=null}, physicalName=Name{catalog=null, schema=null}]
[DEBUG] 2020-10-07 23:49:16.804 [main] TypeConfiguration$Scope - Scoping TypeConfiguration [org.hibernate.type.spi.TypeConfiguration@2d0ecb24] to MetadataBuildingContext [org.hibernate.boot.internal.MetadataBuildingContextRootImpl@4d654825]
[DEBUG] 2020-10-07 23:49:16.864 [main] AnnotationBinder - Binding entity from annotated class: edu.matc.entity.User
[DEBUG] 2020-10-07 23:49:16.915 [main] Ejb3Column - Binding column: Ejb3DiscriminatorColumn{logicalColumnName'DTYPE', discriminatorTypeName='string'}
[DEBUG] 2020-10-07 23:49:16.925 [main] EntityBinder - Import with entity name User
[DEBUG] 2020-10-07 23:49:16.928 [main] EntityBinder - Bind entity edu.matc.entity.User on table user
[DEBUG] 2020-10-07 23:49:16.973 [main] Ejb3Column - Binding column: Ejb3Column{table=org.hibernate.mapping.Table(user), mappingColumn=id, insertable=true, updatable=true, unique=false}
[DEBUG] 2020-10-07 23:49:16.975 [main] PropertyBinder - MetadataSourceProcessor property id with lazy=false
[DEBUG] 2020-10-07 23:49:16.976 [main] AbstractPropertyHolder - Attempting to locate auto-apply AttributeConverter for property [edu.matc.entity.User:id]
[DEBUG] 2020-10-07 23:49:16.977 [main] SimpleValueBinder - building SimpleValue for id
[DEBUG] 2020-10-07 23:49:16.979 [main] PropertyBinder - Building property id
[DEBUG] 2020-10-07 23:49:16.990 [main] BinderHelper - #makeIdGenerator(org.hibernate.mapping.SimpleValue([org.hibernate.mapping.Column(id)]), id, org.hibernate.id.enhanced.SequenceStyleGenerator, native, ...)
[DEBUG] 2020-10-07 23:49:16.999 [main] Ejb3Column - Binding column: Ejb3JoinColumn{logicalColumnName='null', referencedColumn='null', mappedBy='user'}
[DEBUG] 2020-10-07 23:49:16.999 [main] Ejb3Column - Binding column: Ejb3Column{table=org.hibernate.mapping.Table(user), mappingColumn=events, insertable=true, updatable=true, unique=false}
[DEBUG] 2020-10-07 23:49:17.003 [main] Ejb3Column - Binding column: Ejb3Column{table=org.hibernate.mapping.Table(user), mappingColumn=null, insertable=true, updatable=true, unique=false}
[DEBUG] 2020-10-07 23:49:17.015 [main] Ejb3Column - Binding column: Ejb3Column{table=org.hibernate.mapping.Table(user), mappingColumn=element, insertable=true, updatable=true, unique=false}
[DEBUG] 2020-10-07 23:49:17.016 [main] Ejb3Column - Binding column: Ejb3Column{table=org.hibernate.mapping.Table(user), mappingColumn=events_KEY, insertable=true, updatable=true, unique=false}
[DEBUG] 2020-10-07 23:49:17.016 [main] Ejb3Column - Binding column: Ejb3JoinColumn{logicalColumnName='events_KEY', referencedColumn='null', mappedBy='null'}
[DEBUG] 2020-10-07 23:49:17.019 [main] Ejb3Column - Binding column: Ejb3JoinColumn{logicalColumnName='null', referencedColumn='null', mappedBy='user'}
[DEBUG] 2020-10-07 23:49:17.019 [main] Ejb3Column - Binding column: Ejb3JoinColumn{logicalColumnName='null', referencedColumn='null', mappedBy='user'}
[DEBUG] 2020-10-07 23:49:17.020 [main] CollectionBinder - Collection role: edu.matc.entity.User.events
[DEBUG] 2020-10-07 23:49:17.028 [main] PropertyBinder - Building property events
[DEBUG] 2020-10-07 23:49:17.028 [main] Ejb3Column - Binding column: Ejb3Column{table=org.hibernate.mapping.Table(user), mappingColumn=first_name, insertable=true, updatable=true, unique=false}
[DEBUG] 2020-10-07 23:49:17.030 [main] PropertyBinder - MetadataSourceProcessor property firstName with lazy=false
[DEBUG] 2020-10-07 23:49:17.030 [main] AbstractPropertyHolder - Attempting to locate auto-apply AttributeConverter for property [edu.matc.entity.User:firstName]
[DEBUG] 2020-10-07 23:49:17.030 [main] SimpleValueBinder - building SimpleValue for firstName
[DEBUG] 2020-10-07 23:49:17.031 [main] PropertyBinder - Building property firstName
[DEBUG] 2020-10-07 23:49:17.032 [main] Ejb3Column - Binding column: Ejb3Column{table=org.hibernate.mapping.Table(user), mappingColumn=last_name, insertable=true, updatable=true, unique=false}
[DEBUG] 2020-10-07 23:49:17.032 [main] PropertyBinder - MetadataSourceProcessor property lastName with lazy=false
[DEBUG] 2020-10-07 23:49:17.032 [main] AbstractPropertyHolder - Attempting to locate auto-apply AttributeConverter for property [edu.matc.entity.User:lastName]
[DEBUG] 2020-10-07 23:49:17.032 [main] SimpleValueBinder - building SimpleValue for lastName
[DEBUG] 2020-10-07 23:49:17.032 [main] PropertyBinder - Building property lastName
[DEBUG] 2020-10-07 23:49:17.032 [main] Ejb3Column - Binding column: Ejb3Column{table=org.hibernate.mapping.Table(user), mappingColumn=user_name, insertable=true, updatable=true, unique=false}
[DEBUG] 2020-10-07 23:49:17.032 [main] PropertyBinder - MetadataSourceProcessor property userName with lazy=false
[DEBUG] 2020-10-07 23:49:17.032 [main] AbstractPropertyHolder - Attempting to locate auto-apply AttributeConverter for property [edu.matc.entity.User:userName]
[DEBUG] 2020-10-07 23:49:17.032 [main] SimpleValueBinder - building SimpleValue for userName
[DEBUG] 2020-10-07 23:49:17.035 [main] PropertyBinder - Building property userName
[DEBUG] 2020-10-07 23:49:17.035 [main] Ejb3Column - Binding column: Ejb3Column{table=org.hibernate.mapping.Table(user), mappingColumn=wedding_date, insertable=true, updatable=true, unique=false}
[DEBUG] 2020-10-07 23:49:17.035 [main] PropertyBinder - MetadataSourceProcessor property weddingDate with lazy=false
[DEBUG] 2020-10-07 23:49:17.035 [main] AbstractPropertyHolder - Attempting to locate auto-apply AttributeConverter for property [edu.matc.entity.User:weddingDate]
[DEBUG] 2020-10-07 23:49:17.035 [main] SimpleValueBinder - building SimpleValue for weddingDate
[DEBUG] 2020-10-07 23:49:17.036 [main] PropertyBinder - Building property weddingDate
[DEBUG] 2020-10-07 23:49:17.037 [main] AnnotationBinder - Binding entity from annotated class: edu.matc.entity.Event
[DEBUG] 2020-10-07 23:49:17.037 [main] Ejb3Column - Binding column: Ejb3DiscriminatorColumn{logicalColumnName'DTYPE', discriminatorTypeName='string'}
[DEBUG] 2020-10-07 23:49:17.037 [main] EntityBinder - Import with entity name Event
[DEBUG] 2020-10-07 23:49:17.037 [main] EntityBinder - Bind entity edu.matc.entity.Event on table events
[DEBUG] 2020-10-07 23:49:17.039 [main] Ejb3Column - Binding column: Ejb3Column{table=org.hibernate.mapping.Table(events), mappingColumn=id, insertable=true, updatable=true, unique=false}
[DEBUG] 2020-10-07 23:49:17.039 [main] PropertyBinder - MetadataSourceProcessor property id with lazy=false
[DEBUG] 2020-10-07 23:49:17.039 [main] AbstractPropertyHolder - Attempting to locate auto-apply AttributeConverter for property [edu.matc.entity.Event:id]
[DEBUG] 2020-10-07 23:49:17.044 [main] SimpleValueBinder - building SimpleValue for id
[DEBUG] 2020-10-07 23:49:17.045 [main] PropertyBinder - Building property id
[DEBUG] 2020-10-07 23:49:17.045 [main] BinderHelper - #makeIdGenerator(org.hibernate.mapping.SimpleValue([org.hibernate.mapping.Column(id)]), id, org.hibernate.id.enhanced.SequenceStyleGenerator, native, ...)
[DEBUG] 2020-10-07 23:49:17.045 [main] Ejb3Column - Binding column: Ejb3Column{table=org.hibernate.mapping.Table(events), mappingColumn=budget, insertable=true, updatable=true, unique=false}
[DEBUG] 2020-10-07 23:49:17.045 [main] PropertyBinder - MetadataSourceProcessor property budget with lazy=false
[DEBUG] 2020-10-07 23:49:17.046 [main] AbstractPropertyHolder - Attempting to locate auto-apply AttributeConverter for property [edu.matc.entity.Event:budget]
[DEBUG] 2020-10-07 23:49:17.046 [main] SimpleValueBinder - building SimpleValue for budget
[DEBUG] 2020-10-07 23:49:17.046 [main] PropertyBinder - Building property budget
[DEBUG] 2020-10-07 23:49:17.046 [main] Ejb3Column - Binding column: Ejb3Column{table=org.hibernate.mapping.Table(events), mappingColumn=location, insertable=true, updatable=true, unique=false}
[DEBUG] 2020-10-07 23:49:17.046 [main] PropertyBinder - MetadataSourceProcessor property location with lazy=false
[DEBUG] 2020-10-07 23:49:17.046 [main] AbstractPropertyHolder - Attempting to locate auto-apply AttributeConverter for property [edu.matc.entity.Event:location]
[DEBUG] 2020-10-07 23:49:17.046 [main] SimpleValueBinder - building SimpleValue for location
[DEBUG] 2020-10-07 23:49:17.048 [main] PropertyBinder - Building property location
[DEBUG] 2020-10-07 23:49:17.049 [main] Ejb3Column - Binding column: Ejb3JoinColumn{logicalColumnName='null', referencedColumn='null', mappedBy='null'}
[DEBUG] 2020-10-07 23:49:17.049 [main] Ejb3Column - Binding column: Ejb3Column{table=org.hibernate.mapping.Table(events), mappingColumn=user, insertable=true, updatable=true, unique=false}
[DEBUG] 2020-10-07 23:49:17.050 [main] PropertyBinder - Building property user
[DEBUG] 2020-10-07 23:49:17.054 [main] SimpleValueBinder - Starting fillSimpleValue for id
[DEBUG] 2020-10-07 23:49:17.054 [main] SimpleValueBinder - Starting fillSimpleValue for firstName
[DEBUG] 2020-10-07 23:49:17.057 [main] SimpleValueBinder - Starting fillSimpleValue for lastName
[DEBUG] 2020-10-07 23:49:17.057 [main] SimpleValueBinder - Starting fillSimpleValue for userName
[DEBUG] 2020-10-07 23:49:17.057 [main] SimpleValueBinder - Starting fillSimpleValue for weddingDate
[DEBUG] 2020-10-07 23:49:17.057 [main] SimpleValueBinder - Starting fillSimpleValue for id
[DEBUG] 2020-10-07 23:49:17.057 [main] SimpleValueBinder - Starting fillSimpleValue for budget
[DEBUG] 2020-10-07 23:49:17.057 [main] SimpleValueBinder - Starting fillSimpleValue for location
[DEBUG] 2020-10-07 23:49:17.062 [main] PrimaryKey - Forcing column [id] to be non-null as it is part of the primary key for table [user]
[DEBUG] 2020-10-07 23:49:17.062 [main] PrimaryKey - Forcing column [id] to be non-null as it is part of the primary key for table [events]
[DEBUG] 2020-10-07 23:49:17.062 [main] CollectionSecondPass - Second pass for collection: edu.matc.entity.User.events
[DEBUG] 2020-10-07 23:49:17.063 [main] CollectionBinder - Binding a OneToMany: edu.matc.entity.User.events through a foreign key
[DEBUG] 2020-10-07 23:49:17.063 [main] CollectionBinder - Mapping collection: edu.matc.entity.User.events -> events
[DEBUG] 2020-10-07 23:49:17.067 [main] TableBinder - Retrieving property edu.matc.entity.Event.user
[DEBUG] 2020-10-07 23:49:17.067 [main] CollectionSecondPass - Mapped collection key: user_id, one-to-many: edu.matc.entity.Event
[DEBUG] 2020-10-07 23:49:17.073 [main] InFlightMetadataCollectorImpl - Resolving reference to class: edu.matc.entity.User
[DEBUG] 2020-10-07 23:49:17.085 [main] InFlightMetadataCollectorImpl - Resolving reference to class: edu.matc.entity.User
[DEBUG] 2020-10-07 23:49:17.137 [main] SessionFactoryImpl - Building session factory
[DEBUG] 2020-10-07 23:49:17.138 [main] Settings - SessionFactory name : null
[DEBUG] 2020-10-07 23:49:17.138 [main] Settings - Automatic flush during beforeCompletion(): enabled
[DEBUG] 2020-10-07 23:49:17.138 [main] Settings - Automatic session close at end of transaction: disabled
[DEBUG] 2020-10-07 23:49:17.139 [main] Settings - Statistics: disabled
[DEBUG] 2020-10-07 23:49:17.139 [main] Settings - Deleted entity synthetic identifier rollback: disabled
[DEBUG] 2020-10-07 23:49:17.139 [main] Settings - Default entity-mode: pojo
[DEBUG] 2020-10-07 23:49:17.139 [main] Settings - Check Nullability in Core (should be disabled when Bean Validation is on): enabled
[DEBUG] 2020-10-07 23:49:17.139 [main] Settings - Allow initialization of lazy state outside session : disabled
[DEBUG] 2020-10-07 23:49:17.140 [main] Settings - Using BatchFetchStyle : LEGACY
[DEBUG] 2020-10-07 23:49:17.140 [main] Settings - Default batch fetch size: -1
[DEBUG] 2020-10-07 23:49:17.140 [main] Settings - Maximum outer join fetch depth: 2
[DEBUG] 2020-10-07 23:49:17.140 [main] Settings - Default null ordering: NONE
[DEBUG] 2020-10-07 23:49:17.140 [main] Settings - Order SQL updates by primary key: disabled
[DEBUG] 2020-10-07 23:49:17.140 [main] Settings - Order SQL inserts for batching: disabled
[DEBUG] 2020-10-07 23:49:17.141 [main] Settings - multi-tenancy strategy : NONE
[DEBUG] 2020-10-07 23:49:17.141 [main] Settings - JTA Track by Thread: enabled
[DEBUG] 2020-10-07 23:49:17.141 [main] Settings - Query language substitutions: {}
[DEBUG] 2020-10-07 23:49:17.141 [main] Settings - Named query checking : enabled
[DEBUG] 2020-10-07 23:49:17.144 [main] Settings - Second-level cache: disabled
[DEBUG] 2020-10-07 23:49:17.144 [main] Settings - Second-level query cache: disabled
[DEBUG] 2020-10-07 23:49:17.144 [main] Settings - Second-level query cache factory: null
[DEBUG] 2020-10-07 23:49:17.149 [main] Settings - Second-level cache region prefix: null
[DEBUG] 2020-10-07 23:49:17.150 [main] Settings - Optimize second-level cache for minimal puts: disabled
[DEBUG] 2020-10-07 23:49:17.153 [main] Settings - Structured second-level cache entries: disabled
[DEBUG] 2020-10-07 23:49:17.154 [main] Settings - Second-level cache direct-reference entries: disabled
[DEBUG] 2020-10-07 23:49:17.154 [main] Settings - Automatic eviction of collection cache: disabled
[DEBUG] 2020-10-07 23:49:17.154 [main] Settings - JDBC batch size: 15
[DEBUG] 2020-10-07 23:49:17.154 [main] Settings - JDBC batch updates for versioned data: enabled
[DEBUG] 2020-10-07 23:49:17.154 [main] Settings - Scrollable result sets: enabled
[DEBUG] 2020-10-07 23:49:17.154 [main] Settings - Wrap result sets: disabled
[DEBUG] 2020-10-07 23:49:17.154 [main] Settings - JDBC3 getGeneratedKeys(): enabled
[DEBUG] 2020-10-07 23:49:17.154 [main] Settings - JDBC result set fetch size: null
[DEBUG] 2020-10-07 23:49:17.154 [main] Settings - Connection release mode: AFTER_TRANSACTION
[DEBUG] 2020-10-07 23:49:17.154 [main] Settings - Generate SQL with comments: disabled
[DEBUG] 2020-10-07 23:49:17.154 [main] Settings - JPA compliance - query : 
[DEBUG] 2020-10-07 23:49:17.154 [main] Settings - JPA compliance - closed-handling : 
[DEBUG] 2020-10-07 23:49:17.154 [main] Settings - JPA compliance - lists : 
[DEBUG] 2020-10-07 23:49:17.154 [main] Settings - JPA compliance - transactions : 
[INFO ] 2020-10-07 23:49:17.276 [main] beans - HHH10005002: No explicit CDI BeanManager reference was passed to Hibernate, but CDI is available on the Hibernate ClassLoader.
[DEBUG] 2020-10-07 23:49:17.307 [main] SessionFactoryImpl - Session factory constructed with filter configurations : {}
[DEBUG] 2020-10-07 23:49:17.307 [main] SessionFactoryImpl - Instantiating session factory with properties: {sun.desktop=gnome, awt.toolkit=sun.awt.X11.XToolkit, java.specification.version=11, sun.cpu.isalist=, hibernate.c3p0.idle_test_period=3000, sun.jnu.encoding=UTF-8, hibernate.c3p0.min_size=5, java.class.path=/snap/intellij-idea-ultimate/253/lib/idea_rt.jar:/snap/intellij-idea-ultimate/253/plugins/junit/lib/junit5-rt.jar:/snap/intellij-idea-ultimate/253/plugins/junit/lib/junit-rt.jar:/home/student/IdeaProjects/indieproject/target/test-classes:/home/student/IdeaProjects/indieproject/target/classes:/home/student/.m2/repository/org/junit/platform/junit-platform-runner/1.0.0/junit-platform-runner-1.0.0.jar:/home/student/.m2/repository/org/apiguardian/apiguardian-api/1.0.0/apiguardian-api-1.0.0.jar:/home/student/.m2/repository/org/junit/platform/junit-platform-launcher/1.0.0/junit-platform-launcher-1.0.0.jar:/home/student/.m2/repository/org/junit/platform/junit-platform-suite-api/1.0.0/junit-platform-suite-api-1.0.0.jar:/home/student/.m2/repository/org/junit/platform/junit-platform-commons/1.0.0/junit-platform-commons-1.0.0.jar:/home/student/.m2/repository/org/junit/vintage/junit-vintage-engine/4.12.0/junit-vintage-engine-4.12.0.jar:/home/student/.m2/repository/org/junit/platform/junit-platform-engine/1.0.0/junit-platform-engine-1.0.0.jar:/home/student/.m2/repository/org/opentest4j/opentest4j/1.0.0/opentest4j-1.0.0.jar:/home/student/.m2/repository/org/junit/jupiter/junit-jupiter-engine/5.0.0/junit-jupiter-engine-5.0.0.jar:/home/student/.m2/repository/org/junit/jupiter/junit-jupiter-api/5.0.0/junit-jupiter-api-5.0.0.jar:/home/student/.m2/repository/junit/junit/4.12/junit-4.12.jar:/home/student/.m2/repository/org/hamcrest/hamcrest-core/1.3/hamcrest-core-1.3.jar:/home/student/.m2/repository/javax/javaee-web-api/7.0/javaee-web-api-7.0.jar:/home/student/.m2/repository/mysql/mysql-connector-java/8.0.16/mysql-connector-java-8.0.16.jar:/home/student/.m2/repository/com/google/protobuf/protobuf-java/3.6.1/protobuf-java-3.6.1.jar:/home/student/.m2/repository/jstl/jstl/1.2/jstl-1.2.jar:/home/student/.m2/repository/org/apache/logging/log4j/log4j-api/2.10.0/log4j-api-2.10.0.jar:/home/student/.m2/repository/org/apache/logging/log4j/log4j-core/2.10.0/log4j-core-2.10.0.jar:/home/student/.m2/repository/org/hibernate/hibernate-core/5.4.4.Final/hibernate-core-5.4.4.Final.jar:/home/student/.m2/repository/org/jboss/logging/jboss-logging/3.3.2.Final/jboss-logging-3.3.2.Final.jar:/home/student/.m2/repository/javax/persistence/javax.persistence-api/2.2/javax.persistence-api-2.2.jar:/home/student/.m2/repository/org/javassist/javassist/3.24.0-GA/javassist-3.24.0-GA.jar:/home/student/.m2/repository/net/bytebuddy/byte-buddy/1.9.11/byte-buddy-1.9.11.jar:/home/student/.m2/repository/antlr/antlr/2.7.7/antlr-2.7.7.jar:/home/student/.m2/repository/org/jboss/spec/javax/transaction/jboss-transaction-api_1.2_spec/1.1.1.Final/jboss-transaction-api_1.2_spec-1.1.1.Final.jar:/home/student/.m2/repository/org/jboss/jandex/2.0.5.Final/jandex-2.0.5.Final.jar:/home/student/.m2/repository/com/fasterxml/classmate/1.3.4/classmate-1.3.4.jar:/home/student/.m2/repository/javax/activation/javax.activation-api/1.2.0/javax.activation-api-1.2.0.jar:/home/student/.m2/repository/org/dom4j/dom4j/2.1.1/dom4j-2.1.1.jar:/home/student/.m2/repository/org/hibernate/common/hibernate-commons-annotations/5.1.0.Final/hibernate-commons-annotations-5.1.0.Final.jar:/home/student/.m2/repository/javax/xml/bind/jaxb-api/2.3.1/jaxb-api-2.3.1.jar:/home/student/.m2/repository/org/glassfish/jaxb/jaxb-runtime/2.3.1/jaxb-runtime-2.3.1.jar:/home/student/.m2/repository/org/glassfish/jaxb/txw2/2.3.1/txw2-2.3.1.jar:/home/student/.m2/repository/com/sun/istack/istack-commons-runtime/3.0.7/istack-commons-runtime-3.0.7.jar:/home/student/.m2/repository/org/jvnet/staxex/stax-ex/1.8/stax-ex-1.8.jar:/home/student/.m2/repository/com/sun/xml/fastinfoset/FastInfoset/1.2.15/FastInfoset-1.2.15.jar:/home/student/.m2/repository/org/hibernate/hibernate-c3p0/5.4.4.Final/hibernate-c3p0-5.4.4.Final.jar:/home/student/.m2/repository/com/mchange/c3p0/0.9.5.3/c3p0-0.9.5.3.jar:/home/student/.m2/repository/com/mchange/mchange-commons-java/0.2.15/mchange-commons-java-0.2.15.jar, java.vm.vendor=Ubuntu, sun.arch.data.model=64, idea.test.cyclic.buffer.size=1048576, java.vendor.url=https://ubuntu.com/, user.timezone=America/Chicago, os.name=Linux, java.vm.specification.version=11, sun.java.launcher=SUN_STANDARD, user.country=US, sun.boot.library.path=/usr/lib/jvm/java-11-openjdk-amd64/lib, sun.java.command=com.intellij.rt.junit.JUnitStarter -ideVersion5 -junit5 edu.matc.persistence.UserDaoTest,insertWithEventSuccess, jdk.debug=release, sun.cpu.endian=little, user.home=/home/student, hibernate.c3p0.max_statements=50, user.language=en, java.specification.vendor=Oracle Corporation, java.version.date=2020-07-14, java.home=/usr/lib/jvm/java-11-openjdk-amd64, file.separator=/, java.vm.compressedOopsMode=32-bit, line.separator=
, hibernate.c3p0.timeout=300, java.specification.name=Java Platform API Specification, java.vm.specification.vendor=Oracle Corporation, java.awt.graphicsenv=sun.awt.X11GraphicsEnvironment, connection.password=student, sun.management.compiler=HotSpot 64-Bit Tiered Compilers, hibernate.c3p0.max_size=20, java.runtime.version=11.0.8+10-post-Ubuntu-0ubuntu118.04.1, user.name=student, path.separator=:, hibernate.connection.username=****, os.version=5.4.0-48-generic, java.runtime.name=OpenJDK Runtime Environment, hibernate.connection.url=jdbc:mysql://localhost:3306/wedding, file.encoding=UTF-8, java.vm.name=OpenJDK 64-Bit Server VM, hibernate.connection.driver_class=com.mysql.cj.jdbc.Driver, java.vendor.url.bug=https://bugs.launchpad.net/ubuntu/+source/openjdk-lts, java.io.tmpdir=/tmp, java.version=11.0.8, user.dir=/home/student/IdeaProjects/indieproject, os.arch=amd64, connection.username=root, java.vm.specification.name=Java Virtual Machine Specification, java.awt.printerjob=sun.print.PSPrinterJob, hibernate.connection.password=****, sun.os.patch.level=unknown, connection.driver_class=com.mysql.cj.jdbc.Driver, hibernate.boot.CfgXmlAccessService.key=org.hibernate.boot.cfgxml.spi.LoadedConfig@5399f6c5, java.library.path=/usr/java/packages/lib:/usr/lib/x86_64-linux-gnu/jni:/lib/x86_64-linux-gnu:/usr/lib/x86_64-linux-gnu:/usr/lib/jni:/lib:/usr/lib, java.vendor=Ubuntu, java.vm.info=mixed mode, sharing, java.vm.version=11.0.8+10-post-Ubuntu-0ubuntu118.04.1, hibernate.bytecode.use_reflection_optimizer=false, sun.io.unicode.encoding=UnicodeLittle, connection.url=jdbc:mysql://localhost:3306/wedding, java.class.version=55.0}
[DEBUG] 2020-10-07 23:49:17.341 [main] TypeSafeActivator - Unable to acquire Bean Validation ValidatorFactory, skipping activation
[DEBUG] 2020-10-07 23:49:17.341 [main] JaccIntegrator - Skipping JACC integration as it was not enabled
[DEBUG] 2020-10-07 23:49:17.342 [main] SessionFactoryImpl - Instantiated session factory
[DEBUG] 2020-10-07 23:49:17.342 [main] TypeConfiguration$Scope - Scoping TypeConfiguration [org.hibernate.type.spi.TypeConfiguration@2d0ecb24] to SessionFactoryImpl [org.hibernate.internal.SessionFactoryImpl@593a6726]
[DEBUG] 2020-10-07 23:49:17.488 [main] ClassLoaderAccessImpl - Not known whether passed class name [edu.matc.entity.User] is safe
[DEBUG] 2020-10-07 23:49:17.491 [main] ClassLoaderAccessImpl - No temp ClassLoader provided; using live ClassLoader for loading potentially unsafe class : edu.matc.entity.User
[DEBUG] 2020-10-07 23:49:17.520 [main] ClassLoaderAccessImpl - Not known whether passed class name [edu.matc.entity.User] is safe
[DEBUG] 2020-10-07 23:49:17.520 [main] ClassLoaderAccessImpl - No temp ClassLoader provided; using live ClassLoader for loading potentially unsafe class : edu.matc.entity.User
[DEBUG] 2020-10-07 23:49:17.916 [main] ClassLoaderAccessImpl - Not known whether passed class name [edu.matc.entity.Event] is safe
[DEBUG] 2020-10-07 23:49:17.920 [main] ClassLoaderAccessImpl - No temp ClassLoader provided; using live ClassLoader for loading potentially unsafe class : edu.matc.entity.Event
[DEBUG] 2020-10-07 23:49:17.921 [main] ClassLoaderAccessImpl - Not known whether passed class name [edu.matc.entity.Event] is safe
[DEBUG] 2020-10-07 23:49:17.921 [main] ClassLoaderAccessImpl - No temp ClassLoader provided; using live ClassLoader for loading potentially unsafe class : edu.matc.entity.Event
[DEBUG] 2020-10-07 23:49:17.973 [main] AbstractCollectionPersister - Static SQL for collection: edu.matc.entity.User.events
[DEBUG] 2020-10-07 23:49:17.973 [main] AbstractCollectionPersister -  Row insert: update events set user_id=? where id=?
[DEBUG] 2020-10-07 23:49:17.973 [main] AbstractCollectionPersister -  Row update: update events set  where id=?
[DEBUG] 2020-10-07 23:49:17.973 [main] AbstractCollectionPersister -  Row delete: update events set user_id=null where user_id=? and id=?
[DEBUG] 2020-10-07 23:49:17.973 [main] AbstractCollectionPersister -  One-shot delete: update events set user_id=null where user_id=?
[DEBUG] 2020-10-07 23:49:17.977 [main] AbstractEntityPersister - Static SQL for entity: edu.matc.entity.User
[DEBUG] 2020-10-07 23:49:17.977 [main] AbstractEntityPersister -  Version select: select id from user where id =?
[DEBUG] 2020-10-07 23:49:17.979 [main] AbstractEntityPersister -  Snapshot select: select user_.id, user_.first_name as first_na2_1_, user_.last_name as last_nam3_1_, user_.user_name as user_nam4_1_, user_.wedding_date as wedding_5_1_ from user user_ where user_.id=?
[DEBUG] 2020-10-07 23:49:17.979 [main] AbstractEntityPersister -  Insert 0: insert into user (first_name, last_name, user_name, wedding_date, id) values (?, ?, ?, ?, ?)
[DEBUG] 2020-10-07 23:49:17.979 [main] AbstractEntityPersister -  Update 0: update user set first_name=?, last_name=?, user_name=?, wedding_date=? where id=?
[DEBUG] 2020-10-07 23:49:17.979 [main] AbstractEntityPersister -  Delete 0: delete from user where id=?
[DEBUG] 2020-10-07 23:49:17.979 [main] AbstractEntityPersister -  Identity insert: insert into user (first_name, last_name, user_name, wedding_date) values (?, ?, ?, ?)
[DEBUG] 2020-10-07 23:49:18.012 [main] QuerySpacesImpl - Adding QuerySpace : uid = <gen:0> -> org.hibernate.loader.plan.build.internal.spaces.EntityQuerySpaceImpl@75aea2ba]
[DEBUG] 2020-10-07 23:49:18.017 [main] MetamodelGraphWalker - Visiting attribute path : events
[DEBUG] 2020-10-07 23:49:18.020 [main] QuerySpacesImpl - Adding QuerySpace : uid = <gen:1> -> org.hibernate.loader.plan.build.internal.spaces.CollectionQuerySpaceImpl@6f5d0190]
[DEBUG] 2020-10-07 23:49:18.026 [main] QuerySpacesImpl - Adding QuerySpace : uid = <gen:2> -> org.hibernate.loader.plan.build.internal.spaces.EntityQuerySpaceImpl@7f13811b]
[DEBUG] 2020-10-07 23:49:18.027 [main] MetamodelGraphWalker - Visiting attribute path : events.budget
[DEBUG] 2020-10-07 23:49:18.027 [main] MetamodelGraphWalker - Visiting attribute path : events.location
[DEBUG] 2020-10-07 23:49:18.027 [main] MetamodelGraphWalker - Visiting attribute path : events.user
[DEBUG] 2020-10-07 23:49:18.032 [main] MetamodelGraphWalker - Property path deemed to be circular : events.user
[DEBUG] 2020-10-07 23:49:18.033 [main] MetamodelGraphWalker - Visiting attribute path : firstName
[DEBUG] 2020-10-07 23:49:18.033 [main] MetamodelGraphWalker - Visiting attribute path : lastName
[DEBUG] 2020-10-07 23:49:18.033 [main] MetamodelGraphWalker - Visiting attribute path : userName
[DEBUG] 2020-10-07 23:49:18.033 [main] MetamodelGraphWalker - Visiting attribute path : weddingDate
[DEBUG] 2020-10-07 23:49:18.033 [main] FetchStyleLoadPlanBuildingAssociationVisitationStrategy - Building LoadPlan...
[DEBUG] 2020-10-07 23:49:18.055 [main] LoadQueryJoinAndFetchProcessor - processing queryspace <gen:0>
[DEBUG] 2020-10-07 23:49:18.065 [main] LoadPlanTreePrinter - LoadPlan(entity=edu.matc.entity.User)
    - Returns
       - EntityReturnImpl(entity=edu.matc.entity.User, querySpaceUid=<gen:0>, path=edu.matc.entity.User)
          - CollectionAttributeFetchImpl(collection=edu.matc.entity.User.events, querySpaceUid=<gen:1>, path=edu.matc.entity.User.events)
             - (collection element) CollectionFetchableElementEntityGraph(entity=edu.matc.entity.Event, querySpaceUid=<gen:2>, path=edu.matc.entity.User.events.<elements>)
    - QuerySpaces
       - EntityQuerySpaceImpl(uid=<gen:0>, entity=edu.matc.entity.User)
          - SQL table alias mapping - user0_
          - alias suffix - 0_
          - suffixed key columns - {id1_1_0_}
          - JOIN (JoinDefinedByMetadata(events)) : <gen:0> -> <gen:1>
             - CollectionQuerySpaceImpl(uid=<gen:1>, collection=edu.matc.entity.User.events)
                - SQL table alias mapping - events1_
                - alias suffix - 1_
                - suffixed key columns - {user_id4_0_1_}
                - entity-element alias suffix - 2_
                - 2_entity-element suffixed key columns - id1_0_2_
                - JOIN (JoinDefinedByMetadata(elements)) : <gen:1> -> <gen:2>
                   - EntityQuerySpaceImpl(uid=<gen:2>, entity=edu.matc.entity.Event)
                      - SQL table alias mapping - events1_
                      - alias suffix - 2_
                      - suffixed key columns - {id1_0_2_}

[DEBUG] 2020-10-07 23:49:18.068 [main] EntityLoader - Static select for entity edu.matc.entity.User [NONE]: select user0_.id as id1_1_0_, user0_.first_name as first_na2_1_0_, user0_.last_name as last_nam3_1_0_, user0_.user_name as user_nam4_1_0_, user0_.wedding_date as wedding_5_1_0_, events1_.user_id as user_id4_0_1_, events1_.id as id1_0_1_, events1_.id as id1_0_2_, events1_.budget as budget2_0_2_, events1_.location as location3_0_2_, events1_.user_id as user_id4_0_2_ from user user0_ left outer join events events1_ on user0_.id=events1_.user_id where user0_.id=?
[DEBUG] 2020-10-07 23:49:18.072 [main] QuerySpacesImpl - Adding QuerySpace : uid = <gen:0> -> org.hibernate.loader.plan.build.internal.spaces.EntityQuerySpaceImpl@7126e26]
[DEBUG] 2020-10-07 23:49:18.073 [main] MetamodelGraphWalker - Visiting attribute path : events
[DEBUG] 2020-10-07 23:49:18.073 [main] QuerySpacesImpl - Adding QuerySpace : uid = <gen:1> -> org.hibernate.loader.plan.build.internal.spaces.CollectionQuerySpaceImpl@13ed066e]
[DEBUG] 2020-10-07 23:49:18.073 [main] QuerySpacesImpl - Adding QuerySpace : uid = <gen:2> -> org.hibernate.loader.plan.build.internal.spaces.EntityQuerySpaceImpl@4d705112]
[DEBUG] 2020-10-07 23:49:18.073 [main] MetamodelGraphWalker - Visiting attribute path : events.budget
[DEBUG] 2020-10-07 23:49:18.073 [main] MetamodelGraphWalker - Visiting attribute path : events.location
[DEBUG] 2020-10-07 23:49:18.073 [main] MetamodelGraphWalker - Visiting attribute path : events.user
[DEBUG] 2020-10-07 23:49:18.073 [main] MetamodelGraphWalker - Property path deemed to be circular : events.user
[DEBUG] 2020-10-07 23:49:18.073 [main] MetamodelGraphWalker - Visiting attribute path : firstName
[DEBUG] 2020-10-07 23:49:18.073 [main] MetamodelGraphWalker - Visiting attribute path : lastName
[DEBUG] 2020-10-07 23:49:18.073 [main] MetamodelGraphWalker - Visiting attribute path : userName
[DEBUG] 2020-10-07 23:49:18.074 [main] MetamodelGraphWalker - Visiting attribute path : weddingDate
[DEBUG] 2020-10-07 23:49:18.074 [main] FetchStyleLoadPlanBuildingAssociationVisitationStrategy - Building LoadPlan...
[DEBUG] 2020-10-07 23:49:18.074 [main] LoadQueryJoinAndFetchProcessor - processing queryspace <gen:0>
[DEBUG] 2020-10-07 23:49:18.075 [main] LoadPlanTreePrinter - LoadPlan(entity=edu.matc.entity.User)
    - Returns
       - EntityReturnImpl(entity=edu.matc.entity.User, querySpaceUid=<gen:0>, path=edu.matc.entity.User)
          - CollectionAttributeFetchImpl(collection=edu.matc.entity.User.events, querySpaceUid=<gen:1>, path=edu.matc.entity.User.events)
             - (collection element) CollectionFetchableElementEntityGraph(entity=edu.matc.entity.Event, querySpaceUid=<gen:2>, path=edu.matc.entity.User.events.<elements>)
    - QuerySpaces
       - EntityQuerySpaceImpl(uid=<gen:0>, entity=edu.matc.entity.User)
          - SQL table alias mapping - user0_
          - alias suffix - 0_
          - suffixed key columns - {id1_1_0_}
          - JOIN (JoinDefinedByMetadata(events)) : <gen:0> -> <gen:1>
             - CollectionQuerySpaceImpl(uid=<gen:1>, collection=edu.matc.entity.User.events)
                - SQL table alias mapping - events1_
                - alias suffix - 1_
                - suffixed key columns - {user_id4_0_1_}
                - entity-element alias suffix - 2_
                - 2_entity-element suffixed key columns - id1_0_2_
                - JOIN (JoinDefinedByMetadata(elements)) : <gen:1> -> <gen:2>
                   - EntityQuerySpaceImpl(uid=<gen:2>, entity=edu.matc.entity.Event)
                      - SQL table alias mapping - events1_
                      - alias suffix - 2_
                      - suffixed key columns - {id1_0_2_}

[DEBUG] 2020-10-07 23:49:18.075 [main] EntityLoader - Static select for entity edu.matc.entity.User [READ]: select user0_.id as id1_1_0_, user0_.first_name as first_na2_1_0_, user0_.last_name as last_nam3_1_0_, user0_.user_name as user_nam4_1_0_, user0_.wedding_date as wedding_5_1_0_, events1_.user_id as user_id4_0_1_, events1_.id as id1_0_1_, events1_.id as id1_0_2_, events1_.budget as budget2_0_2_, events1_.location as location3_0_2_, events1_.user_id as user_id4_0_2_ from user user0_ left outer join events events1_ on user0_.id=events1_.user_id where user0_.id=?
[DEBUG] 2020-10-07 23:49:18.093 [main] Loader - Static select for action ACTION_MERGE on entity edu.matc.entity.User: select user0_.id as id1_1_1_, user0_.first_name as first_na2_1_1_, user0_.last_name as last_nam3_1_1_, user0_.user_name as user_nam4_1_1_, user0_.wedding_date as wedding_5_1_1_, events1_.user_id as user_id4_0_3_, events1_.id as id1_0_3_, events1_.id as id1_0_0_, events1_.budget as budget2_0_0_, events1_.location as location3_0_0_, events1_.user_id as user_id4_0_0_ from user user0_ left outer join events events1_ on user0_.id=events1_.user_id where user0_.id=?
[DEBUG] 2020-10-07 23:49:18.093 [main] Loader - Static select for action ACTION_REFRESH on entity edu.matc.entity.User: select user0_.id as id1_1_1_, user0_.first_name as first_na2_1_1_, user0_.last_name as last_nam3_1_1_, user0_.user_name as user_nam4_1_1_, user0_.wedding_date as wedding_5_1_1_, events1_.user_id as user_id4_0_3_, events1_.id as id1_0_3_, events1_.id as id1_0_0_, events1_.budget as budget2_0_0_, events1_.location as location3_0_0_, events1_.user_id as user_id4_0_0_ from user user0_ left outer join events events1_ on user0_.id=events1_.user_id where user0_.id=?
[DEBUG] 2020-10-07 23:49:18.094 [main] AbstractEntityPersister - Static SQL for entity: edu.matc.entity.Event
[DEBUG] 2020-10-07 23:49:18.094 [main] AbstractEntityPersister -  Version select: select id from events where id =?
[DEBUG] 2020-10-07 23:49:18.094 [main] AbstractEntityPersister -  Snapshot select: select event_.id, event_.budget as budget2_0_, event_.location as location3_0_, event_.user_id as user_id4_0_ from events event_ where event_.id=?
[DEBUG] 2020-10-07 23:49:18.094 [main] AbstractEntityPersister -  Insert 0: insert into events (budget, location, user_id, id) values (?, ?, ?, ?)
[DEBUG] 2020-10-07 23:49:18.094 [main] AbstractEntityPersister -  Update 0: update events set budget=?, location=?, user_id=? where id=?
[DEBUG] 2020-10-07 23:49:18.094 [main] AbstractEntityPersister -  Delete 0: delete from events where id=?
[DEBUG] 2020-10-07 23:49:18.094 [main] AbstractEntityPersister -  Identity insert: insert into events (budget, location, user_id) values (?, ?, ?)
[DEBUG] 2020-10-07 23:49:18.094 [main] QuerySpacesImpl - Adding QuerySpace : uid = <gen:0> -> org.hibernate.loader.plan.build.internal.spaces.EntityQuerySpaceImpl@5a08b084]
[DEBUG] 2020-10-07 23:49:18.094 [main] MetamodelGraphWalker - Visiting attribute path : budget
[DEBUG] 2020-10-07 23:49:18.094 [main] MetamodelGraphWalker - Visiting attribute path : location
[DEBUG] 2020-10-07 23:49:18.094 [main] MetamodelGraphWalker - Visiting attribute path : user
[DEBUG] 2020-10-07 23:49:18.094 [main] QuerySpacesImpl - Adding QuerySpace : uid = <gen:1> -> org.hibernate.loader.plan.build.internal.spaces.EntityQuerySpaceImpl@36bed37a]
[DEBUG] 2020-10-07 23:49:18.094 [main] MetamodelGraphWalker - Visiting attribute path : user.events
[DEBUG] 2020-10-07 23:49:18.095 [main] MetamodelGraphWalker - Property path deemed to be circular : user.events
[DEBUG] 2020-10-07 23:49:18.095 [main] MetamodelGraphWalker - Visiting attribute path : user.firstName
[DEBUG] 2020-10-07 23:49:18.095 [main] MetamodelGraphWalker - Visiting attribute path : user.lastName
[DEBUG] 2020-10-07 23:49:18.095 [main] MetamodelGraphWalker - Visiting attribute path : user.userName
[DEBUG] 2020-10-07 23:49:18.095 [main] MetamodelGraphWalker - Visiting attribute path : user.weddingDate
[DEBUG] 2020-10-07 23:49:18.096 [main] FetchStyleLoadPlanBuildingAssociationVisitationStrategy - Building LoadPlan...
[DEBUG] 2020-10-07 23:49:18.096 [main] LoadQueryJoinAndFetchProcessor - processing queryspace <gen:0>
[DEBUG] 2020-10-07 23:49:18.100 [main] LoadPlanTreePrinter - LoadPlan(entity=edu.matc.entity.Event)
    - Returns
       - EntityReturnImpl(entity=edu.matc.entity.Event, querySpaceUid=<gen:0>, path=edu.matc.entity.Event)
          - EntityAttributeFetchImpl(entity=edu.matc.entity.User, querySpaceUid=<gen:1>, path=edu.matc.entity.Event.user)
    - QuerySpaces
       - EntityQuerySpaceImpl(uid=<gen:0>, entity=edu.matc.entity.Event)
          - SQL table alias mapping - event0_
          - alias suffix - 0_
          - suffixed key columns - {id1_0_0_}
          - JOIN (JoinDefinedByMetadata(user)) : <gen:0> -> <gen:1>
             - EntityQuerySpaceImpl(uid=<gen:1>, entity=edu.matc.entity.User)
                - SQL table alias mapping - user1_
                - alias suffix - 1_
                - suffixed key columns - {id1_1_1_}

[DEBUG] 2020-10-07 23:49:18.101 [main] EntityLoader - Static select for entity edu.matc.entity.Event [NONE]: select event0_.id as id1_0_0_, event0_.budget as budget2_0_0_, event0_.location as location3_0_0_, event0_.user_id as user_id4_0_0_, user1_.id as id1_1_1_, user1_.first_name as first_na2_1_1_, user1_.last_name as last_nam3_1_1_, user1_.user_name as user_nam4_1_1_, user1_.wedding_date as wedding_5_1_1_ from events event0_ left outer join user user1_ on event0_.user_id=user1_.id where event0_.id=?
[DEBUG] 2020-10-07 23:49:18.101 [main] QuerySpacesImpl - Adding QuerySpace : uid = <gen:0> -> org.hibernate.loader.plan.build.internal.spaces.EntityQuerySpaceImpl@1b7f06c7]
[DEBUG] 2020-10-07 23:49:18.101 [main] MetamodelGraphWalker - Visiting attribute path : budget
[DEBUG] 2020-10-07 23:49:18.101 [main] MetamodelGraphWalker - Visiting attribute path : location
[DEBUG] 2020-10-07 23:49:18.101 [main] MetamodelGraphWalker - Visiting attribute path : user
[DEBUG] 2020-10-07 23:49:18.101 [main] QuerySpacesImpl - Adding QuerySpace : uid = <gen:1> -> org.hibernate.loader.plan.build.internal.spaces.EntityQuerySpaceImpl@729c8063]
[DEBUG] 2020-10-07 23:49:18.102 [main] MetamodelGraphWalker - Visiting attribute path : user.events
[DEBUG] 2020-10-07 23:49:18.102 [main] MetamodelGraphWalker - Property path deemed to be circular : user.events
[DEBUG] 2020-10-07 23:49:18.102 [main] MetamodelGraphWalker - Visiting attribute path : user.firstName
[DEBUG] 2020-10-07 23:49:18.102 [main] MetamodelGraphWalker - Visiting attribute path : user.lastName
[DEBUG] 2020-10-07 23:49:18.102 [main] MetamodelGraphWalker - Visiting attribute path : user.userName
[DEBUG] 2020-10-07 23:49:18.102 [main] MetamodelGraphWalker - Visiting attribute path : user.weddingDate
[DEBUG] 2020-10-07 23:49:18.102 [main] FetchStyleLoadPlanBuildingAssociationVisitationStrategy - Building LoadPlan...
[DEBUG] 2020-10-07 23:49:18.103 [main] LoadQueryJoinAndFetchProcessor - processing queryspace <gen:0>
[DEBUG] 2020-10-07 23:49:18.104 [main] LoadPlanTreePrinter - LoadPlan(entity=edu.matc.entity.Event)
    - Returns
       - EntityReturnImpl(entity=edu.matc.entity.Event, querySpaceUid=<gen:0>, path=edu.matc.entity.Event)
          - EntityAttributeFetchImpl(entity=edu.matc.entity.User, querySpaceUid=<gen:1>, path=edu.matc.entity.Event.user)
    - QuerySpaces
       - EntityQuerySpaceImpl(uid=<gen:0>, entity=edu.matc.entity.Event)
          - SQL table alias mapping - event0_
          - alias suffix - 0_
          - suffixed key columns - {id1_0_0_}
          - JOIN (JoinDefinedByMetadata(user)) : <gen:0> -> <gen:1>
             - EntityQuerySpaceImpl(uid=<gen:1>, entity=edu.matc.entity.User)
                - SQL table alias mapping - user1_
                - alias suffix - 1_
                - suffixed key columns - {id1_1_1_}

[DEBUG] 2020-10-07 23:49:18.104 [main] EntityLoader - Static select for entity edu.matc.entity.Event [READ]: select event0_.id as id1_0_0_, event0_.budget as budget2_0_0_, event0_.location as location3_0_0_, event0_.user_id as user_id4_0_0_, user1_.id as id1_1_1_, user1_.first_name as first_na2_1_1_, user1_.last_name as last_nam3_1_1_, user1_.user_name as user_nam4_1_1_, user1_.wedding_date as wedding_5_1_1_ from events event0_ left outer join user user1_ on event0_.user_id=user1_.id where event0_.id=?
[DEBUG] 2020-10-07 23:49:18.105 [main] Loader - Static select for action ACTION_MERGE on entity edu.matc.entity.Event: select event0_.id as id1_0_0_, event0_.budget as budget2_0_0_, event0_.location as location3_0_0_, event0_.user_id as user_id4_0_0_ from events event0_ where event0_.id=?
[DEBUG] 2020-10-07 23:49:18.105 [main] Loader - Static select for action ACTION_REFRESH on entity edu.matc.entity.Event: select event0_.id as id1_0_0_, event0_.budget as budget2_0_0_, event0_.location as location3_0_0_, event0_.user_id as user_id4_0_0_ from events event0_ where event0_.id=?
[DEBUG] 2020-10-07 23:49:18.112 [main] QuerySpacesImpl - Adding QuerySpace : uid = <gen:0> -> org.hibernate.loader.plan.build.internal.spaces.CollectionQuerySpaceImpl@3421debd]
[DEBUG] 2020-10-07 23:49:18.112 [main] QuerySpacesImpl - Adding QuerySpace : uid = <gen:1> -> org.hibernate.loader.plan.build.internal.spaces.EntityQuerySpaceImpl@41bfa9e9]
[DEBUG] 2020-10-07 23:49:18.112 [main] MetamodelGraphWalker - Visiting attribute path : budget
[DEBUG] 2020-10-07 23:49:18.112 [main] MetamodelGraphWalker - Visiting attribute path : location
[DEBUG] 2020-10-07 23:49:18.113 [main] MetamodelGraphWalker - Visiting attribute path : user
[DEBUG] 2020-10-07 23:49:18.113 [main] MetamodelGraphWalker - Property path deemed to be circular : user
[DEBUG] 2020-10-07 23:49:18.113 [main] FetchStyleLoadPlanBuildingAssociationVisitationStrategy - Building LoadPlan...
[DEBUG] 2020-10-07 23:49:18.120 [main] LoadQueryJoinAndFetchProcessor - processing queryspace <gen:0>
[DEBUG] 2020-10-07 23:49:18.121 [main] LoadPlanTreePrinter - LoadPlan(collection=edu.matc.entity.User.events)
    - Returns
       - CollectionReturnImpl(collection=edu.matc.entity.User.events, querySpaceUid=<gen:0>, path=[edu.matc.entity.User.events])
          - (collection element) CollectionFetchableElementEntityGraph(entity=edu.matc.entity.Event, querySpaceUid=<gen:1>, path=[edu.matc.entity.User.events].<elements>)
    - QuerySpaces
       - CollectionQuerySpaceImpl(uid=<gen:0>, collection=edu.matc.entity.User.events)
          - SQL table alias mapping - events0_
          - alias suffix - 0_
          - suffixed key columns - {user_id4_0_0_}
          - entity-element alias suffix - 1_
          - 1_entity-element suffixed key columns - id1_0_1_
          - JOIN (JoinDefinedByMetadata(elements)) : <gen:0> -> <gen:1>
             - EntityQuerySpaceImpl(uid=<gen:1>, entity=edu.matc.entity.Event)
                - SQL table alias mapping - events0_
                - alias suffix - 1_
                - suffixed key columns - {id1_0_1_}

[DEBUG] 2020-10-07 23:49:18.121 [main] CollectionLoader - Static select for collection edu.matc.entity.User.events: select events0_.user_id as user_id4_0_0_, events0_.id as id1_0_0_, events0_.id as id1_0_1_, events0_.budget as budget2_0_1_, events0_.location as location3_0_1_, events0_.user_id as user_id4_0_1_ from events events0_ where events0_.user_id=?
[DEBUG] 2020-10-07 23:49:18.164 [main] SchemaManagementToolCoordinator - No actions specified; doing nothing
[DEBUG] 2020-10-07 23:49:18.170 [main] JtaPlatformInitiator - No JtaPlatform was specified, checking resolver
[DEBUG] 2020-10-07 23:49:18.171 [main] JtaPlatformResolverInitiator - No JtaPlatformResolver was specified, using default [org.hibernate.engine.transaction.jta.platform.internal.StandardJtaPlatformResolver]
[DEBUG] 2020-10-07 23:49:18.178 [main] StandardJtaPlatformResolver - Could not resolve JtaPlatform, using default [org.hibernate.engine.transaction.jta.platform.internal.NoJtaPlatform]
[INFO ] 2020-10-07 23:49:18.180 [main] JtaPlatformInitiator - HHH000490: Using JtaPlatform implementation: [org.hibernate.engine.transaction.jta.platform.internal.NoJtaPlatform]
[DEBUG] 2020-10-07 23:49:18.182 [main] NamedQueryRepository - Checking 0 named HQL queries
[DEBUG] 2020-10-07 23:49:18.182 [main] NamedQueryRepository - Checking 0 named SQL queries
[DEBUG] 2020-10-07 23:49:18.183 [main] SessionFactoryRegistry - Initializing SessionFactoryRegistry : org.hibernate.internal.SessionFactoryRegistry@6acffb2d
[DEBUG] 2020-10-07 23:49:18.184 [main] SessionFactoryRegistry - Registering SessionFactory: e83598a4-b1e0-4b0f-948d-e6c7985dad95 (<unnamed>)
[DEBUG] 2020-10-07 23:49:18.184 [main] SessionFactoryRegistry - Not binding SessionFactory to JNDI, no JNDI name configured
[DEBUG] 2020-10-07 23:49:18.416 [main] StatisticsInitiator - Statistics initialized [enabled=false]
[DEBUG] 2020-10-07 23:49:18.432 [main] TransactionImpl - On TransactionImpl creation, JpaCompliance#isJpaTransactionComplianceEnabled == false
[DEBUG] 2020-10-07 23:49:18.432 [main] TransactionImpl - begin
[DEBUG] 2020-10-07 23:49:18.461 [main] ActionQueue - Executing identity-insert immediately
[DEBUG] 2020-10-07 23:49:18.468 [main] SQL - insert into user (first_name, last_name, user_name, wedding_date) values (?, ?, ?, ?)
[DEBUG] 2020-10-07 23:49:18.521 [main] SqlExceptionHelper - could not execute statement [n/a]
java.sql.SQLSyntaxErrorException: Unknown column 'wedding_date' in 'field list'
	at com.mysql.cj.jdbc.exceptions.SQLError.createSQLException(SQLError.java:120) ~[mysql-connector-java-8.0.16.jar:8.0.16]
	at com.mysql.cj.jdbc.exceptions.SQLError.createSQLException(SQLError.java:97) ~[mysql-connector-java-8.0.16.jar:8.0.16]
	at com.mysql.cj.jdbc.exceptions.SQLExceptionsMapping.translateException(SQLExceptionsMapping.java:122) ~[mysql-connector-java-8.0.16.jar:8.0.16]
	at com.mysql.cj.jdbc.ClientPreparedStatement.executeInternal(ClientPreparedStatement.java:955) ~[mysql-connector-java-8.0.16.jar:8.0.16]
	at com.mysql.cj.jdbc.ClientPreparedStatement.executeUpdateInternal(ClientPreparedStatement.java:1094) ~[mysql-connector-java-8.0.16.jar:8.0.16]
	at com.mysql.cj.jdbc.ClientPreparedStatement.executeUpdateInternal(ClientPreparedStatement.java:1042) ~[mysql-connector-java-8.0.16.jar:8.0.16]
	at com.mysql.cj.jdbc.ClientPreparedStatement.executeLargeUpdate(ClientPreparedStatement.java:1345) ~[mysql-connector-java-8.0.16.jar:8.0.16]
	at com.mysql.cj.jdbc.ClientPreparedStatement.executeUpdate(ClientPreparedStatement.java:1027) ~[mysql-connector-java-8.0.16.jar:8.0.16]
	at com.mchange.v2.c3p0.impl.NewProxyPreparedStatement.executeUpdate(NewProxyPreparedStatement.java:410) ~[c3p0-0.9.5.3.jar:0.9.5.3]
	at org.hibernate.engine.jdbc.internal.ResultSetReturnImpl.executeUpdate(ResultSetReturnImpl.java:175) [hibernate-core-5.4.4.Final.jar:5.4.4.Final]
	at org.hibernate.dialect.identity.GetGeneratedKeysDelegate.executeAndExtract(GetGeneratedKeysDelegate.java:57) [hibernate-core-5.4.4.Final.jar:5.4.4.Final]
	at org.hibernate.id.insert.AbstractReturningDelegate.performInsert(AbstractReturningDelegate.java:43) [hibernate-core-5.4.4.Final.jar:5.4.4.Final]
	at org.hibernate.persister.entity.AbstractEntityPersister.insert(AbstractEntityPersister.java:3112) [hibernate-core-5.4.4.Final.jar:5.4.4.Final]
	at org.hibernate.persister.entity.AbstractEntityPersister.insert(AbstractEntityPersister.java:3705) [hibernate-core-5.4.4.Final.jar:5.4.4.Final]
	at org.hibernate.action.internal.EntityIdentityInsertAction.execute(EntityIdentityInsertAction.java:84) [hibernate-core-5.4.4.Final.jar:5.4.4.Final]
	at org.hibernate.engine.spi.ActionQueue.execute(ActionQueue.java:645) [hibernate-core-5.4.4.Final.jar:5.4.4.Final]
	at org.hibernate.engine.spi.ActionQueue.addResolvedEntityInsertAction(ActionQueue.java:282) [hibernate-core-5.4.4.Final.jar:5.4.4.Final]
	at org.hibernate.engine.spi.ActionQueue.addInsertAction(ActionQueue.java:263) [hibernate-core-5.4.4.Final.jar:5.4.4.Final]
	at org.hibernate.engine.spi.ActionQueue.addAction(ActionQueue.java:317) [hibernate-core-5.4.4.Final.jar:5.4.4.Final]
	at org.hibernate.event.internal.AbstractSaveEventListener.addInsertAction(AbstractSaveEventListener.java:335) [hibernate-core-5.4.4.Final.jar:5.4.4.Final]
	at org.hibernate.event.internal.AbstractSaveEventListener.performSaveOrReplicate(AbstractSaveEventListener.java:292) [hibernate-core-5.4.4.Final.jar:5.4.4.Final]
	at org.hibernate.event.internal.AbstractSaveEventListener.performSave(AbstractSaveEventListener.java:198) [hibernate-core-5.4.4.Final.jar:5.4.4.Final]
	at org.hibernate.event.internal.AbstractSaveEventListener.saveWithGeneratedId(AbstractSaveEventListener.java:128) [hibernate-core-5.4.4.Final.jar:5.4.4.Final]
	at org.hibernate.event.internal.DefaultSaveOrUpdateEventListener.saveWithGeneratedOrRequestedId(DefaultSaveOrUpdateEventListener.java:193) [hibernate-core-5.4.4.Final.jar:5.4.4.Final]
	at org.hibernate.event.internal.DefaultSaveEventListener.saveWithGeneratedOrRequestedId(DefaultSaveEventListener.java:38) [hibernate-core-5.4.4.Final.jar:5.4.4.Final]
	at org.hibernate.event.internal.DefaultSaveOrUpdateEventListener.entityIsTransient(DefaultSaveOrUpdateEventListener.java:178) [hibernate-core-5.4.4.Final.jar:5.4.4.Final]
	at org.hibernate.event.internal.DefaultSaveEventListener.performSaveOrUpdate(DefaultSaveEventListener.java:32) [hibernate-core-5.4.4.Final.jar:5.4.4.Final]
	at org.hibernate.event.internal.DefaultSaveOrUpdateEventListener.onSaveOrUpdate(DefaultSaveOrUpdateEventListener.java:75) [hibernate-core-5.4.4.Final.jar:5.4.4.Final]
	at org.hibernate.internal.SessionImpl.fireSave(SessionImpl.java:697) [hibernate-core-5.4.4.Final.jar:5.4.4.Final]
	at org.hibernate.internal.SessionImpl.save(SessionImpl.java:689) [hibernate-core-5.4.4.Final.jar:5.4.4.Final]
	at org.hibernate.internal.SessionImpl.save(SessionImpl.java:684) [hibernate-core-5.4.4.Final.jar:5.4.4.Final]
	at edu.matc.persistence.UserDao.insert(UserDao.java:71) [classes/:?]
	at edu.matc.persistence.UserDaoTest.insertWithEventSuccess(UserDaoTest.java:80) [test-classes/:?]
	at jdk.internal.reflect.NativeMethodAccessorImpl.invoke0(Native Method) ~[?:?]
	at jdk.internal.reflect.NativeMethodAccessorImpl.invoke(NativeMethodAccessorImpl.java:62) ~[?:?]
	at jdk.internal.reflect.DelegatingMethodAccessorImpl.invoke(DelegatingMethodAccessorImpl.java:43) ~[?:?]
	at java.lang.reflect.Method.invoke(Method.java:566) ~[?:?]
	at org.junit.platform.commons.util.ReflectionUtils.invokeMethod(ReflectionUtils.java:389) [junit-platform-commons-1.0.0.jar:1.0.0]
	at org.junit.jupiter.engine.execution.ExecutableInvoker.invoke(ExecutableInvoker.java:115) [junit-jupiter-engine-5.0.0.jar:5.0.0]
	at org.junit.jupiter.engine.descriptor.TestMethodTestDescriptor.lambda$invokeTestMethod$6(TestMethodTestDescriptor.java:167) [junit-jupiter-engine-5.0.0.jar:5.0.0]
	at org.junit.jupiter.engine.execution.ThrowableCollector.execute(ThrowableCollector.java:40) [junit-jupiter-engine-5.0.0.jar:5.0.0]
	at org.junit.jupiter.engine.descriptor.TestMethodTestDescriptor.invokeTestMethod(TestMethodTestDescriptor.java:163) [junit-jupiter-engine-5.0.0.jar:5.0.0]
	at org.junit.jupiter.engine.descriptor.TestMethodTestDescriptor.execute(TestMethodTestDescriptor.java:110) [junit-jupiter-engine-5.0.0.jar:5.0.0]
	at org.junit.jupiter.engine.descriptor.TestMethodTestDescriptor.execute(TestMethodTestDescriptor.java:57) [junit-jupiter-engine-5.0.0.jar:5.0.0]
	at org.junit.platform.engine.support.hierarchical.HierarchicalTestExecutor.lambda$execute$3(HierarchicalTestExecutor.java:83) [junit-platform-engine-1.0.0.jar:1.0.0]
	at org.junit.platform.engine.support.hierarchical.SingleTestExecutor.executeSafely(SingleTestExecutor.java:66) [junit-platform-engine-1.0.0.jar:1.0.0]
	at org.junit.platform.engine.support.hierarchical.HierarchicalTestExecutor.execute(HierarchicalTestExecutor.java:77) [junit-platform-engine-1.0.0.jar:1.0.0]
	at org.junit.platform.engine.support.hierarchical.HierarchicalTestExecutor.lambda$null$2(HierarchicalTestExecutor.java:92) [junit-platform-engine-1.0.0.jar:1.0.0]
	at java.util.stream.ForEachOps$ForEachOp$OfRef.accept(ForEachOps.java:183) [?:?]
	at java.util.stream.ReferencePipeline$2$1.accept(ReferencePipeline.java:177) [?:?]
	at java.util.Iterator.forEachRemaining(Iterator.java:133) [?:?]
	at java.util.Spliterators$IteratorSpliterator.forEachRemaining(Spliterators.java:1801) [?:?]
	at java.util.stream.AbstractPipeline.copyInto(AbstractPipeline.java:484) [?:?]
	at java.util.stream.AbstractPipeline.wrapAndCopyInto(AbstractPipeline.java:474) [?:?]
	at java.util.stream.ForEachOps$ForEachOp.evaluateSequential(ForEachOps.java:150) [?:?]
	at java.util.stream.ForEachOps$ForEachOp$OfRef.evaluateSequential(ForEachOps.java:173) [?:?]
	at java.util.stream.AbstractPipeline.evaluate(AbstractPipeline.java:234) [?:?]
	at java.util.stream.ReferencePipeline.forEach(ReferencePipeline.java:497) [?:?]
	at org.junit.platform.engine.support.hierarchical.HierarchicalTestExecutor.lambda$execute$3(HierarchicalTestExecutor.java:92) [junit-platform-engine-1.0.0.jar:1.0.0]
	at org.junit.platform.engine.support.hierarchical.SingleTestExecutor.executeSafely(SingleTestExecutor.java:66) [junit-platform-engine-1.0.0.jar:1.0.0]
	at org.junit.platform.engine.support.hierarchical.HierarchicalTestExecutor.execute(HierarchicalTestExecutor.java:77) [junit-platform-engine-1.0.0.jar:1.0.0]
	at org.junit.platform.engine.support.hierarchical.HierarchicalTestExecutor.lambda$null$2(HierarchicalTestExecutor.java:92) [junit-platform-engine-1.0.0.jar:1.0.0]
	at java.util.stream.ForEachOps$ForEachOp$OfRef.accept(ForEachOps.java:183) [?:?]
	at java.util.stream.ReferencePipeline$2$1.accept(ReferencePipeline.java:177) [?:?]
	at java.util.Iterator.forEachRemaining(Iterator.java:133) [?:?]
	at java.util.Spliterators$IteratorSpliterator.forEachRemaining(Spliterators.java:1801) [?:?]
	at java.util.stream.AbstractPipeline.copyInto(AbstractPipeline.java:484) [?:?]
	at java.util.stream.AbstractPipeline.wrapAndCopyInto(AbstractPipeline.java:474) [?:?]
	at java.util.stream.ForEachOps$ForEachOp.evaluateSequential(ForEachOps.java:150) [?:?]
	at java.util.stream.ForEachOps$ForEachOp$OfRef.evaluateSequential(ForEachOps.java:173) [?:?]
	at java.util.stream.AbstractPipeline.evaluate(AbstractPipeline.java:234) [?:?]
	at java.util.stream.ReferencePipeline.forEach(ReferencePipeline.java:497) [?:?]
	at org.junit.platform.engine.support.hierarchical.HierarchicalTestExecutor.lambda$execute$3(HierarchicalTestExecutor.java:92) [junit-platform-engine-1.0.0.jar:1.0.0]
	at org.junit.platform.engine.support.hierarchical.SingleTestExecutor.executeSafely(SingleTestExecutor.java:66) [junit-platform-engine-1.0.0.jar:1.0.0]
	at org.junit.platform.engine.support.hierarchical.HierarchicalTestExecutor.execute(HierarchicalTestExecutor.java:77) [junit-platform-engine-1.0.0.jar:1.0.0]
	at org.junit.platform.engine.support.hierarchical.HierarchicalTestExecutor.execute(HierarchicalTestExecutor.java:51) [junit-platform-engine-1.0.0.jar:1.0.0]
	at org.junit.platform.engine.support.hierarchical.HierarchicalTestEngine.execute(HierarchicalTestEngine.java:43) [junit-platform-engine-1.0.0.jar:1.0.0]
	at org.junit.platform.launcher.core.DefaultLauncher.execute(DefaultLauncher.java:170) [junit-platform-launcher-1.0.0.jar:1.0.0]
	at org.junit.platform.launcher.core.DefaultLauncher.execute(DefaultLauncher.java:154) [junit-platform-launcher-1.0.0.jar:1.0.0]
	at org.junit.platform.launcher.core.DefaultLauncher.execute(DefaultLauncher.java:90) [junit-platform-launcher-1.0.0.jar:1.0.0]
	at com.intellij.junit5.JUnit5IdeaTestRunner.startRunnerWithArgs(JUnit5IdeaTestRunner.java:71) [junit5-rt.jar:?]
	at com.intellij.rt.junit.IdeaTestRunner$Repeater.startRunnerWithArgs(IdeaTestRunner.java:33) [junit-rt.jar:?]
	at com.intellij.rt.junit.JUnitStarter.prepareStreamsAndStart(JUnitStarter.java:220) [junit-rt.jar:?]
	at com.intellij.rt.junit.JUnitStarter.main(JUnitStarter.java:53) [junit-rt.jar:?]
[WARN ] 2020-10-07 23:49:18.532 [main] SqlExceptionHelper - SQL Error: 1054, SQLState: 42S22
[ERROR] 2020-10-07 23:49:18.533 [main] SqlExceptionHelper - Unknown column 'wedding_date' in 'field list'
